<?xml version="1.0" encoding="utf-8"?><testsuites name="pytest tests"><testsuite name="pytest" errors="0" failures="0" skipped="1" tests="15" time="0.653" timestamp="2026-01-24T20:49:08.922319+00:00" hostname="agent-env-e7d84d23-15dd-4d0b-ad3d-577b2b752562"><testcase classname="tests.test_iteration25_session_timer.TestPaperStatusEndpoint" name="test_status_endpoint_returns_required_fields_when_stopped" time="0.126" /><testcase classname="tests.test_iteration25_session_timer.TestPaperStatusEndpoint" name="test_status_endpoint_structure" time="0.036" /><testcase classname="tests.test_iteration25_session_timer.TestPaperSessionsEndpoint" name="test_sessions_endpoint_returns_list" time="0.059" /><testcase classname="tests.test_iteration25_session_timer.TestPaperSessionsEndpoint" name="test_sessions_with_trades_have_duration" time="0.088" /><testcase classname="tests.test_iteration25_session_timer.TestSpecificSessionDurations" name="test_session_61302050_duration" time="0.044" /><testcase classname="tests.test_iteration25_session_timer.TestSpecificSessionDurations" name="test_session_ed880fd0_duration" time="0.052" /><testcase classname="tests.test_iteration25_session_timer.TestSpecificSessionDurations" name="test_session_61302050_has_start_and_end_time" time="0.042" /><testcase classname="tests.test_iteration25_session_timer.TestFormatDurationLogic" name="test_format_zero_seconds" time="0.000" /><testcase classname="tests.test_iteration25_session_timer.TestFormatDurationLogic" name="test_format_negative_seconds" time="0.000" /><testcase classname="tests.test_iteration25_session_timer.TestFormatDurationLogic" name="test_format_seconds_only" time="0.000" /><testcase classname="tests.test_iteration25_session_timer.TestFormatDurationLogic" name="test_format_minutes_and_seconds" time="0.000" /><testcase classname="tests.test_iteration25_session_timer.TestFormatDurationLogic" name="test_format_hours_minutes_seconds" time="0.000" /><testcase classname="tests.test_iteration25_session_timer.TestLiveSessionTimer" name="test_start_session_returns_start_time" time="0.000"><skipped type="pytest.skip" message="Live session test can hang - verified manually via UI">/app/backend/tests/test_iteration25_session_timer.py:178: Live session test can hang - verified manually via UI</skipped></testcase><testcase classname="tests.test_iteration25_session_timer.TestSessionsListDurationDisplay" name="test_sessions_list_includes_duration_for_completed_sessions" time="0.062" /><testcase classname="tests.test_iteration25_session_timer.TestSessionsListDurationDisplay" name="test_specific_sessions_in_list" time="0.056" /></testsuite></testsuites>