<?xml version="1.0" encoding="utf-8"?><testsuites name="pytest tests"><testsuite name="pytest" errors="0" failures="0" skipped="0" tests="20" time="58.497" timestamp="2026-02-14T15:57:29.300554+00:00" hostname="agent-env-159bd969-f39d-42b0-983d-f1e382dc8b59"><testcase classname="backend.tests.test_markets_first_phase1.TestHealthEndpoints" name="test_main_health_endpoint" time="0.234" /><testcase classname="backend.tests.test_markets_first_phase1.TestHealthEndpoints" name="test_scanner_health_endpoint" time="0.775" /><testcase classname="backend.tests.test_markets_first_phase1.TestMarketsFirstStatus" name="test_markets_first_status_endpoint" time="0.178" /><testcase classname="backend.tests.test_markets_first_phase1.TestCachedMarkets" name="test_cached_markets_endpoint" time="0.159" /><testcase classname="backend.tests.test_markets_first_phase1.TestCachedMarkets" name="test_cached_markets_with_limit" time="0.137" /><testcase classname="backend.tests.test_markets_first_phase1.TestNewsWebhook" name="test_news_webhook_basic" time="16.094" /><testcase classname="backend.tests.test_markets_first_phase1.TestNewsWebhook" name="test_news_webhook_breaking_news" time="0.183" /><testcase classname="backend.tests.test_markets_first_phase1.TestNewsWebhook" name="test_news_webhook_empty_headline" time="9.030" /><testcase classname="backend.tests.test_markets_first_phase1.TestSignalsEndpoint" name="test_signals_endpoint" time="0.226" /><testcase classname="backend.tests.test_markets_first_phase1.TestSignalsEndpoint" name="test_signals_with_limit" time="0.116" /><testcase classname="backend.tests.test_markets_first_phase1.TestOpportunitiesEndpoint" name="test_opportunities_endpoint" time="0.119" /><testcase classname="backend.tests.test_markets_first_phase1.TestOpportunitiesEndpoint" name="test_opportunities_with_limit" time="0.162" /><testcase classname="backend.tests.test_markets_first_phase1.TestExistingSystemIntegrity" name="test_system_status_includes_paper_trading" time="0.148" /><testcase classname="backend.tests.test_markets_first_phase1.TestExistingSystemIntegrity" name="test_analytics_endpoint" time="3.025" /><testcase classname="backend.tests.test_markets_first_phase1.TestExistingSystemIntegrity" name="test_status_endpoint" time="0.144" /><testcase classname="backend.tests.test_markets_first_phase1.TestExistingSystemIntegrity" name="test_markets_endpoint" time="0.259" /><testcase classname="backend.tests.test_markets_first_phase1.TestDualPathIntegration" name="test_news_creates_opportunities" time="13.230" /><testcase classname="backend.tests.test_markets_first_phase1.TestDualPathIntegration" name="test_semantic_search_relevance" time="11.808" /><testcase classname="backend.tests.test_markets_first_phase1.TestScannerContinuousScan" name="test_scanner_caches_markets" time="2.216" /><testcase classname="backend.tests.test_markets_first_phase1.TestMongoDBCollections" name="test_mongodb_collections_exist" time="0.160" /></testsuite></testsuites>