<?xml version="1.0" encoding="utf-8"?><testsuites name="pytest tests"><testsuite name="pytest" errors="0" failures="0" skipped="0" tests="12" time="0.760" timestamp="2026-01-16T22:52:00.153211+00:00" hostname="agent-env-350ee570-cd3b-4b52-836f-43bf15ed60cc"><testcase classname="tests.test_iteration19_features.TestConfigEndpoint" name="test_config_returns_volatility_threshold_0_06" time="0.063" /><testcase classname="tests.test_iteration19_features.TestConfigEndpoint" name="test_config_returns_delta_neutral_price_range" time="0.036" /><testcase classname="tests.test_iteration19_features.TestConfigEndpoint" name="test_config_returns_all_strategy_thresholds" time="0.035" /><testcase classname="tests.test_iteration19_features.TestPaperStatusEndpoint" name="test_paper_status_returns_asset_class_equity_field" time="0.036" /><testcase classname="tests.test_iteration19_features.TestPaperStatusEndpoint" name="test_paper_status_returns_strategy_results" time="0.036" /><testcase classname="tests.test_iteration19_features.TestHealthEndpoint" name="test_health_check" time="0.072" /><testcase classname="tests.test_iteration19_features.TestPaperTradingStartStop" name="test_paper_trading_start" time="0.080" /><testcase classname="tests.test_iteration19_features.TestPaperTradingStartStop" name="test_paper_status_after_start" time="0.066" /><testcase classname="tests.test_iteration19_features.TestPaperTradingStartStop" name="test_paper_trading_stop" time="0.273" /><testcase classname="tests.test_iteration19_features.TestGeometricMeanCalculation" name="test_adaptive_position_sizer_code_review" time="0.000" /><testcase classname="tests.test_iteration19_features.TestGeometricMeanCalculation" name="test_paper_trader_volatility_threshold_default" time="0.000" /><testcase classname="tests.test_iteration19_features.TestAssetClassEquityInitialization" name="test_asset_class_equity_initialized_at_zero" time="0.000" /></testsuite></testsuites>