<?xml version="1.0" encoding="utf-8"?><testsuites name="pytest tests"><testsuite name="pytest" errors="0" failures="0" skipped="0" tests="16" time="34.073" timestamp="2026-01-24T20:01:18.463831+00:00" hostname="agent-env-e7d84d23-15dd-4d0b-ad3d-577b2b752562"><testcase classname="backend.tests.test_iteration24_comprehensive.TestRLEndpointConsistency" name="test_rl_stats_returns_buffer_size" time="29.393" /><testcase classname="backend.tests.test_iteration24_comprehensive.TestRLEndpointConsistency" name="test_rl_detailed_stats_returns_buffer_size" time="0.118" /><testcase classname="backend.tests.test_iteration24_comprehensive.TestRLEndpointConsistency" name="test_rl_stats_and_detailed_stats_match" time="0.090" /><testcase classname="backend.tests.test_iteration24_comprehensive.TestRLEndpointConsistency" name="test_rl_load_historical_populates_buffer" time="0.375" /><testcase classname="backend.tests.test_iteration24_comprehensive.TestRLEndpointConsistency" name="test_rl_train_works_with_populated_buffer" time="0.528" /><testcase classname="backend.tests.test_iteration24_comprehensive.TestRLEndpointConsistency" name="test_rl_save_and_load_preserve_state" time="0.193" /><testcase classname="backend.tests.test_iteration24_comprehensive.TestPaperTradingSessions" name="test_sessions_endpoint_returns_recovered_sessions" time="0.040" /><testcase classname="backend.tests.test_iteration24_comprehensive.TestPaperTradingSessions" name="test_session_trades_returns_all_fields" time="0.043" /><testcase classname="backend.tests.test_iteration24_comprehensive.TestPaperTradingSessions" name="test_pnl_and_pnl_pct_signs_match" time="0.041" /><testcase classname="backend.tests.test_iteration24_comprehensive.TestPaperTradingSessions" name="test_all_session_61302050_trades_positive_return" time="0.070" /><testcase classname="backend.tests.test_iteration24_comprehensive.TestPositionsAPI" name="test_positions_endpoint_structure" time="0.043" /><testcase classname="backend.tests.test_iteration24_comprehensive.TestPositionsAPI" name="test_status_endpoint_returns_positions" time="0.041" /><testcase classname="backend.tests.test_iteration24_comprehensive.TestPaperTradingLifecycle" name="test_paper_trading_status" time="0.040" /><testcase classname="backend.tests.test_iteration24_comprehensive.TestPaperTradingLifecycle" name="test_paper_trading_start_stop_cycle" time="2.629" /><testcase classname="backend.tests.test_iteration24_comprehensive.TestShutdownHandler" name="test_health_endpoint" time="0.042" /><testcase classname="backend.tests.test_iteration24_comprehensive.TestRLLearningPanel" name="test_experience_buffer_count_matches_api" time="0.300" /></testsuite></testsuites>