<?xml version="1.0" encoding="utf-8"?><testsuites name="pytest tests"><testsuite name="pytest" errors="0" failures="0" skipped="0" tests="74" time="1.378" timestamp="2026-02-14T18:54:23.584904+00:00" hostname="agent-env-159bd969-f39d-42b0-983d-f1e382dc8b59"><testcase classname="tests.test_news_sniper_mongodb.TestNewsSniperFileExists" name="test_news_sniper_mongodb_file_exists" time="0.001" /><testcase classname="tests.test_news_sniper_mongodb.TestNewsSniperFileExists" name="test_news_lane_init_file_exists" time="0.000" /><testcase classname="tests.test_news_sniper_mongodb.TestNewsSniperClass" name="test_news_sniper_class_exists" time="0.001" /><testcase classname="tests.test_news_sniper_mongodb.TestNewsSniperClass" name="test_news_sniper_has_start_news_loop" time="0.001" /><testcase classname="tests.test_news_sniper_mongodb.TestNewsSniperClass" name="test_news_sniper_has_stop" time="0.001" /><testcase classname="tests.test_news_sniper_mongodb.TestNewsSniperClass" name="test_news_sniper_has_get_stats" time="0.001" /><testcase classname="tests.test_news_sniper_mongodb.TestNewsSniperClass" name="test_news_sniper_has_read_fresh_signals" time="0.001" /><testcase classname="tests.test_news_sniper_mongodb.TestNewsSniperClass" name="test_news_sniper_has_conviction_to_kelly" time="0.001" /><testcase classname="tests.test_news_sniper_mongodb.TestNewsSniperKellyTiers" name="test_kelly_tiers_exists" time="0.001" /><testcase classname="tests.test_news_sniper_mongodb.TestNewsSniperKellyTiers" name="test_kelly_tier_conviction_10_plus" time="0.001" /><testcase classname="tests.test_news_sniper_mongodb.TestNewsSniperKellyTiers" name="test_kelly_tier_conviction_8_10" time="0.001" /><testcase classname="tests.test_news_sniper_mongodb.TestNewsSniperKellyTiers" name="test_kelly_tier_conviction_6_8" time="0.001" /><testcase classname="tests.test_news_sniper_mongodb.TestNewsSniperKellyTiers" name="test_kelly_tier_conviction_3_6" time="0.001" /><testcase classname="tests.test_news_sniper_mongodb.TestNewsSniperKellyTiers" name="test_kelly_tier_conviction_1_3" time="0.001" /><testcase classname="tests.test_news_sniper_mongodb.TestNewsSniperKellyTiers" name="test_kelly_tier_conviction_below_1" time="0.001" /><testcase classname="tests.test_news_sniper_mongodb.TestConvictionEnhancerClass" name="test_conviction_enhancer_class_exists" time="0.001" /><testcase classname="tests.test_news_sniper_mongodb.TestConvictionEnhancerClass" name="test_conviction_enhancer_has_calculate_conviction" time="0.001" /><testcase classname="tests.test_news_sniper_mongodb.TestConvictionEnhancerSourceMultipliers" name="test_source_multipliers_exists" time="0.001" /><testcase classname="tests.test_news_sniper_mongodb.TestConvictionEnhancerSourceMultipliers" name="test_reuters_multiplier" time="0.001" /><testcase classname="tests.test_news_sniper_mongodb.TestConvictionEnhancerSourceMultipliers" name="test_whale_alert_multiplier" time="0.001" /><testcase classname="tests.test_news_sniper_mongodb.TestConvictionEnhancerSourceMultipliers" name="test_twitter_multiplier" time="0.001" /><testcase classname="tests.test_news_sniper_mongodb.TestConvictionEnhancerRegimeMultipliers" name="test_regime_multipliers_exists" time="0.001" /><testcase classname="tests.test_news_sniper_mongodb.TestConvictionEnhancerRegimeMultipliers" name="test_crisis_multiplier" time="0.001" /><testcase classname="tests.test_news_sniper_mongodb.TestConvictionEnhancerRegimeMultipliers" name="test_volatile_multiplier" time="0.001" /><testcase classname="tests.test_news_sniper_mongodb.TestConvictionEnhancerRegimeMultipliers" name="test_normal_multiplier" time="0.001" /><testcase classname="tests.test_news_sniper_mongodb.TestConvictionEnhancerRegimeMultipliers" name="test_quiet_multiplier" time="0.001" /><testcase classname="tests.test_news_sniper_mongodb.TestMarketRegimeEnum" name="test_market_regime_enum_exists" time="0.001" /><testcase classname="tests.test_news_sniper_mongodb.TestMarketRegimeEnum" name="test_market_regime_has_crisis" time="0.001" /><testcase classname="tests.test_news_sniper_mongodb.TestMarketRegimeEnum" name="test_market_regime_has_volatile" time="0.001" /><testcase classname="tests.test_news_sniper_mongodb.TestMarketRegimeEnum" name="test_market_regime_has_normal" time="0.001" /><testcase classname="tests.test_news_sniper_mongodb.TestMarketRegimeEnum" name="test_market_regime_has_quiet" time="0.001" /><testcase classname="tests.test_news_sniper_mongodb.TestNewsImpactLevelEnum" name="test_news_impact_level_enum_exists" time="0.001" /><testcase classname="tests.test_news_sniper_mongodb.TestNewsImpactLevelEnum" name="test_news_impact_level_has_extreme" time="0.001" /><testcase classname="tests.test_news_sniper_mongodb.TestNewsImpactLevelEnum" name="test_news_impact_level_has_high" time="0.001" /><testcase classname="tests.test_news_sniper_mongodb.TestNewsImpactLevelEnum" name="test_news_impact_level_has_moderate" time="0.001" /><testcase classname="tests.test_news_sniper_mongodb.TestNewsImpactLevelEnum" name="test_news_impact_level_has_low" time="0.001" /><testcase classname="tests.test_news_sniper_mongodb.TestNewsImpactLevelEnum" name="test_news_impact_level_has_skip" time="0.001" /><testcase classname="tests.test_news_sniper_mongodb.TestPaperTraderImports" name="test_paper_trader_imports_news_sniper" time="0.002" /><testcase classname="tests.test_news_sniper_mongodb.TestPaperTraderImports" name="test_paper_trader_imports_init_news_sniper" time="0.001" /><testcase classname="tests.test_news_sniper_mongodb.TestPaperTraderImports" name="test_paper_trader_imports_get_news_sniper" time="0.002" /><testcase classname="tests.test_news_sniper_mongodb.TestPaperTraderImports" name="test_paper_trader_imports_conviction_enhancer" time="0.002" /><testcase classname="tests.test_news_sniper_mongodb.TestPaperTraderImports" name="test_paper_trader_imports_news_impact_level" time="0.002" /><testcase classname="tests.test_news_sniper_mongodb.TestPaperTraderImports" name="test_paper_trader_imports_market_regime" time="0.003" /><testcase classname="tests.test_news_sniper_mongodb.TestPaperTraderNewsSniperLoop" name="test_run_news_sniper_loop_method_exists" time="0.002" /><testcase classname="tests.test_news_sniper_mongodb.TestPaperTraderNewsSniperLoop" name="test_run_news_sniper_loop_in_asyncio_gather" time="0.002" /><testcase classname="tests.test_news_sniper_mongodb.TestNewsSniperStatusEndpoint" name="test_news_sniper_status_endpoint_returns_200" time="0.157" /><testcase classname="tests.test_news_sniper_mongodb.TestNewsSniperStatusEndpoint" name="test_news_sniper_status_returns_not_initialized_when_stopped" time="0.118" /><testcase classname="tests.test_news_sniper_mongodb.TestNewsSniperStatusEndpoint" name="test_news_sniper_status_has_message" time="0.117" /><testcase classname="tests.test_news_sniper_mongodb.TestNewsSniperStatusEndpoint" name="test_news_sniper_status_has_timestamp" time="0.162" /><testcase classname="tests.test_news_sniper_mongodb.TestModuleExports" name="test_init_exports_news_sniper" time="0.000" /><testcase classname="tests.test_news_sniper_mongodb.TestModuleExports" name="test_init_exports_conviction_enhancer" time="0.000" /><testcase classname="tests.test_news_sniper_mongodb.TestModuleExports" name="test_init_exports_news_impact_level" time="0.000" /><testcase classname="tests.test_news_sniper_mongodb.TestModuleExports" name="test_init_exports_market_regime" time="0.000" /><testcase classname="tests.test_news_sniper_mongodb.TestModuleExports" name="test_init_exports_init_news_sniper" time="0.000" /><testcase classname="tests.test_news_sniper_mongodb.TestModuleExports" name="test_init_exports_get_news_sniper" time="0.000" /><testcase classname="tests.test_news_sniper_mongodb.TestMarketsFirstSystemOperational" name="test_health_endpoint" time="0.106" /><testcase classname="tests.test_news_sniper_mongodb.TestMarketsFirstSystemOperational" name="test_paper_status_endpoint" time="0.169" /><testcase classname="tests.test_news_sniper_mongodb.TestHFTV2StillOperational" name="test_hft_v2_status_endpoint" time="0.266" /><testcase classname="tests.test_news_sniper_mongodb.TestHFTV2StillOperational" name="test_hft_v2_status_returns_not_initialized_when_stopped" time="0.125" /><testcase classname="tests.test_news_sniper_mongodb.TestConvictionToKellyLogic" name="test_conviction_15_returns_50_pct" time="0.001" /><testcase classname="tests.test_news_sniper_mongodb.TestConvictionToKellyLogic" name="test_conviction_10_returns_50_pct" time="0.001" /><testcase classname="tests.test_news_sniper_mongodb.TestConvictionToKellyLogic" name="test_conviction_9_returns_40_pct" time="0.001" /><testcase classname="tests.test_news_sniper_mongodb.TestConvictionToKellyLogic" name="test_conviction_8_returns_40_pct" time="0.001" /><testcase classname="tests.test_news_sniper_mongodb.TestConvictionToKellyLogic" name="test_conviction_7_returns_30_pct" time="0.001" /><testcase classname="tests.test_news_sniper_mongodb.TestConvictionToKellyLogic" name="test_conviction_6_returns_30_pct" time="0.001" /><testcase classname="tests.test_news_sniper_mongodb.TestConvictionToKellyLogic" name="test_conviction_5_returns_15_pct" time="0.001" /><testcase classname="tests.test_news_sniper_mongodb.TestConvictionToKellyLogic" name="test_conviction_3_returns_15_pct" time="0.001" /><testcase classname="tests.test_news_sniper_mongodb.TestConvictionToKellyLogic" name="test_conviction_2_returns_5_pct" time="0.001" /><testcase classname="tests.test_news_sniper_mongodb.TestConvictionToKellyLogic" name="test_conviction_1_returns_5_pct" time="0.000" /><testcase classname="tests.test_news_sniper_mongodb.TestConvictionToKellyLogic" name="test_conviction_0_5_returns_0_pct" time="0.001" /><testcase classname="tests.test_news_sniper_mongodb.TestConvictionToKellyLogic" name="test_conviction_0_returns_0_pct" time="0.001" /><testcase classname="tests.test_news_sniper_mongodb.TestReadFreshSignalsMethod" name="test_read_fresh_signals_queries_signals_collection" time="0.000" /><testcase classname="tests.test_news_sniper_mongodb.TestReadFreshSignalsMethod" name="test_read_fresh_signals_filters_path_a" time="0.000" /><testcase classname="tests.test_news_sniper_mongodb.TestReadFreshSignalsMethod" name="test_read_fresh_signals_excludes_id" time="0.000" /></testsuite></testsuites>