<?xml version="1.0" encoding="utf-8"?><testsuites name="pytest tests"><testsuite name="pytest" errors="0" failures="0" skipped="0" tests="48" time="0.917" timestamp="2026-01-27T15:13:51.566228+00:00" hostname="agent-env-1845aae3-39d6-462e-899e-8859451c6bc8"><testcase classname="tests.test_exits.TestExitEngineBasics" name="test_engine_initialization" time="0.001" /><testcase classname="tests.test_exits.TestExitEngineBasics" name="test_stats_tracking" time="0.000" /><testcase classname="tests.test_exits.TestExitEngineBasics" name="test_get_stats" time="0.000" /><testcase classname="tests.test_exits.TestFreeRideState" name="test_free_ride_hold" time="0.000" /><testcase classname="tests.test_exits.TestFreeRideState" name="test_free_ride_floor" time="0.000" /><testcase classname="tests.test_exits.TestFreeRideState" name="test_free_ride_ceiling" time="0.000" /><testcase classname="tests.test_exits.TestGlobalSafety" name="test_wick_protection" time="0.000" /><testcase classname="tests.test_exits.TestGlobalSafety" name="test_expiry_guard_losing_trade" time="0.000" /><testcase classname="tests.test_exits.TestGlobalSafety" name="test_expiry_guard_winning_trade" time="0.000" /><testcase classname="tests.test_exits.TestWhaleZone" name="test_whale_zone_detection" time="0.000" /><testcase classname="tests.test_exits.TestWhaleZone" name="test_whale_stop_loss" time="0.000" /><testcase classname="tests.test_exits.TestWhaleZone" name="test_whale_free_roll_2x" time="0.000" /><testcase classname="tests.test_exits.TestWhaleZone" name="test_whale_moonbag_5x" time="0.000" /><testcase classname="tests.test_exits.TestWhaleZone" name="test_whale_hold_within_bounds" time="0.000" /><testcase classname="tests.test_exits.TestMechanicalStrategies" name="test_arbitrage_take_profit" time="0.000" /><testcase classname="tests.test_exits.TestMechanicalStrategies" name="test_arbitrage_stop_loss" time="0.000" /><testcase classname="tests.test_exits.TestMechanicalStrategies" name="test_arbitrage_time_decay" time="0.000" /><testcase classname="tests.test_exits.TestMechanicalStrategies" name="test_delta_neutral_hold" time="0.000" /><testcase classname="tests.test_exits.TestAlphaStrategiesAssetModifiers" name="test_sports_volatility_wide_stop_hold" time="0.000" /><testcase classname="tests.test_exits.TestAlphaStrategiesAssetModifiers" name="test_politics_tightness_stop_triggered" time="0.000" /><testcase classname="tests.test_exits.TestAlphaStrategiesAssetModifiers" name="test_free_roll_trigger" time="0.000" /><testcase classname="tests.test_exits.TestAlphaStrategiesAssetModifiers" name="test_dust_check_full_close" time="0.000" /><testcase classname="tests.test_exits.TestAlphaStrategiesAssetModifiers" name="test_dust_check_very_small_position" time="0.000" /><testcase classname="tests.test_exits.TestAlphaStrategiesAssetModifiers" name="test_crypto_wide_stop" time="0.000" /><testcase classname="tests.test_exits.TestAlphaStrategiesAssetModifiers" name="test_science_tight_stop" time="0.000" /><testcase classname="tests.test_exits.TestAlphaStrategiesAssetModifiers" name="test_thesis_fail_politics" time="0.000" /><testcase classname="tests.test_exits.TestAlphaStrategiesAssetModifiers" name="test_no_thesis_fail_sports" time="0.000" /><testcase classname="tests.test_exits.TestTrailingStop" name="test_trailing_stop_triggered" time="0.000" /><testcase classname="tests.test_exits.TestTrailingStop" name="test_no_trailing_stop_sports" time="0.000" /><testcase classname="tests.test_exits.TestZombieDetection" name="test_zombie_exit_politics" time="0.000" /><testcase classname="tests.test_exits.TestZombieDetection" name="test_no_zombie_exit_sports" time="0.000" /><testcase classname="tests.test_exits.TestExitDecisionSerialization" name="test_to_dict" time="0.000" /><testcase classname="tests.test_exit_engine_api.TestExitEngineConfigGet" name="test_get_exit_engine_config_success" time="0.064" /><testcase classname="tests.test_exit_engine_api.TestExitEngineConfigGet" name="test_get_exit_engine_config_global_settings" time="0.035" /><testcase classname="tests.test_exit_engine_api.TestExitEngineConfigGet" name="test_get_exit_engine_config_whale_zone" time="0.041" /><testcase classname="tests.test_exit_engine_api.TestExitEngineConfigGet" name="test_get_exit_engine_config_strategies" time="0.041" /><testcase classname="tests.test_exit_engine_api.TestExitEngineConfigGet" name="test_get_exit_engine_config_alpha_modifiers" time="0.038" /><testcase classname="tests.test_exit_engine_api.TestExitEngineConfigUpdate" name="test_update_exit_engine_config_success" time="0.034" /><testcase classname="tests.test_exit_engine_api.TestExitEngineConfigUpdate" name="test_update_exit_engine_config_persists" time="0.107" /><testcase classname="tests.test_exit_engine_api.TestExitEngineConfigUpdate" name="test_update_whale_zone_config" time="0.111" /><testcase classname="tests.test_exit_engine_api.TestExitEngineConfigReset" name="test_reset_exit_engine_config_success" time="0.040" /><testcase classname="tests.test_exit_engine_api.TestExitEngineConfigReset" name="test_reset_restores_default_values" time="0.116" /><testcase classname="tests.test_exit_engine_api.TestExitEngineStats" name="test_get_exit_engine_stats_success" time="0.033" /><testcase classname="tests.test_exit_engine_api.TestExitEngineStats" name="test_get_exit_engine_stats_structure" time="0.032" /><testcase classname="tests.test_exit_engine_api.TestExitEngineBusinessLogic" name="test_sports_volatility_modifier" time="0.034" /><testcase classname="tests.test_exit_engine_api.TestExitEngineBusinessLogic" name="test_politics_tightness_modifier" time="0.039" /><testcase classname="tests.test_exit_engine_api.TestExitEngineBusinessLogic" name="test_free_roll_profit_trigger" time="0.035" /><testcase classname="tests.test_exit_engine_api.TestExitEngineBusinessLogic" name="test_whale_zone_uses_multiples" time="0.038" /></testsuite></testsuites>