<?xml version="1.0" encoding="utf-8"?><testsuites name="pytest tests"><testsuite name="pytest" errors="0" failures="4" skipped="1" tests="76" time="10.994" timestamp="2026-01-14T14:42:03.939181+00:00" hostname="agent-env-e48f8157-08e4-4d3b-a265-941fa9bb3d1d"><testcase classname="tests.test_ai_signals_websocket.TestHealthEndpoint" name="test_health_returns_healthy" time="0.075" /><testcase classname="tests.test_ai_signals_websocket.TestAISignalsInBacktest" name="test_backtest_results_contain_ai_signals_stats" time="0.043" /><testcase classname="tests.test_ai_signals_websocket.TestAISignalsInBacktest" name="test_ai_signals_stats_have_valid_values" time="0.039" /><testcase classname="tests.test_ai_signals_websocket.TestAISignalsInBacktest" name="test_ai_signals_stats_include_whale_direction_counts" time="0.048" /><testcase classname="tests.test_ai_signals_websocket.TestSentimentAnalyzerEndpoint" name="test_sentiment_analyze_endpoint" time="0.047" /><testcase classname="tests.test_ai_signals_websocket.TestSentimentAnalyzerEndpoint" name="test_trending_topics_endpoint" time="0.178" /><testcase classname="tests.test_ai_signals_websocket.TestWhaleTrackerEndpoint" name="test_whale_detect_endpoint" time="0.110" /><testcase classname="tests.test_ai_signals_websocket.TestWhaleTrackerEndpoint" name="test_whale_statistics_endpoint" time="0.043" /><testcase classname="tests.test_ai_signals_websocket.TestWebSocketEndpoint" name="test_websocket_endpoint_exists" time="0.078" /><testcase classname="tests.test_ai_signals_websocket.TestWebSocketEndpoint" name="test_websocket_connection_local" time="0.008"><skipped type="pytest.skip" message="WebSocket not accessible (expected through proxy): BaseEventLoop.create_connection() got an unexpected keyword argument 'timeout'">/app/tests/test_ai_signals_websocket.py:202: WebSocket not accessible (expected through proxy): BaseEventLoop.create_connection() got an unexpected keyword argument 'timeout'</skipped></testcase><testcase classname="tests.test_ai_signals_websocket.TestBacktestWithAISignals" name="test_backtest_start_endpoint" time="0.040" /><testcase classname="tests.test_ai_signals_websocket.TestBacktestWithAISignals" name="test_backtest_results_structure" time="0.039" /><testcase classname="tests.test_ai_signals_websocket.TestBacktestWithAISignals" name="test_strategy_results_present" time="0.041" /><testcase classname="tests.test_ai_signals_websocket.TestDocumentation" name="test_api_reference_exists" time="0.000" /><testcase classname="tests.test_ai_signals_websocket.TestDocumentation" name="test_architecture_doc_exists" time="0.001" /><testcase classname="tests.test_ai_signals_websocket.TestDocumentation" name="test_operations_doc_exists" time="0.000" /><testcase classname="tests.test_apex_trader_api.TestHealthAndStatus" name="test_root_endpoint" time="0.037" /><testcase classname="tests.test_apex_trader_api.TestHealthAndStatus" name="test_status_endpoint" time="0.036" /><testcase classname="tests.test_apex_trader_api.TestTradeStats" name="test_trade_stats_endpoint" time="0.042" /><testcase classname="tests.test_apex_trader_api.TestTradeStats" name="test_trade_stats_values_non_negative" time="0.044" /><testcase classname="tests.test_apex_trader_api.TestPerformance" name="test_performance_endpoint" time="0.082" /><testcase classname="tests.test_apex_trader_api.TestPositionsAndTrades" name="test_positions_endpoint" time="0.052" /><testcase classname="tests.test_apex_trader_api.TestPositionsAndTrades" name="test_trades_endpoint" time="0.046" /><testcase classname="tests.test_apex_trader_api.TestPositionsAndTrades" name="test_trades_limit_parameter" time="0.040" /><testcase classname="tests.test_apex_trader_api.TestBotControl" name="test_bot_stop_when_not_running" time="0.037" /><testcase classname="tests.test_apex_trader_api.TestBotControl" name="test_backtest_stop_when_not_running" time="0.037" /><testcase classname="tests.test_apex_trader_api.TestMarkets" name="test_markets_endpoint" time="0.697" /><testcase classname="tests.test_apex_trader_api.TestAnalytics" name="test_analytics_endpoint" time="0.053" /><testcase classname="tests.test_backtest_history_compare.TestBacktestHistory" name="test_get_backtest_history_returns_list" time="0.054" /><testcase classname="tests.test_backtest_history_compare.TestBacktestHistory" name="test_backtest_history_has_required_fields" time="0.056" /><testcase classname="tests.test_backtest_history_compare.TestBacktestHistory" name="test_backtest_history_limit_parameter" time="0.039" /><testcase classname="tests.test_backtest_history_compare.TestBacktestCompare" name="test_compare_backtests_returns_comparison_data" time="0.087" /><testcase classname="tests.test_backtest_history_compare.TestBacktestCompare" name="test_compare_returns_quality_score" time="0.082"><failure message="AssertionError: assert 'strategy_quality_score' in {}">tests/test_backtest_history_compare.py:94: in test_compare_returns_quality_score
    assert "strategy_quality_score" in edu
E   AssertionError: assert 'strategy_quality_score' in {}</failure></testcase><testcase classname="tests.test_backtest_history_compare.TestBacktestCompare" name="test_compare_returns_improvement_insights" time="0.089" /><testcase classname="tests.test_backtest_history_compare.TestBacktestCompare" name="test_compare_returns_comparison_metrics" time="0.087" /><testcase classname="tests.test_backtest_history_compare.TestBacktestCompare" name="test_compare_returns_strategy_comparison" time="0.087" /><testcase classname="tests.test_backtest_history_compare.TestBacktestCompare" name="test_compare_returns_asset_class_comparison" time="0.091" /><testcase classname="tests.test_backtest_history_compare.TestBacktestCompare" name="test_compare_with_single_backtest" time="0.089" /><testcase classname="tests.test_backtest_history_compare.TestBacktestCompare" name="test_compare_with_empty_list_returns_error" time="0.037" /><testcase classname="tests.test_backtest_history_compare.TestBacktestCompare" name="test_compare_with_invalid_ids_returns_error" time="0.036" /><testcase classname="tests.test_backtest_history_compare.TestBacktestStopEndpoint" name="test_stop_backtest_when_not_running" time="0.038" /><testcase classname="tests.test_backtest_history_compare.TestBacktestResults" name="test_get_latest_results" time="0.041" /><testcase classname="tests.test_backtest_history_compare.TestBacktestResults" name="test_get_results_by_id" time="0.085" /><testcase classname="tests.test_backtest_history_compare.TestEducationalAnalysis" name="test_educational_analysis_has_key_concepts" time="0.100"><failure message="AssertionError: assert 'key_concepts' in {}">tests/test_backtest_history_compare.py:284: in test_educational_analysis_has_key_concepts
    assert "key_concepts" in edu
E   AssertionError: assert 'key_concepts' in {}</failure></testcase><testcase classname="tests.test_backtest_history_compare.TestEducationalAnalysis" name="test_educational_analysis_has_recommendations" time="0.090"><failure message="AssertionError: assert 'recommendations_summary' in {}">tests/test_backtest_history_compare.py:297: in test_educational_analysis_has_recommendations
    assert "recommendations_summary" in edu
E   AssertionError: assert 'recommendations_summary' in {}</failure></testcase><testcase classname="tests.test_backtest_history_compare.TestEducationalAnalysis" name="test_quality_score_breakdown_has_components" time="0.092"><failure message="AssertionError: Missing component: Return&#10;assert 'Return' in []">tests/test_backtest_history_compare.py:312: in test_quality_score_breakdown_has_components
    assert comp in component_names, f"Missing component: {comp}"
E   AssertionError: Missing component: Return
E   assert 'Return' in []</failure></testcase><testcase classname="tests.test_rl_engine_api.TestRLEngineStats" name="test_rl_stats_endpoint" time="0.036" /><testcase classname="tests.test_rl_engine_api.TestRLEngineStats" name="test_rl_stats_epsilon_in_valid_range" time="0.033" /><testcase classname="tests.test_rl_engine_api.TestRLEngineStats" name="test_rl_stats_q_table_dimensions" time="0.033" /><testcase classname="tests.test_rl_engine_api.TestRLEngineTrain" name="test_rl_train_endpoint" time="0.036" /><testcase classname="tests.test_rl_engine_api.TestRLEngineTrain" name="test_rl_train_returns_updated_stats" time="0.037" /><testcase classname="tests.test_rl_engine_api.TestRLEngineSaveLoad" name="test_rl_save_endpoint" time="0.037" /><testcase classname="tests.test_rl_engine_api.TestRLEngineSaveLoad" name="test_rl_load_endpoint" time="0.039" /><testcase classname="tests.test_rl_engine_api.TestRLEngineSaveLoad" name="test_rl_save_load_preserves_state" time="0.113" /><testcase classname="tests.test_rl_engine_api.TestRLEngineIntegration" name="test_rl_stats_after_train" time="0.071" /><testcase classname="tests.test_rl_engine_api.TestRLEngineIntegration" name="test_rl_full_workflow" time="0.224" /><testcase classname="tests.test_rl_engine_api.TestExistingEndpointsStillWork" name="test_status_endpoint" time="0.035" /><testcase classname="tests.test_rl_engine_api.TestExistingEndpointsStillWork" name="test_trades_stats_endpoint" time="0.037" /><testcase classname="tests.test_rl_engine_api.TestExistingEndpointsStillWork" name="test_analytics_endpoint" time="0.039" /><testcase classname="tests.test_rl_engine_api.TestExistingEndpointsStillWork" name="test_historical_stats_endpoint" time="0.251" /><testcase classname="tests.test_rl_engine_api.TestExistingEndpointsStillWork" name="test_performance_endpoint" time="0.038" /><testcase classname="tests.test_spread_calibrator_historical.TestHistoricalStats" name="test_historical_stats_endpoint" time="0.245" /><testcase classname="tests.test_spread_calibrator_historical.TestHistoricalDataCollection" name="test_historical_collect_endpoint" time="1.035" /><testcase classname="tests.test_spread_calibrator_historical.TestHistoricalDataCollection" name="test_historical_collect_returns_data" time="1.311" /><testcase classname="tests.test_spread_calibrator_historical.TestHistoricalDataRetrieval" name="test_historical_data_endpoint" time="0.104" /><testcase classname="tests.test_spread_calibrator_historical.TestHistoricalDataRetrieval" name="test_historical_data_with_limit" time="0.102" /><testcase classname="tests.test_spread_calibrator_historical.TestHistoricalCategorization" name="test_category_distribution" time="1.356" /><testcase classname="tests.test_spread_calibrator_historical.TestContinuousCollection" name="test_start_continuous_collection" time="0.035" /><testcase classname="tests.test_spread_calibrator_historical.TestContinuousCollection" name="test_stop_continuous_collection" time="0.035" /><testcase classname="tests.test_spread_calibrator_historical.TestContinuousCollection" name="test_continuous_collection_flow" time="1.258" /><testcase classname="tests.test_spread_calibrator_historical.TestAnalyticsWithStrategyPerformance" name="test_analytics_endpoint_structure" time="0.067" /><testcase classname="tests.test_spread_calibrator_historical.TestAnalyticsWithStrategyPerformance" name="test_analytics_strategy_performance_structure" time="0.046" /><testcase classname="tests.test_spread_calibrator_historical.TestAnalyticsWithStrategyPerformance" name="test_analytics_asset_class_performance_structure" time="0.074" /><testcase classname="tests.test_spread_calibrator_historical.TestSpreadCalibratorIntegration" name="test_status_shows_configuration" time="0.038" /><testcase classname="tests.test_spread_calibrator_historical.TestSpreadCalibratorIntegration" name="test_markets_endpoint_for_spread_data" time="0.679" /><testcase classname="tests.test_spread_calibrator_historical.TestBacktestWithHistoricalData" name="test_backtest_results_endpoint" time="0.058" /></testsuite></testsuites>