<?xml version="1.0" encoding="utf-8"?><testsuites name="pytest tests"><testsuite name="pytest" errors="0" failures="2" skipped="0" tests="37" time="26.651" timestamp="2026-02-14T18:00:24.997088+00:00" hostname="agent-env-159bd969-f39d-42b0-983d-f1e382dc8b59"><testcase classname="tests.test_hft_v2_engine.TestHFTConfig" name="test_hft_config_file_exists" time="0.001" /><testcase classname="tests.test_hft_v2_engine.TestHFTConfig" name="test_hft_config_imports" time="0.001" /><testcase classname="tests.test_hft_v2_engine.TestHFTConfig" name="test_sub_strategy_allocations_sum_to_one" time="0.000" /><testcase classname="tests.test_hft_v2_engine.TestHFTConfig" name="test_sub_strategy_allocation_values" time="0.000" /><testcase classname="tests.test_hft_v2_engine.TestHFTConfig" name="test_news_strength_enum_values" time="0.000" /><testcase classname="tests.test_hft_v2_engine.TestHFTConfig" name="test_bayes_factor_thresholds" time="0.000" /><testcase classname="tests.test_hft_v2_engine.TestHFTConfig" name="test_get_news_strength_pause" time="0.000" /><testcase classname="tests.test_hft_v2_engine.TestHFTConfig" name="test_get_news_strength_extreme" time="0.000" /><testcase classname="tests.test_hft_v2_engine.TestHFTConfig" name="test_get_news_strength_caution" time="0.000" /><testcase classname="tests.test_hft_v2_engine.TestHFTConfig" name="test_get_news_strength_normal" time="0.000" /><testcase classname="tests.test_hft_v2_engine.TestHFTConfig" name="test_kelly_and_position_constraints" time="0.000" /><testcase classname="tests.test_hft_v2_engine.TestHFTEngineV2" name="test_hft_engine_file_exists" time="0.000" /><testcase classname="tests.test_hft_v2_engine.TestHFTEngineV2" name="test_hft_engine_imports" time="0.001" /><testcase classname="tests.test_hft_v2_engine.TestHFTEngineV2" name="test_hft_engine_initialization" time="0.000" /><testcase classname="tests.test_hft_v2_engine.TestHFTEngineV2" name="test_hft_engine_stats_structure" time="0.000" /><testcase classname="tests.test_hft_v2_engine.TestHFTEngineV2" name="test_hft_engine_metrics_structure" time="0.000" /><testcase classname="tests.test_hft_v2_engine.TestHFTV2StatusEndpoint" name="test_hft_v2_status_endpoint_exists" time="0.195" /><testcase classname="tests.test_hft_v2_engine.TestHFTV2StatusEndpoint" name="test_hft_v2_status_not_initialized" time="0.135" /><testcase classname="tests.test_hft_v2_engine.TestHFTV2StatusEndpoint" name="test_hft_v2_status_response_structure" time="0.126" /><testcase classname="tests.test_hft_v2_engine.TestHFTV2StatusEndpoint" name="test_hft_v2_config_values_in_response" time="0.127" /><testcase classname="tests.test_hft_v2_engine.TestExistingSystemIntegrity" name="test_health_endpoint" time="0.106" /><testcase classname="tests.test_hft_v2_engine.TestExistingSystemIntegrity" name="test_scanner_health_endpoint" time="0.303" /><testcase classname="tests.test_hft_v2_engine.TestExistingSystemIntegrity" name="test_paper_trading_status_endpoint" time="0.187" /><testcase classname="tests.test_hft_v2_engine.TestExistingSystemIntegrity" name="test_news_webhook_endpoint" time="15.065"><failure message="requests.exceptions.ReadTimeout: HTTPSConnectionPool(host='tradebrain-five.preview.emergentagent.com', port=443): Read timed out. (read timeout=15)">/root/.venv/lib/python3.11/site-packages/urllib3/connectionpool.py:534: in _make_request
    response = conn.getresponse()
               ^^^^^^^^^^^^^^^^^^
/root/.venv/lib/python3.11/site-packages/urllib3/connection.py:571: in getresponse
    httplib_response = super().getresponse()
                       ^^^^^^^^^^^^^^^^^^^^^
/usr/local/lib/python3.11/http/client.py:1395: in getresponse
    response.begin()
/usr/local/lib/python3.11/http/client.py:325: in begin
    version, status, reason = self._read_status()
                              ^^^^^^^^^^^^^^^^^^^
/usr/local/lib/python3.11/http/client.py:286: in _read_status
    line = str(self.fp.readline(_MAXLINE + 1), "iso-8859-1")
               ^^^^^^^^^^^^^^^^^^^^^^^^^^^^^^
/usr/local/lib/python3.11/socket.py:718: in readinto
    return self._sock.recv_into(b)
           ^^^^^^^^^^^^^^^^^^^^^^^
/usr/local/lib/python3.11/ssl.py:1314: in recv_into
    return self.read(nbytes, buffer)
           ^^^^^^^^^^^^^^^^^^^^^^^^^
/usr/local/lib/python3.11/ssl.py:1166: in read
    return self._sslobj.read(len, buffer)
           ^^^^^^^^^^^^^^^^^^^^^^^^^^^^^^
E   TimeoutError: The read operation timed out

The above exception was the direct cause of the following exception:
/root/.venv/lib/python3.11/site-packages/requests/adapters.py:644: in send
    resp = conn.urlopen(
/root/.venv/lib/python3.11/site-packages/urllib3/connectionpool.py:841: in urlopen
    retries = retries.increment(
/root/.venv/lib/python3.11/site-packages/urllib3/util/retry.py:474: in increment
    raise reraise(type(error), error, _stacktrace)
          ^^^^^^^^^^^^^^^^^^^^^^^^^^^^^^^^^^^^^^^^
/root/.venv/lib/python3.11/site-packages/urllib3/util/util.py:39: in reraise
    raise value
/root/.venv/lib/python3.11/site-packages/urllib3/connectionpool.py:787: in urlopen
    response = self._make_request(
/root/.venv/lib/python3.11/site-packages/urllib3/connectionpool.py:536: in _make_request
    self._raise_timeout(err=e, url=url, timeout_value=read_timeout)
/root/.venv/lib/python3.11/site-packages/urllib3/connectionpool.py:367: in _raise_timeout
    raise ReadTimeoutError(
E   urllib3.exceptions.ReadTimeoutError: HTTPSConnectionPool(host='tradebrain-five.preview.emergentagent.com', port=443): Read timed out. (read timeout=15)

During handling of the above exception, another exception occurred:
tests/test_hft_v2_engine.py:355: in test_news_webhook_endpoint
    response = requests.post(
/root/.venv/lib/python3.11/site-packages/requests/api.py:115: in post
    return request("post", url, data=data, json=json, **kwargs)
           ^^^^^^^^^^^^^^^^^^^^^^^^^^^^^^^^^^^^^^^^^^^^^^^^^^^^
/root/.venv/lib/python3.11/site-packages/requests/api.py:59: in request
    return session.request(method=method, url=url, **kwargs)
           ^^^^^^^^^^^^^^^^^^^^^^^^^^^^^^^^^^^^^^^^^^^^^^^^^
/root/.venv/lib/python3.11/site-packages/requests/sessions.py:589: in request
    resp = self.send(prep, **send_kwargs)
           ^^^^^^^^^^^^^^^^^^^^^^^^^^^^^^
/root/.venv/lib/python3.11/site-packages/requests/sessions.py:703: in send
    r = adapter.send(request, **kwargs)
        ^^^^^^^^^^^^^^^^^^^^^^^^^^^^^^^
/root/.venv/lib/python3.11/site-packages/requests/adapters.py:690: in send
    raise ReadTimeout(e, request=request)
E   requests.exceptions.ReadTimeout: HTTPSConnectionPool(host='tradebrain-five.preview.emergentagent.com', port=443): Read timed out. (read timeout=15)</failure></testcase><testcase classname="tests.test_hft_v2_engine.TestExistingSystemIntegrity" name="test_analytics_endpoint" time="10.078"><failure message="requests.exceptions.ReadTimeout: HTTPSConnectionPool(host='tradebrain-five.preview.emergentagent.com', port=443): Read timed out. (read timeout=10)">/root/.venv/lib/python3.11/site-packages/urllib3/connectionpool.py:534: in _make_request
    response = conn.getresponse()
               ^^^^^^^^^^^^^^^^^^
/root/.venv/lib/python3.11/site-packages/urllib3/connection.py:571: in getresponse
    httplib_response = super().getresponse()
                       ^^^^^^^^^^^^^^^^^^^^^
/usr/local/lib/python3.11/http/client.py:1395: in getresponse
    response.begin()
/usr/local/lib/python3.11/http/client.py:325: in begin
    version, status, reason = self._read_status()
                              ^^^^^^^^^^^^^^^^^^^
/usr/local/lib/python3.11/http/client.py:286: in _read_status
    line = str(self.fp.readline(_MAXLINE + 1), "iso-8859-1")
               ^^^^^^^^^^^^^^^^^^^^^^^^^^^^^^
/usr/local/lib/python3.11/socket.py:718: in readinto
    return self._sock.recv_into(b)
           ^^^^^^^^^^^^^^^^^^^^^^^
/usr/local/lib/python3.11/ssl.py:1314: in recv_into
    return self.read(nbytes, buffer)
           ^^^^^^^^^^^^^^^^^^^^^^^^^
/usr/local/lib/python3.11/ssl.py:1166: in read
    return self._sslobj.read(len, buffer)
           ^^^^^^^^^^^^^^^^^^^^^^^^^^^^^^
E   TimeoutError: The read operation timed out

The above exception was the direct cause of the following exception:
/root/.venv/lib/python3.11/site-packages/requests/adapters.py:644: in send
    resp = conn.urlopen(
/root/.venv/lib/python3.11/site-packages/urllib3/connectionpool.py:841: in urlopen
    retries = retries.increment(
/root/.venv/lib/python3.11/site-packages/urllib3/util/retry.py:474: in increment
    raise reraise(type(error), error, _stacktrace)
          ^^^^^^^^^^^^^^^^^^^^^^^^^^^^^^^^^^^^^^^^
/root/.venv/lib/python3.11/site-packages/urllib3/util/util.py:39: in reraise
    raise value
/root/.venv/lib/python3.11/site-packages/urllib3/connectionpool.py:787: in urlopen
    response = self._make_request(
/root/.venv/lib/python3.11/site-packages/urllib3/connectionpool.py:536: in _make_request
    self._raise_timeout(err=e, url=url, timeout_value=read_timeout)
/root/.venv/lib/python3.11/site-packages/urllib3/connectionpool.py:367: in _raise_timeout
    raise ReadTimeoutError(
E   urllib3.exceptions.ReadTimeoutError: HTTPSConnectionPool(host='tradebrain-five.preview.emergentagent.com', port=443): Read timed out. (read timeout=10)

During handling of the above exception, another exception occurred:
tests/test_hft_v2_engine.py:367: in test_analytics_endpoint
    response = requests.get(f"{BASE_URL}/api/analytics", timeout=10)
               ^^^^^^^^^^^^^^^^^^^^^^^^^^^^^^^^^^^^^^^^^^^^^^^^^^^^^
/root/.venv/lib/python3.11/site-packages/requests/api.py:73: in get
    return request("get", url, params=params, **kwargs)
           ^^^^^^^^^^^^^^^^^^^^^^^^^^^^^^^^^^^^^^^^^^^^
/root/.venv/lib/python3.11/site-packages/requests/api.py:59: in request
    return session.request(method=method, url=url, **kwargs)
           ^^^^^^^^^^^^^^^^^^^^^^^^^^^^^^^^^^^^^^^^^^^^^^^^^
/root/.venv/lib/python3.11/site-packages/requests/sessions.py:589: in request
    resp = self.send(prep, **send_kwargs)
           ^^^^^^^^^^^^^^^^^^^^^^^^^^^^^^
/root/.venv/lib/python3.11/site-packages/requests/sessions.py:703: in send
    r = adapter.send(request, **kwargs)
        ^^^^^^^^^^^^^^^^^^^^^^^^^^^^^^^
/root/.venv/lib/python3.11/site-packages/requests/adapters.py:690: in send
    raise ReadTimeout(e, request=request)
E   requests.exceptions.ReadTimeout: HTTPSConnectionPool(host='tradebrain-five.preview.emergentagent.com', port=443): Read timed out. (read timeout=10)</failure></testcase><testcase classname="tests.test_hft_v2_engine.TestPaperTraderIntegration" name="test_paper_trader_has_hft_v2_attribute" time="0.002" /><testcase classname="tests.test_hft_v2_engine.TestPaperTraderIntegration" name="test_paper_trader_has_hft_v2_loop" time="0.001" /><testcase classname="tests.test_hft_v2_engine.TestPaperTraderIntegration" name="test_paper_trader_starts_hft_v2_in_gather" time="0.002" /><testcase classname="tests.test_hft_v2_engine.TestPaperTraderIntegration" name="test_paper_trader_stops_hft_v2" time="0.002" /><testcase classname="tests.test_hft_v2_engine.TestPaperTraderIntegration" name="test_paper_trader_imports_hft_v2" time="0.002" /><testcase classname="tests.test_hft_v2_engine.TestHFTModeEnum" name="test_hft_mode_has_all_strategies" time="0.000" /><testcase classname="tests.test_hft_v2_engine.TestSpreadAndPositionMultipliers" name="test_spread_multipliers" time="0.000" /><testcase classname="tests.test_hft_v2_engine.TestSpreadAndPositionMultipliers" name="test_position_multipliers" time="0.000" /><testcase classname="tests.test_hft_v2_engine.TestSpreadAndPositionMultipliers" name="test_get_multipliers_function" time="0.000" /><testcase classname="tests.test_hft_v2_engine.TestPriceZones" name="test_get_price_zone_extreme_low" time="0.000" /><testcase classname="tests.test_hft_v2_engine.TestPriceZones" name="test_get_price_zone_standard" time="0.000" /><testcase classname="tests.test_hft_v2_engine.TestPriceZones" name="test_get_price_zone_extreme_high" time="0.000" /></testsuite></testsuites>