<?xml version="1.0" encoding="utf-8"?><testsuites name="pytest tests"><testsuite name="pytest" errors="0" failures="0" skipped="0" tests="61" time="0.676" timestamp="2026-02-15T09:58:18.414026+00:00" hostname="agent-env-5dc3a098-2d42-4a21-8cee-2ddb94248dff"><testcase classname="tests.test_hft_v2_direction_refactor.TestHFTConfigDirectionParameters" name="test_edge_threshold_exists" time="0.001" /><testcase classname="tests.test_hft_v2_direction_refactor.TestHFTConfigDirectionParameters" name="test_path_a_override_bf_exists" time="0.000" /><testcase classname="tests.test_hft_v2_direction_refactor.TestHFTConfigDirectionParameters" name="test_mean_reversion_low_exists" time="0.000" /><testcase classname="tests.test_hft_v2_direction_refactor.TestHFTConfigDirectionParameters" name="test_mean_reversion_high_exists" time="0.000" /><testcase classname="tests.test_hft_v2_direction_refactor.TestHFTConfigDirectionParameters" name="test_order_flow_imbalance_ratio_exists" time="0.000" /><testcase classname="tests.test_hft_v2_direction_refactor.TestDetermineDirectionMethodExists" name="test_determine_direction_method_exists" time="0.000" /><testcase classname="tests.test_hft_v2_direction_refactor.TestDetermineDirectionMethodExists" name="test_determine_direction_takes_hft_mode" time="0.000" /><testcase classname="tests.test_hft_v2_direction_refactor.TestDetermineDirectionMethodExists" name="test_determine_direction_takes_market_data" time="0.000" /><testcase classname="tests.test_hft_v2_direction_refactor.TestDetermineDirectionMethodExists" name="test_determine_direction_takes_adjusted_fair" time="0.000" /><testcase classname="tests.test_hft_v2_direction_refactor.TestDetermineDirectionMethodExists" name="test_determine_direction_takes_signal" time="0.000" /><testcase classname="tests.test_hft_v2_direction_refactor.TestExecuteHFTScalpCallsDetermineDirection" name="test_execute_hft_scalp_calls_determine_direction" time="0.000" /><testcase classname="tests.test_hft_v2_direction_refactor.TestExecuteHFTScalpCallsDetermineDirection" name="test_direction_passed_to_build_trade_params" time="0.000" /><testcase classname="tests.test_hft_v2_direction_refactor.TestExecuteHFTScalpCallsDetermineDirection" name="test_determine_direction_called_after_mode_selection" time="0.000" /><testcase classname="tests.test_hft_v2_direction_refactor.TestExecuteHFTScalpCallsDetermineDirection" name="test_skip_trade_when_no_direction" time="0.000" /><testcase classname="tests.test_hft_v2_direction_refactor.TestDeltaNeutralDirectionLogic" name="test_delta_neutral_uses_fair_value" time="0.000" /><testcase classname="tests.test_hft_v2_direction_refactor.TestDeltaNeutralDirectionLogic" name="test_delta_neutral_edge_calculation" time="0.000" /><testcase classname="tests.test_hft_v2_direction_refactor.TestDeltaNeutralDirectionLogic" name="test_delta_neutral_returns_yes_when_underpriced" time="0.000" /><testcase classname="tests.test_hft_v2_direction_refactor.TestDeltaNeutralDirectionLogic" name="test_delta_neutral_returns_no_when_overpriced" time="0.000" /><testcase classname="tests.test_hft_v2_direction_refactor.TestMeanReversionDirectionLogic" name="test_mean_reversion_method_exists" time="0.000" /><testcase classname="tests.test_hft_v2_direction_refactor.TestMeanReversionDirectionLogic" name="test_mean_reversion_uses_config_thresholds" time="0.000" /><testcase classname="tests.test_hft_v2_direction_refactor.TestMeanReversionDirectionLogic" name="test_mean_reversion_returns_yes_at_low_price" time="0.000" /><testcase classname="tests.test_hft_v2_direction_refactor.TestMeanReversionDirectionLogic" name="test_mean_reversion_returns_no_at_high_price" time="0.000" /><testcase classname="tests.test_hft_v2_direction_refactor.TestMeanReversionDirectionLogic" name="test_mean_reversion_returns_none_in_middle" time="0.000" /><testcase classname="tests.test_hft_v2_direction_refactor.TestOrderFlowDirectionLogic" name="test_order_flow_method_exists" time="0.000" /><testcase classname="tests.test_hft_v2_direction_refactor.TestOrderFlowDirectionLogic" name="test_order_flow_uses_buy_sell_volume" time="0.000" /><testcase classname="tests.test_hft_v2_direction_refactor.TestOrderFlowDirectionLogic" name="test_order_flow_uses_imbalance_ratio" time="0.000" /><testcase classname="tests.test_hft_v2_direction_refactor.TestOrderFlowDirectionLogic" name="test_order_flow_returns_yes_on_buy_pressure" time="0.000" /><testcase classname="tests.test_hft_v2_direction_refactor.TestOrderFlowDirectionLogic" name="test_order_flow_returns_no_on_sell_pressure" time="0.000" /><testcase classname="tests.test_hft_v2_direction_refactor.TestSharpFollowingDirectionLogic" name="test_sharp_direction_method_exists" time="0.000" /><testcase classname="tests.test_hft_v2_direction_refactor.TestSharpFollowingDirectionLogic" name="test_sharp_direction_uses_whale_tracker" time="0.000" /><testcase classname="tests.test_hft_v2_direction_refactor.TestSharpFollowingDirectionLogic" name="test_sharp_direction_uses_sharp_detector" time="0.000" /><testcase classname="tests.test_hft_v2_direction_refactor.TestSharpFollowingDirectionLogic" name="test_sharp_direction_has_default" time="0.000" /><testcase classname="tests.test_hft_v2_direction_refactor.TestPathAOverrideLogic" name="test_path_a_override_check_exists" time="0.000" /><testcase classname="tests.test_hft_v2_direction_refactor.TestPathAOverrideLogic" name="test_path_a_override_uses_threshold" time="0.000" /><testcase classname="tests.test_hft_v2_direction_refactor.TestPathAOverrideLogic" name="test_path_a_override_changes_direction" time="0.000" /><testcase classname="tests.test_hft_v2_direction_refactor.TestPathAOverrideLogic" name="test_path_a_override_logs_change" time="0.000" /><testcase classname="tests.test_hft_v2_direction_refactor.TestBuildTradeParamsReceivesDirection" name="test_build_trade_params_has_direction_param" time="0.000" /><testcase classname="tests.test_hft_v2_direction_refactor.TestBuildTradeParamsReceivesDirection" name="test_build_trade_params_uses_direction" time="0.000" /><testcase classname="tests.test_hft_v2_direction_refactor.TestBuildTradeParamsReceivesDirection" name="test_no_default_yes_direction" time="0.000" /><testcase classname="tests.test_hft_v2_direction_refactor.TestStrategySpecificDirectionRouting" name="test_delta_neutral_routing" time="0.000" /><testcase classname="tests.test_hft_v2_direction_refactor.TestStrategySpecificDirectionRouting" name="test_volatility_exploit_routing" time="0.000" /><testcase classname="tests.test_hft_v2_direction_refactor.TestStrategySpecificDirectionRouting" name="test_liquidity_provision_routing" time="0.000" /><testcase classname="tests.test_hft_v2_direction_refactor.TestStrategySpecificDirectionRouting" name="test_sharp_following_routing" time="0.000" /><testcase classname="tests.test_hft_v2_direction_refactor.TestStrategySpecificDirectionRouting" name="test_extreme_spread_routing" time="0.000" /><testcase classname="tests.test_hft_v2_direction_refactor.TestMeanReversionThresholds" name="test_mean_reversion_low_threshold" time="0.000" /><testcase classname="tests.test_hft_v2_direction_refactor.TestMeanReversionThresholds" name="test_mean_reversion_high_threshold" time="0.000" /><testcase classname="tests.test_hft_v2_direction_refactor.TestMeanReversionThresholds" name="test_mean_reversion_middle_range" time="0.000" /><testcase classname="tests.test_hft_v2_direction_refactor.TestEdgeThresholdUsage" name="test_edge_threshold_used_in_determine_direction" time="0.000" /><testcase classname="tests.test_hft_v2_direction_refactor.TestEdgeThresholdUsage" name="test_edge_comparison_for_yes" time="0.000" /><testcase classname="tests.test_hft_v2_direction_refactor.TestEdgeThresholdUsage" name="test_edge_comparison_for_no" time="0.000" /><testcase classname="tests.test_hft_v2_direction_refactor.TestHFTV2EngineUnitTests" name="test_get_mean_reversion_direction_low" time="0.002" /><testcase classname="tests.test_hft_v2_direction_refactor.TestHFTV2EngineUnitTests" name="test_get_mean_reversion_direction_high" time="0.000" /><testcase classname="tests.test_hft_v2_direction_refactor.TestHFTV2EngineUnitTests" name="test_get_mean_reversion_direction_middle" time="0.000" /><testcase classname="tests.test_hft_v2_direction_refactor.TestHFTV2EngineUnitTests" name="test_get_mean_reversion_direction_boundary_low" time="0.000" /><testcase classname="tests.test_hft_v2_direction_refactor.TestHFTV2EngineUnitTests" name="test_get_mean_reversion_direction_boundary_high" time="0.000" /><testcase classname="tests.test_hft_v2_direction_refactor.TestHFTV2EngineUnitTests" name="test_get_order_flow_direction_buy_pressure" time="0.000" /><testcase classname="tests.test_hft_v2_direction_refactor.TestHFTV2EngineUnitTests" name="test_get_order_flow_direction_sell_pressure" time="0.000" /><testcase classname="tests.test_hft_v2_direction_refactor.TestHFTV2EngineUnitTests" name="test_get_order_flow_direction_balanced" time="0.000" /><testcase classname="tests.test_hft_v2_direction_refactor.TestHFTV2EngineIntegration" name="test_hft_v2_status_endpoint" time="0.321" /><testcase classname="tests.test_hft_v2_direction_refactor.TestHFTV2EngineIntegration" name="test_paper_trading_status" time="0.135" /><testcase classname="tests.test_hft_v2_direction_refactor.TestHFTV2EngineIntegration" name="test_health_endpoint" time="0.129" /></testsuite></testsuites>