<?xml version="1.0" encoding="utf-8"?><testsuites name="pytest tests"><testsuite name="pytest" errors="0" failures="0" skipped="1" tests="82" time="3.958" timestamp="2026-02-28T01:07:48.498951+00:00" hostname="agent-env-f281fd89-6b40-45b7-b2f8-0a076c740c26"><testcase classname="tests.test_websocket_primary_exit.TestBackendHealth" name="test_backend_health" time="0.360" /><testcase classname="tests.test_websocket_primary_exit.TestBackendHealth" name="test_paper_trading_status" time="0.162" /><testcase classname="tests.test_websocket_primary_exit.TestWebSocketServiceInitialization" name="test_websocket_status_endpoint" time="0.142" /><testcase classname="tests.test_websocket_primary_exit.TestWebSocketServiceInitialization" name="test_realtime_market_service_status" time="0.302" /><testcase classname="tests.test_websocket_primary_exit.TestExitEngineConfiguration" name="test_exit_engine_stats" time="0.147" /><testcase classname="tests.test_websocket_primary_exit.TestExitEngineConfiguration" name="test_exit_engine_config" time="0.141" /><testcase classname="tests.test_websocket_primary_exit.TestPaperTradingSessionStart" name="test_start_paper_trading_session" time="0.141" /><testcase classname="tests.test_websocket_primary_exit.TestPaperTradingSessionStart" name="test_paper_trading_positions" time="0.116" /><testcase classname="tests.test_websocket_primary_exit.TestOrderbookDataSources" name="test_markets_with_orderbook" time="0.283" /><testcase classname="tests.test_websocket_primary_exit.TestOrderbookDataSources" name="test_single_market_orderbook" time="0.205"><skipped type="pytest.skip" message="No markets available">/app/backend/tests/test_websocket_primary_exit.py:155: No markets available</skipped></testcase><testcase classname="tests.test_websocket_primary_exit.TestExitLogicVerification" name="test_exit_evaluation_endpoint" time="0.143" /><testcase classname="tests.test_websocket_primary_exit.TestExitLogicVerification" name="test_paper_trading_trades_history" time="0.105" /><testcase classname="tests.test_websocket_primary_exit.TestStrategyLaneExitLogic" name="test_hft_lane_status" time="0.275" /><testcase classname="tests.test_websocket_primary_exit.TestStrategyLaneExitLogic" name="test_sports_lane_status" time="0.246" /><testcase classname="tests.test_websocket_primary_exit.TestStrategyLaneExitLogic" name="test_alpha_lane_status" time="0.288" /><testcase classname="tests.test_websocket_primary_exit.TestStrategyLaneExitLogic" name="test_gamma_lane_status" time="0.238" /><testcase classname="tests.test_websocket_primary_exit.TestNoDefaultPriceEnforcement" name="test_price_rejection_config" time="0.245" /><testcase classname="tests.test_websocket_primary_exit.TestNoDefaultPriceEnforcement" name="test_variance_sizing_config" time="0.143" /><testcase classname="tests.test_websocket_primary_exit.TestBackendLogsForExitOB" name="test_recent_logs_endpoint" time="0.114" /><testcase classname="tests.test_websocket_primary_exit.TestCodeReviewVerification" name="test_paper_trader_exit_logic_structure" time="0.000" /><testcase classname="tests.test_websocket_primary_exit.TestCodeReviewVerification" name="test_exit_blocking_logic" time="0.000" /><testcase classname="tests.test_websocket_primary_exit.TestCodeReviewVerification" name="test_websocket_primary_priority" time="0.000" /><testcase classname="tests.test_exit_engine.TestSportsVolatility" name="test_sports_allows_20_percent_loss" time="0.000" /><testcase classname="tests.test_exit_engine.TestSportsVolatility" name="test_sports_stops_at_23_percent_loss" time="0.000" /><testcase classname="tests.test_exit_engine.TestSportsVolatility" name="test_sports_no_thesis_fail" time="0.000" /><testcase classname="tests.test_exit_engine.TestSportsVolatility" name="test_sports_no_trailing_stop" time="0.000" /><testcase classname="tests.test_exit_engine.TestPoliticsTightness" name="test_politics_stops_at_16_percent_loss" time="0.000" /><testcase classname="tests.test_exit_engine.TestPoliticsTightness" name="test_politics_holds_at_14_percent_loss" time="0.000" /><testcase classname="tests.test_exit_engine.TestPoliticsTightness" name="test_politics_uses_thesis_fail" time="0.000" /><testcase classname="tests.test_exit_engine.TestWhaleZone" name="test_whale_holds_at_20_percent_loss" time="0.000" /><testcase classname="tests.test_exit_engine.TestWhaleZone" name="test_whale_stops_at_50_percent" time="0.000" /><testcase classname="tests.test_exit_engine.TestWhaleZone" name="test_whale_free_roll_at_2x" time="0.000" /><testcase classname="tests.test_exit_engine.TestWhaleZone" name="test_whale_moonbag_at_5x" time="0.000" /><testcase classname="tests.test_exit_engine.TestFreeRollTrigger" name="test_free_roll_at_35_percent_gain" time="0.000" /><testcase classname="tests.test_exit_engine.TestFreeRollTrigger" name="test_free_roll_at_40_percent_gain" time="0.000" /><testcase classname="tests.test_exit_engine.TestDustFilter" name="test_dust_full_close" time="0.000" /><testcase classname="tests.test_exit_engine.TestFreeRideState" name="test_free_ride_holds" time="0.000" /><testcase classname="tests.test_exit_engine.TestFreeRideState" name="test_free_ride_floor" time="0.000" /><testcase classname="tests.test_exit_engine.TestFreeRideState" name="test_free_ride_ceiling" time="0.000" /><testcase classname="tests.test_exit_engine.TestMechanicalStrategy" name="test_arb_take_profit" time="0.000" /><testcase classname="tests.test_exit_engine.TestMechanicalStrategy" name="test_arb_stop_loss" time="0.000" /><testcase classname="tests.test_exit_engine.TestMechanicalStrategy" name="test_delta_neutral_time_decay" time="0.000" /><testcase classname="tests.test_exit_engine.TestGlobalSafety" name="test_wick_protection" time="0.000" /><testcase classname="tests.test_exit_engine.TestGlobalSafety" name="test_expiry_guard" time="0.000" /><testcase classname="tests.test_exit_engine.TestAssetModifiers" name="test_crypto_modifier" time="0.000" /><testcase classname="tests.test_exit_engine.TestAssetModifiers" name="test_science_modifier" time="0.000" /><testcase classname="tests.test_exit_engine.TestAssetModifiers" name="test_unknown_falls_to_default" time="0.000" /><testcase classname="tests.test_exit_engine.TestAssetModifiers" name="test_compound_names" time="0.000" /><testcase classname="tests.test_exit_engine.TestExitDecision" name="test_decision_to_dict" time="0.002" /><testcase classname="tests.test_exit_engine.TestStatistics" name="test_stats_increment" time="0.000" /><testcase classname="tests.test_exits.TestExitEngineBasics" name="test_engine_initialization" time="0.000" /><testcase classname="tests.test_exits.TestExitEngineBasics" name="test_stats_tracking" time="0.000" /><testcase classname="tests.test_exits.TestExitEngineBasics" name="test_get_stats" time="0.000" /><testcase classname="tests.test_exits.TestFreeRideState" name="test_free_ride_hold" time="0.000" /><testcase classname="tests.test_exits.TestFreeRideState" name="test_free_ride_floor" time="0.000" /><testcase classname="tests.test_exits.TestFreeRideState" name="test_free_ride_ceiling" time="0.000" /><testcase classname="tests.test_exits.TestGlobalSafety" name="test_wick_protection" time="0.000" /><testcase classname="tests.test_exits.TestGlobalSafety" name="test_expiry_guard_losing_trade" time="0.000" /><testcase classname="tests.test_exits.TestGlobalSafety" name="test_expiry_guard_winning_trade" time="0.000" /><testcase classname="tests.test_exits.TestWhaleZone" name="test_whale_zone_detection" time="0.004" /><testcase classname="tests.test_exits.TestWhaleZone" name="test_whale_stop_loss" time="0.000" /><testcase classname="tests.test_exits.TestWhaleZone" name="test_whale_free_roll_2x" time="0.000" /><testcase classname="tests.test_exits.TestWhaleZone" name="test_whale_moonbag_5x" time="0.000" /><testcase classname="tests.test_exits.TestWhaleZone" name="test_whale_hold_within_bounds" time="0.000" /><testcase classname="tests.test_exits.TestMechanicalStrategies" name="test_arbitrage_take_profit" time="0.000" /><testcase classname="tests.test_exits.TestMechanicalStrategies" name="test_arbitrage_stop_loss" time="0.000" /><testcase classname="tests.test_exits.TestMechanicalStrategies" name="test_arbitrage_time_decay" time="0.000" /><testcase classname="tests.test_exits.TestMechanicalStrategies" name="test_delta_neutral_hold" time="0.000" /><testcase classname="tests.test_exits.TestAlphaStrategiesAssetModifiers" name="test_sports_volatility_wide_stop_hold" time="0.000" /><testcase classname="tests.test_exits.TestAlphaStrategiesAssetModifiers" name="test_politics_tightness_stop_triggered" time="0.000" /><testcase classname="tests.test_exits.TestAlphaStrategiesAssetModifiers" name="test_free_roll_trigger" time="0.000" /><testcase classname="tests.test_exits.TestAlphaStrategiesAssetModifiers" name="test_dust_check_full_close" time="0.000" /><testcase classname="tests.test_exits.TestAlphaStrategiesAssetModifiers" name="test_dust_check_very_small_position" time="0.000" /><testcase classname="tests.test_exits.TestAlphaStrategiesAssetModifiers" name="test_crypto_wide_stop" time="0.000" /><testcase classname="tests.test_exits.TestAlphaStrategiesAssetModifiers" name="test_science_tight_stop" time="0.000" /><testcase classname="tests.test_exits.TestAlphaStrategiesAssetModifiers" name="test_thesis_fail_politics" time="0.000" /><testcase classname="tests.test_exits.TestAlphaStrategiesAssetModifiers" name="test_no_thesis_fail_sports" time="0.000" /><testcase classname="tests.test_exits.TestTrailingStop" name="test_trailing_stop_triggered" time="0.000" /><testcase classname="tests.test_exits.TestTrailingStop" name="test_no_trailing_stop_sports" time="0.000" /><testcase classname="tests.test_exits.TestZombieDetection" name="test_zombie_exit_politics" time="0.000" /><testcase classname="tests.test_exits.TestZombieDetection" name="test_no_zombie_exit_sports" time="0.000" /><testcase classname="tests.test_exits.TestExitDecisionSerialization" name="test_to_dict" time="0.000" /></testsuite></testsuites>