<?xml version="1.0" encoding="utf-8"?><testsuites name="pytest tests"><testsuite name="pytest" errors="0" failures="0" skipped="0" tests="12" time="0.946" timestamp="2026-01-14T19:55:37.063959+00:00" hostname="agent-env-3019564d-2cfc-47cd-adc1-11d7ee7530cb"><testcase classname="tests.test_dashboard_websocket_features.TestWebSocketEndpoint" name="test_websocket_endpoint_exists" time="0.074" /><testcase classname="tests.test_dashboard_websocket_features.TestDashboardAPIs" name="test_status_endpoint" time="0.040" /><testcase classname="tests.test_dashboard_websocket_features.TestDashboardAPIs" name="test_performance_endpoint" time="0.040" /><testcase classname="tests.test_dashboard_websocket_features.TestDashboardAPIs" name="test_trades_endpoint" time="0.081" /><testcase classname="tests.test_dashboard_websocket_features.TestDashboardAPIs" name="test_trades_stats_endpoint" time="0.042" /><testcase classname="tests.test_dashboard_websocket_features.TestDashboardAPIs" name="test_positions_endpoint" time="0.039" /><testcase classname="tests.test_dashboard_websocket_features.TestBacktestAPIs" name="test_backtest_results_endpoint" time="0.045" /><testcase classname="tests.test_dashboard_websocket_features.TestBacktestAPIs" name="test_backtest_history_endpoint" time="0.073" /><testcase classname="tests.test_dashboard_websocket_features.TestRLEngineAPIs" name="test_rl_detailed_stats_endpoint" time="0.040" /><testcase classname="tests.test_dashboard_websocket_features.TestHistoricalDataAPIs" name="test_historical_stats_endpoint" time="0.327" /><testcase classname="tests.test_dashboard_websocket_features.TestContribPercentageCalculation" name="test_strategy_contrib_percentage_calculation" time="0.047" /><testcase classname="tests.test_dashboard_websocket_features.TestContribPercentageCalculation" name="test_asset_class_contrib_percentage_calculation" time="0.047" /></testsuite></testsuites>