<?xml version="1.0" encoding="utf-8"?><testsuites name="pytest tests"><testsuite name="pytest" errors="0" failures="1" skipped="0" tests="18" time="1.064" timestamp="2026-01-15T00:11:11.309103+00:00" hostname="agent-env-67ecb88e-b3e1-4b8c-8def-862655fe0304"><testcase classname="tests.test_paper_trading_enhancements.TestPaperStatusEndpoint" name="test_paper_status_returns_correct_structure" time="0.072" /><testcase classname="tests.test_paper_trading_enhancements.TestCumulativeStatsEndpoint" name="test_cumulative_stats_returns_overall_structure" time="0.038" /><testcase classname="tests.test_paper_trading_enhancements.TestCumulativeStatsEndpoint" name="test_cumulative_stats_has_by_strategy" time="0.042" /><testcase classname="tests.test_paper_trading_enhancements.TestCumulativeStatsEndpoint" name="test_cumulative_stats_has_by_asset_class" time="0.046" /><testcase classname="tests.test_paper_trading_enhancements.TestCumulativeStatsEndpoint" name="test_cumulative_stats_has_current_session_flag" time="0.038" /><testcase classname="tests.test_paper_trading_enhancements.TestAIStatsEndpoint" name="test_ai_stats_returns_structure" time="0.041" /><testcase classname="tests.test_paper_trading_enhancements.TestAIStatsEndpoint" name="test_ai_stats_no_session_message" time="0.077" /><testcase classname="tests.test_paper_trading_enhancements.TestPaperStartEndpoint" name="test_paper_start_requires_auth" time="0.036" /><testcase classname="tests.test_paper_trading_enhancements.TestPaperStartEndpoint" name="test_paper_start_accepts_continuous_mode_param" time="0.120" /><testcase classname="tests.test_paper_trading_enhancements.TestPaperStopEndpoint" name="test_paper_stop_requires_auth" time="0.033" /><testcase classname="tests.test_paper_trading_enhancements.TestPaperStopEndpoint" name="test_paper_stop_accepts_graceful_param" time="0.114" /><testcase classname="tests.test_paper_trading_enhancements.TestNavigationOrder" name="test_frontend_loads" time="0.037"><failure message="assert ('APEX TRADER' in '&lt;!doctype html&gt;\n&lt;html lang=&quot;en&quot;&gt;\n    &lt;head&gt;\n        &lt;meta charset=&quot;utf-8&quot; /&gt;\n        &lt;meta name=&quot;viewport&quot; content=&quot;width=device-width, initial-scale=1&quot; /&gt;\n        &lt;meta name=&quot;theme-color&quot; content=&quot;#000000&quot; /&gt;\n        &lt;meta name=&quot;description&quot; content=&quot;A product of emergent.sh&quot; /&gt;\n        &lt;!--\n        manifest.json provides metadata used when your web app is installed on a\n        user\'s mobile device or desktop. See https://developers.google.com/web/fundamentals/web-app-manifest/\n        --&gt;\n        &lt;!--\n        Notice the use of  in the tags above.\n        It will be replaced with the URL of the `public` folder during the build.\n        Only files inside the `public` folder can be referenced from the HTML.\n\n        Unlike &quot;/favicon.ico&quot; or &quot;favicon.ico&quot;, &quot;/favicon.ico&quot; will\n        work correctly both with client-side routing and a non-root public URL.\n        Learn how to configure a non-root public URL by running `npm run build`.\n        --&gt;\n        &lt;title&gt;Emergent | Fullstack App&lt;/title&gt;\n        &lt;script src=&quot;https://assets.emergent.sh/scripts/emergent-main.js&quot;&gt;&lt;/script&gt;\n        &lt;!--\n        These two scripts have been added for the Visual Edits, pleas...t_config startSessionRecording stopSessionRecording sessionRecordingStarted captureException loadToolbar get_property getSessionProperty Es $s createPersonProfile Is opt_in_capturing opt_out_capturing has_opted_in_capturing has_opted_out_capturing clear_opt_in_out_capturing Ss debug xs getPageViewId captureTraceFeedback captureTraceMetric&quot;.split(\n                                        &quot; &quot;,\n                                    ),\n                                n = 0;\n                            n &lt; o.length;\n                            n++\n                        )\n                            g(u, o[n]);\n                        e._i.push([i, s, a]);\n                    }),\n                    (e.__SV = 1));\n            })(document, window.posthog || []);\n            posthog.init(&quot;phc_xAvL2Iq4tFmANRE7kzbKwaSqp1HJjN7x48s3vr0CMjs&quot;, {\n                api_host: &quot;https://us.i.posthog.com&quot;,\n                person_profiles: &quot;identified_only&quot;, // or \'always\' to create profiles for anonymous users as well,\n                session_recording: {\n                    recordCrossOriginIframes: true,\n                },\n            });\n        &lt;/script&gt;\n    &lt;/body&gt;\n&lt;/html&gt;\n' or 'apex' in '&lt;!doctype html&gt;\n&lt;html lang=&quot;en&quot;&gt;\n    &lt;head&gt;\n        &lt;meta charset=&quot;utf-8&quot; /&gt;\n        &lt;meta name=&quot;viewport&quot; content=&quot;width=device-width, initial-scale=1&quot; /&gt;\n        &lt;meta name=&quot;theme-color&quot; content=&quot;#000000&quot; /&gt;\n        &lt;meta name=&quot;description&quot; content=&quot;a product of emergent.sh&quot; /&gt;\n        &lt;!--\n        manifest.json provides metadata used when your web app is installed on a\n        user\'s mobile device or desktop. see https://developers.google.com/web/fundamentals/web-app-manifest/\n        --&gt;\n        &lt;!--\n        notice the use of  in the tags above.\n        it will be replaced with the url of the `public` folder during the build.\n        only files inside the `public` folder can be referenced from the html.\n\n        unlike &quot;/favicon.ico&quot; or &quot;favicon.ico&quot;, &quot;/favicon.ico&quot; will\n        work correctly both with client-side routing and a non-root public url.\n        learn how to configure a non-root public url by running `npm run build`.\n        --&gt;\n        &lt;title&gt;emergent | fullstack app&lt;/title&gt;\n        &lt;script src=&quot;https://assets.emergent.sh/scripts/emergent-main.js&quot;&gt;&lt;/script&gt;\n        &lt;!--\n        these two scripts have been added for the visual edits, pleas...t_config startsessionrecording stopsessionrecording sessionrecordingstarted captureexception loadtoolbar get_property getsessionproperty es $s createpersonprofile is opt_in_capturing opt_out_capturing has_opted_in_capturing has_opted_out_capturing clear_opt_in_out_capturing ss debug xs getpageviewid capturetracefeedback capturetracemetric&quot;.split(\n                                        &quot; &quot;,\n                                    ),\n                                n = 0;\n                            n &lt; o.length;\n                            n++\n                        )\n                            g(u, o[n]);\n                        e._i.push([i, s, a]);\n                    }),\n                    (e.__sv = 1));\n            })(document, window.posthog || []);\n            posthog.init(&quot;phc_xavl2iq4tfmanre7kzbkwasqp1hjjn7x48s3vr0cmjs&quot;, {\n                api_host: &quot;https://us.i.posthog.com&quot;,\n                person_profiles: &quot;identified_only&quot;, // or \'always\' to create profiles for anonymous users as well,\n                session_recording: {\n                    recordcrossoriginiframes: true,\n                },\n            });\n        &lt;/script&gt;\n    &lt;/body&gt;\n&lt;/html&gt;\n')&#10; +  where '&lt;!doctype html&gt;\n&lt;html lang=&quot;en&quot;&gt;\n    &lt;head&gt;\n        &lt;meta charset=&quot;utf-8&quot; /&gt;\n        &lt;meta name=&quot;viewport&quot; content=&quot;width=device-width, initial-scale=1&quot; /&gt;\n        &lt;meta name=&quot;theme-color&quot; content=&quot;#000000&quot; /&gt;\n        &lt;meta name=&quot;description&quot; content=&quot;A product of emergent.sh&quot; /&gt;\n        &lt;!--\n        manifest.json provides metadata used when your web app is installed on a\n        user\'s mobile device or desktop. See https://developers.google.com/web/fundamentals/web-app-manifest/\n        --&gt;\n        &lt;!--\n        Notice the use of  in the tags above.\n        It will be replaced with the URL of the `public` folder during the build.\n        Only files inside the `public` folder can be referenced from the HTML.\n\n        Unlike &quot;/favicon.ico&quot; or &quot;favicon.ico&quot;, &quot;/favicon.ico&quot; will\n        work correctly both with client-side routing and a non-root public URL.\n        Learn how to configure a non-root public URL by running `npm run build`.\n        --&gt;\n        &lt;title&gt;Emergent | Fullstack App&lt;/title&gt;\n        &lt;script src=&quot;https://assets.emergent.sh/scripts/emergent-main.js&quot;&gt;&lt;/script&gt;\n        &lt;!--\n        These two scripts have been added for the Visual Edits, pleas...t_config startSessionRecording stopSessionRecording sessionRecordingStarted captureException loadToolbar get_property getSessionProperty Es $s createPersonProfile Is opt_in_capturing opt_out_capturing has_opted_in_capturing has_opted_out_capturing clear_opt_in_out_capturing Ss debug xs getPageViewId captureTraceFeedback captureTraceMetric&quot;.split(\n                                        &quot; &quot;,\n                                    ),\n                                n = 0;\n                            n &lt; o.length;\n                            n++\n                        )\n                            g(u, o[n]);\n                        e._i.push([i, s, a]);\n                    }),\n                    (e.__SV = 1));\n            })(document, window.posthog || []);\n            posthog.init(&quot;phc_xAvL2Iq4tFmANRE7kzbKwaSqp1HJjN7x48s3vr0CMjs&quot;, {\n                api_host: &quot;https://us.i.posthog.com&quot;,\n                person_profiles: &quot;identified_only&quot;, // or \'always\' to create profiles for anonymous users as well,\n                session_recording: {\n                    recordCrossOriginIframes: true,\n                },\n            });\n        &lt;/script&gt;\n    &lt;/body&gt;\n&lt;/html&gt;\n' = &lt;Response [200]&gt;.text&#10; +  and   '&lt;!doctype html&gt;\n&lt;html lang=&quot;en&quot;&gt;\n    &lt;head&gt;\n        &lt;meta charset=&quot;utf-8&quot; /&gt;\n        &lt;meta name=&quot;viewport&quot; content=&quot;width=device-width, initial-scale=1&quot; /&gt;\n        &lt;meta name=&quot;theme-color&quot; content=&quot;#000000&quot; /&gt;\n        &lt;meta name=&quot;description&quot; content=&quot;a product of emergent.sh&quot; /&gt;\n        &lt;!--\n        manifest.json provides metadata used when your web app is installed on a\n        user\'s mobile device or desktop. see https://developers.google.com/web/fundamentals/web-app-manifest/\n        --&gt;\n        &lt;!--\n        notice the use of  in the tags above.\n        it will be replaced with the url of the `public` folder during the build.\n        only files inside the `public` folder can be referenced from the html.\n\n        unlike &quot;/favicon.ico&quot; or &quot;favicon.ico&quot;, &quot;/favicon.ico&quot; will\n        work correctly both with client-side routing and a non-root public url.\n        learn how to configure a non-root public url by running `npm run build`.\n        --&gt;\n        &lt;title&gt;emergent | fullstack app&lt;/title&gt;\n        &lt;script src=&quot;https://assets.emergent.sh/scripts/emergent-main.js&quot;&gt;&lt;/script&gt;\n        &lt;!--\n        these two scripts have been added for the visual edits, pleas...t_config startsessionrecording stopsessionrecording sessionrecordingstarted captureexception loadtoolbar get_property getsessionproperty es $s createpersonprofile is opt_in_capturing opt_out_capturing has_opted_in_capturing has_opted_out_capturing clear_opt_in_out_capturing ss debug xs getpageviewid capturetracefeedback capturetracemetric&quot;.split(\n                                        &quot; &quot;,\n                                    ),\n                                n = 0;\n                            n &lt; o.length;\n                            n++\n                        )\n                            g(u, o[n]);\n                        e._i.push([i, s, a]);\n                    }),\n                    (e.__sv = 1));\n            })(document, window.posthog || []);\n            posthog.init(&quot;phc_xavl2iq4tfmanre7kzbkwasqp1hjjn7x48s3vr0cmjs&quot;, {\n                api_host: &quot;https://us.i.posthog.com&quot;,\n                person_profiles: &quot;identified_only&quot;, // or \'always\' to create profiles for anonymous users as well,\n                session_recording: {\n                    recordcrossoriginiframes: true,\n                },\n            });\n        &lt;/script&gt;\n    &lt;/body&gt;\n&lt;/html&gt;\n' = &lt;built-in method lower of str object at 0xb17270b70ab0&gt;()&#10; +    where &lt;built-in method lower of str object at 0xb17270b70ab0&gt; = '&lt;!doctype html&gt;\n&lt;html lang=&quot;en&quot;&gt;\n    &lt;head&gt;\n        &lt;meta charset=&quot;utf-8&quot; /&gt;\n        &lt;meta name=&quot;viewport&quot; content=&quot;width=device-width, initial-scale=1&quot; /&gt;\n        &lt;meta name=&quot;theme-color&quot; content=&quot;#000000&quot; /&gt;\n        &lt;meta name=&quot;description&quot; content=&quot;A product of emergent.sh&quot; /&gt;\n        &lt;!--\n        manifest.json provides metadata used when your web app is installed on a\n        user\'s mobile device or desktop. See https://developers.google.com/web/fundamentals/web-app-manifest/\n        --&gt;\n        &lt;!--\n        Notice the use of  in the tags above.\n        It will be replaced with the URL of the `public` folder during the build.\n        Only files inside the `public` folder can be referenced from the HTML.\n\n        Unlike &quot;/favicon.ico&quot; or &quot;favicon.ico&quot;, &quot;/favicon.ico&quot; will\n        work correctly both with client-side routing and a non-root public URL.\n        Learn how to configure a non-root public URL by running `npm run build`.\n        --&gt;\n        &lt;title&gt;Emergent | Fullstack App&lt;/title&gt;\n        &lt;script src=&quot;https://assets.emergent.sh/scripts/emergent-main.js&quot;&gt;&lt;/script&gt;\n        &lt;!--\n        These two scripts have been added for the Visual Edits, pleas...t_config startSessionRecording stopSessionRecording sessionRecordingStarted captureException loadToolbar get_property getSessionProperty Es $s createPersonProfile Is opt_in_capturing opt_out_capturing has_opted_in_capturing has_opted_out_capturing clear_opt_in_out_capturing Ss debug xs getPageViewId captureTraceFeedback captureTraceMetric&quot;.split(\n                                        &quot; &quot;,\n                                    ),\n                                n = 0;\n                            n &lt; o.length;\n                            n++\n                        )\n                            g(u, o[n]);\n                        e._i.push([i, s, a]);\n                    }),\n                    (e.__SV = 1));\n            })(document, window.posthog || []);\n            posthog.init(&quot;phc_xAvL2Iq4tFmANRE7kzbKwaSqp1HJjN7x48s3vr0CMjs&quot;, {\n                api_host: &quot;https://us.i.posthog.com&quot;,\n                person_profiles: &quot;identified_only&quot;, // or \'always\' to create profiles for anonymous users as well,\n                session_recording: {\n                    recordCrossOriginIframes: true,\n                },\n            });\n        &lt;/script&gt;\n    &lt;/body&gt;\n&lt;/html&gt;\n'.lower&#10; +      where '&lt;!doctype html&gt;\n&lt;html lang=&quot;en&quot;&gt;\n    &lt;head&gt;\n        &lt;meta charset=&quot;utf-8&quot; /&gt;\n        &lt;meta name=&quot;viewport&quot; content=&quot;width=device-width, initial-scale=1&quot; /&gt;\n        &lt;meta name=&quot;theme-color&quot; content=&quot;#000000&quot; /&gt;\n        &lt;meta name=&quot;description&quot; content=&quot;A product of emergent.sh&quot; /&gt;\n        &lt;!--\n        manifest.json provides metadata used when your web app is installed on a\n        user\'s mobile device or desktop. See https://developers.google.com/web/fundamentals/web-app-manifest/\n        --&gt;\n        &lt;!--\n        Notice the use of  in the tags above.\n        It will be replaced with the URL of the `public` folder during the build.\n        Only files inside the `public` folder can be referenced from the HTML.\n\n        Unlike &quot;/favicon.ico&quot; or &quot;favicon.ico&quot;, &quot;/favicon.ico&quot; will\n        work correctly both with client-side routing and a non-root public URL.\n        Learn how to configure a non-root public URL by running `npm run build`.\n        --&gt;\n        &lt;title&gt;Emergent | Fullstack App&lt;/title&gt;\n        &lt;script src=&quot;https://assets.emergent.sh/scripts/emergent-main.js&quot;&gt;&lt;/script&gt;\n        &lt;!--\n        These two scripts have been added for the Visual Edits, pleas...t_config startSessionRecording stopSessionRecording sessionRecordingStarted captureException loadToolbar get_property getSessionProperty Es $s createPersonProfile Is opt_in_capturing opt_out_capturing has_opted_in_capturing has_opted_out_capturing clear_opt_in_out_capturing Ss debug xs getPageViewId captureTraceFeedback captureTraceMetric&quot;.split(\n                                        &quot; &quot;,\n                                    ),\n                                n = 0;\n                            n &lt; o.length;\n                            n++\n                        )\n                            g(u, o[n]);\n                        e._i.push([i, s, a]);\n                    }),\n                    (e.__SV = 1));\n            })(document, window.posthog || []);\n            posthog.init(&quot;phc_xAvL2Iq4tFmANRE7kzbKwaSqp1HJjN7x48s3vr0CMjs&quot;, {\n                api_host: &quot;https://us.i.posthog.com&quot;,\n                person_profiles: &quot;identified_only&quot;, // or \'always\' to create profiles for anonymous users as well,\n                session_recording: {\n                    recordCrossOriginIframes: true,\n                },\n            });\n        &lt;/script&gt;\n    &lt;/body&gt;\n&lt;/html&gt;\n' = &lt;Response [200]&gt;.text">tests/test_paper_trading_enhancements.py:188: in test_frontend_loads
    assert "APEX TRADER" in response.text or "apex" in response.text.lower()
E   assert ('APEX TRADER' in '&lt;!doctype html&gt;\n&lt;html lang="en"&gt;\n    &lt;head&gt;\n        &lt;meta charset="utf-8" /&gt;\n        &lt;meta name="viewport" content="width=device-width, initial-scale=1" /&gt;\n        &lt;meta name="theme-color" content="#000000" /&gt;\n        &lt;meta name="description" content="A product of emergent.sh" /&gt;\n        &lt;!--\n        manifest.json provides metadata used when your web app is installed on a\n        user\'s mobile device or desktop. See https://developers.google.com/web/fundamentals/web-app-manifest/\n        --&gt;\n        &lt;!--\n        Notice the use of  in the tags above.\n        It will be replaced with the URL of the `public` folder during the build.\n        Only files inside the `public` folder can be referenced from the HTML.\n\n        Unlike "/favicon.ico" or "favicon.ico", "/favicon.ico" will\n        work correctly both with client-side routing and a non-root public URL.\n        Learn how to configure a non-root public URL by running `npm run build`.\n        --&gt;\n        &lt;title&gt;Emergent | Fullstack App&lt;/title&gt;\n        &lt;script src="https://assets.emergent.sh/scripts/emergent-main.js"&gt;&lt;/script&gt;\n        &lt;!--\n        These two scripts have been added for the Visual Edits, pleas...t_config startSessionRecording stopSessionRecording sessionRecordingStarted captureException loadToolbar get_property getSessionProperty Es $s createPersonProfile Is opt_in_capturing opt_out_capturing has_opted_in_capturing has_opted_out_capturing clear_opt_in_out_capturing Ss debug xs getPageViewId captureTraceFeedback captureTraceMetric".split(\n                                        " ",\n                                    ),\n                                n = 0;\n                            n &lt; o.length;\n                            n++\n                        )\n                            g(u, o[n]);\n                        e._i.push([i, s, a]);\n                    }),\n                    (e.__SV = 1));\n            })(document, window.posthog || []);\n            posthog.init("phc_xAvL2Iq4tFmANRE7kzbKwaSqp1HJjN7x48s3vr0CMjs", {\n                api_host: "https://us.i.posthog.com",\n                person_profiles: "identified_only", // or \'always\' to create profiles for anonymous users as well,\n                session_recording: {\n                    recordCrossOriginIframes: true,\n                },\n            });\n        &lt;/script&gt;\n    &lt;/body&gt;\n&lt;/html&gt;\n' or 'apex' in '&lt;!doctype html&gt;\n&lt;html lang="en"&gt;\n    &lt;head&gt;\n        &lt;meta charset="utf-8" /&gt;\n        &lt;meta name="viewport" content="width=device-width, initial-scale=1" /&gt;\n        &lt;meta name="theme-color" content="#000000" /&gt;\n        &lt;meta name="description" content="a product of emergent.sh" /&gt;\n        &lt;!--\n        manifest.json provides metadata used when your web app is installed on a\n        user\'s mobile device or desktop. see https://developers.google.com/web/fundamentals/web-app-manifest/\n        --&gt;\n        &lt;!--\n        notice the use of  in the tags above.\n        it will be replaced with the url of the `public` folder during the build.\n        only files inside the `public` folder can be referenced from the html.\n\n        unlike "/favicon.ico" or "favicon.ico", "/favicon.ico" will\n        work correctly both with client-side routing and a non-root public url.\n        learn how to configure a non-root public url by running `npm run build`.\n        --&gt;\n        &lt;title&gt;emergent | fullstack app&lt;/title&gt;\n        &lt;script src="https://assets.emergent.sh/scripts/emergent-main.js"&gt;&lt;/script&gt;\n        &lt;!--\n        these two scripts have been added for the visual edits, pleas...t_config startsessionrecording stopsessionrecording sessionrecordingstarted captureexception loadtoolbar get_property getsessionproperty es $s createpersonprofile is opt_in_capturing opt_out_capturing has_opted_in_capturing has_opted_out_capturing clear_opt_in_out_capturing ss debug xs getpageviewid capturetracefeedback capturetracemetric".split(\n                                        " ",\n                                    ),\n                                n = 0;\n                            n &lt; o.length;\n                            n++\n                        )\n                            g(u, o[n]);\n                        e._i.push([i, s, a]);\n                    }),\n                    (e.__sv = 1));\n            })(document, window.posthog || []);\n            posthog.init("phc_xavl2iq4tfmanre7kzbkwasqp1hjjn7x48s3vr0cmjs", {\n                api_host: "https://us.i.posthog.com",\n                person_profiles: "identified_only", // or \'always\' to create profiles for anonymous users as well,\n                session_recording: {\n                    recordcrossoriginiframes: true,\n                },\n            });\n        &lt;/script&gt;\n    &lt;/body&gt;\n&lt;/html&gt;\n')
E    +  where '&lt;!doctype html&gt;\n&lt;html lang="en"&gt;\n    &lt;head&gt;\n        &lt;meta charset="utf-8" /&gt;\n        &lt;meta name="viewport" content="width=device-width, initial-scale=1" /&gt;\n        &lt;meta name="theme-color" content="#000000" /&gt;\n        &lt;meta name="description" content="A product of emergent.sh" /&gt;\n        &lt;!--\n        manifest.json provides metadata used when your web app is installed on a\n        user\'s mobile device or desktop. See https://developers.google.com/web/fundamentals/web-app-manifest/\n        --&gt;\n        &lt;!--\n        Notice the use of  in the tags above.\n        It will be replaced with the URL of the `public` folder during the build.\n        Only files inside the `public` folder can be referenced from the HTML.\n\n        Unlike "/favicon.ico" or "favicon.ico", "/favicon.ico" will\n        work correctly both with client-side routing and a non-root public URL.\n        Learn how to configure a non-root public URL by running `npm run build`.\n        --&gt;\n        &lt;title&gt;Emergent | Fullstack App&lt;/title&gt;\n        &lt;script src="https://assets.emergent.sh/scripts/emergent-main.js"&gt;&lt;/script&gt;\n        &lt;!--\n        These two scripts have been added for the Visual Edits, pleas...t_config startSessionRecording stopSessionRecording sessionRecordingStarted captureException loadToolbar get_property getSessionProperty Es $s createPersonProfile Is opt_in_capturing opt_out_capturing has_opted_in_capturing has_opted_out_capturing clear_opt_in_out_capturing Ss debug xs getPageViewId captureTraceFeedback captureTraceMetric".split(\n                                        " ",\n                                    ),\n                                n = 0;\n                            n &lt; o.length;\n                            n++\n                        )\n                            g(u, o[n]);\n                        e._i.push([i, s, a]);\n                    }),\n                    (e.__SV = 1));\n            })(document, window.posthog || []);\n            posthog.init("phc_xAvL2Iq4tFmANRE7kzbKwaSqp1HJjN7x48s3vr0CMjs", {\n                api_host: "https://us.i.posthog.com",\n                person_profiles: "identified_only", // or \'always\' to create profiles for anonymous users as well,\n                session_recording: {\n                    recordCrossOriginIframes: true,\n                },\n            });\n        &lt;/script&gt;\n    &lt;/body&gt;\n&lt;/html&gt;\n' = &lt;Response [200]&gt;.text
E    +  and   '&lt;!doctype html&gt;\n&lt;html lang="en"&gt;\n    &lt;head&gt;\n        &lt;meta charset="utf-8" /&gt;\n        &lt;meta name="viewport" content="width=device-width, initial-scale=1" /&gt;\n        &lt;meta name="theme-color" content="#000000" /&gt;\n        &lt;meta name="description" content="a product of emergent.sh" /&gt;\n        &lt;!--\n        manifest.json provides metadata used when your web app is installed on a\n        user\'s mobile device or desktop. see https://developers.google.com/web/fundamentals/web-app-manifest/\n        --&gt;\n        &lt;!--\n        notice the use of  in the tags above.\n        it will be replaced with the url of the `public` folder during the build.\n        only files inside the `public` folder can be referenced from the html.\n\n        unlike "/favicon.ico" or "favicon.ico", "/favicon.ico" will\n        work correctly both with client-side routing and a non-root public url.\n        learn how to configure a non-root public url by running `npm run build`.\n        --&gt;\n        &lt;title&gt;emergent | fullstack app&lt;/title&gt;\n        &lt;script src="https://assets.emergent.sh/scripts/emergent-main.js"&gt;&lt;/script&gt;\n        &lt;!--\n        these two scripts have been added for the visual edits, pleas...t_config startsessionrecording stopsessionrecording sessionrecordingstarted captureexception loadtoolbar get_property getsessionproperty es $s createpersonprofile is opt_in_capturing opt_out_capturing has_opted_in_capturing has_opted_out_capturing clear_opt_in_out_capturing ss debug xs getpageviewid capturetracefeedback capturetracemetric".split(\n                                        " ",\n                                    ),\n                                n = 0;\n                            n &lt; o.length;\n                            n++\n                        )\n                            g(u, o[n]);\n                        e._i.push([i, s, a]);\n                    }),\n                    (e.__sv = 1));\n            })(document, window.posthog || []);\n            posthog.init("phc_xavl2iq4tfmanre7kzbkwasqp1hjjn7x48s3vr0cmjs", {\n                api_host: "https://us.i.posthog.com",\n                person_profiles: "identified_only", // or \'always\' to create profiles for anonymous users as well,\n                session_recording: {\n                    recordcrossoriginiframes: true,\n                },\n            });\n        &lt;/script&gt;\n    &lt;/body&gt;\n&lt;/html&gt;\n' = &lt;built-in method lower of str object at 0xb17270b70ab0&gt;()
E    +    where &lt;built-in method lower of str object at 0xb17270b70ab0&gt; = '&lt;!doctype html&gt;\n&lt;html lang="en"&gt;\n    &lt;head&gt;\n        &lt;meta charset="utf-8" /&gt;\n        &lt;meta name="viewport" content="width=device-width, initial-scale=1" /&gt;\n        &lt;meta name="theme-color" content="#000000" /&gt;\n        &lt;meta name="description" content="A product of emergent.sh" /&gt;\n        &lt;!--\n        manifest.json provides metadata used when your web app is installed on a\n        user\'s mobile device or desktop. See https://developers.google.com/web/fundamentals/web-app-manifest/\n        --&gt;\n        &lt;!--\n        Notice the use of  in the tags above.\n        It will be replaced with the URL of the `public` folder during the build.\n        Only files inside the `public` folder can be referenced from the HTML.\n\n        Unlike "/favicon.ico" or "favicon.ico", "/favicon.ico" will\n        work correctly both with client-side routing and a non-root public URL.\n        Learn how to configure a non-root public URL by running `npm run build`.\n        --&gt;\n        &lt;title&gt;Emergent | Fullstack App&lt;/title&gt;\n        &lt;script src="https://assets.emergent.sh/scripts/emergent-main.js"&gt;&lt;/script&gt;\n        &lt;!--\n        These two scripts have been added for the Visual Edits, pleas...t_config startSessionRecording stopSessionRecording sessionRecordingStarted captureException loadToolbar get_property getSessionProperty Es $s createPersonProfile Is opt_in_capturing opt_out_capturing has_opted_in_capturing has_opted_out_capturing clear_opt_in_out_capturing Ss debug xs getPageViewId captureTraceFeedback captureTraceMetric".split(\n                                        " ",\n                                    ),\n                                n = 0;\n                            n &lt; o.length;\n                            n++\n                        )\n                            g(u, o[n]);\n                        e._i.push([i, s, a]);\n                    }),\n                    (e.__SV = 1));\n            })(document, window.posthog || []);\n            posthog.init("phc_xAvL2Iq4tFmANRE7kzbKwaSqp1HJjN7x48s3vr0CMjs", {\n                api_host: "https://us.i.posthog.com",\n                person_profiles: "identified_only", // or \'always\' to create profiles for anonymous users as well,\n                session_recording: {\n                    recordCrossOriginIframes: true,\n                },\n            });\n        &lt;/script&gt;\n    &lt;/body&gt;\n&lt;/html&gt;\n'.lower
E    +      where '&lt;!doctype html&gt;\n&lt;html lang="en"&gt;\n    &lt;head&gt;\n        &lt;meta charset="utf-8" /&gt;\n        &lt;meta name="viewport" content="width=device-width, initial-scale=1" /&gt;\n        &lt;meta name="theme-color" content="#000000" /&gt;\n        &lt;meta name="description" content="A product of emergent.sh" /&gt;\n        &lt;!--\n        manifest.json provides metadata used when your web app is installed on a\n        user\'s mobile device or desktop. See https://developers.google.com/web/fundamentals/web-app-manifest/\n        --&gt;\n        &lt;!--\n        Notice the use of  in the tags above.\n        It will be replaced with the URL of the `public` folder during the build.\n        Only files inside the `public` folder can be referenced from the HTML.\n\n        Unlike "/favicon.ico" or "favicon.ico", "/favicon.ico" will\n        work correctly both with client-side routing and a non-root public URL.\n        Learn how to configure a non-root public URL by running `npm run build`.\n        --&gt;\n        &lt;title&gt;Emergent | Fullstack App&lt;/title&gt;\n        &lt;script src="https://assets.emergent.sh/scripts/emergent-main.js"&gt;&lt;/script&gt;\n        &lt;!--\n        These two scripts have been added for the Visual Edits, pleas...t_config startSessionRecording stopSessionRecording sessionRecordingStarted captureException loadToolbar get_property getSessionProperty Es $s createPersonProfile Is opt_in_capturing opt_out_capturing has_opted_in_capturing has_opted_out_capturing clear_opt_in_out_capturing Ss debug xs getPageViewId captureTraceFeedback captureTraceMetric".split(\n                                        " ",\n                                    ),\n                                n = 0;\n                            n &lt; o.length;\n                            n++\n                        )\n                            g(u, o[n]);\n                        e._i.push([i, s, a]);\n                    }),\n                    (e.__SV = 1));\n            })(document, window.posthog || []);\n            posthog.init("phc_xAvL2Iq4tFmANRE7kzbKwaSqp1HJjN7x48s3vr0CMjs", {\n                api_host: "https://us.i.posthog.com",\n                person_profiles: "identified_only", // or \'always\' to create profiles for anonymous users as well,\n                session_recording: {\n                    recordCrossOriginIframes: true,\n                },\n            });\n        &lt;/script&gt;\n    &lt;/body&gt;\n&lt;/html&gt;\n' = &lt;Response [200]&gt;.text</failure></testcase><testcase classname="tests.test_paper_trading_enhancements.TestOtherPaperEndpoints" name="test_paper_positions_endpoint" time="0.039" /><testcase classname="tests.test_paper_trading_enhancements.TestOtherPaperEndpoints" name="test_paper_trades_endpoint" time="0.036" /><testcase classname="tests.test_paper_trading_enhancements.TestOtherPaperEndpoints" name="test_paper_sessions_endpoint" time="0.036" /><testcase classname="tests.test_paper_trading_enhancements.TestOtherPaperEndpoints" name="test_paper_analytics_endpoint" time="0.040" /><testcase classname="tests.test_paper_trading_enhancements.TestOptimizerEndpoint" name="test_optimizer_params_endpoint" time="0.077" /><testcase classname="tests.test_paper_trading_enhancements.TestRLStatsEndpoint" name="test_rl_stats_endpoint" time="0.040" /></testsuite></testsuites>