<?xml version="1.0" encoding="utf-8"?><testsuites name="pytest tests"><testsuite name="pytest" errors="0" failures="3" skipped="0" tests="15" time="1.451" timestamp="2026-02-07T01:41:49.960827+00:00" hostname="agent-env-c2ec19af-f9ac-4823-9f11-2caa02c770b3"><testcase classname="tests.test_five_lane_dashboard.TestAnalyticsEndpoint" name="test_analytics_endpoint_returns_200" time="0.239" /><testcase classname="tests.test_five_lane_dashboard.TestAnalyticsEndpoint" name="test_analytics_contains_lane_performance" time="0.211" /><testcase classname="tests.test_five_lane_dashboard.TestAnalyticsEndpoint" name="test_lane_performance_has_hft_data" time="0.219" /><testcase classname="tests.test_five_lane_dashboard.TestAnalyticsEndpoint" name="test_lane_performance_has_alpha_data" time="0.212" /><testcase classname="tests.test_five_lane_dashboard.TestAnalyticsEndpoint" name="test_lane_metrics_structure" time="0.216" /><testcase classname="tests.test_five_lane_dashboard.TestStrategyLaneMapping" name="test_sports_arbitrage_maps_to_sports" time="0.003" /><testcase classname="tests.test_five_lane_dashboard.TestStrategyLaneMapping" name="test_news_sniper_maps_to_news" time="0.000" /><testcase classname="tests.test_five_lane_dashboard.TestStrategyLaneMapping" name="test_hft_strategies_map_to_hft" time="0.000" /><testcase classname="tests.test_five_lane_dashboard.TestStrategyLaneMapping" name="test_alpha_strategies_map_to_alpha" time="0.000" /><testcase classname="tests.test_five_lane_dashboard.TestStrategyLaneMapping" name="test_gamma_strategies_map_to_gamma" time="0.000" /><testcase classname="tests.test_five_lane_dashboard.TestStrategyLaneMapping" name="test_all_five_lanes_supported" time="0.000" /><testcase classname="tests.test_five_lane_dashboard.TestLanePerformanceCalculation" name="test_lane_metrics_calculation_method_exists" time="0.182"><failure message="TypeError: 'NoneType' object is not subscriptable">tests/test_five_lane_dashboard.py:163: in test_lane_metrics_calculation_method_exists
    analytics = PerformanceAnalytics()
                ^^^^^^^^^^^^^^^^^^^^^^
services/performance_analytics.py:14: in __init__
    self.db = get_db()
              ^^^^^^^^
database.py:30: in get_db
    return db_instance.client[config.DB_NAME]
           ^^^^^^^^^^^^^^^^^^^^^^^^^^^^^^^^^^
E   TypeError: 'NoneType' object is not subscriptable</failure></testcase><testcase classname="tests.test_five_lane_dashboard.TestLanePerformanceCalculation" name="test_lane_metrics_returns_dict" time="0.000"><failure message="TypeError: 'NoneType' object is not subscriptable">tests/test_five_lane_dashboard.py:171: in test_lane_metrics_returns_dict
    analytics = PerformanceAnalytics()
                ^^^^^^^^^^^^^^^^^^^^^^
services/performance_analytics.py:14: in __init__
    self.db = get_db()
              ^^^^^^^^
database.py:30: in get_db
    return db_instance.client[config.DB_NAME]
           ^^^^^^^^^^^^^^^^^^^^^^^^^^^^^^^^^^
E   TypeError: 'NoneType' object is not subscriptable</failure></testcase><testcase classname="tests.test_five_lane_dashboard.TestLanePerformanceCalculation" name="test_lane_metrics_with_mock_trades" time="0.000"><failure message="TypeError: 'NoneType' object is not subscriptable">tests/test_five_lane_dashboard.py:182: in test_lane_metrics_with_mock_trades
    analytics = PerformanceAnalytics()
                ^^^^^^^^^^^^^^^^^^^^^^
services/performance_analytics.py:14: in __init__
    self.db = get_db()
              ^^^^^^^^
database.py:30: in get_db
    return db_instance.client[config.DB_NAME]
           ^^^^^^^^^^^^^^^^^^^^^^^^^^^^^^^^^^
E   TypeError: 'NoneType' object is not subscriptable</failure></testcase><testcase classname="tests.test_five_lane_dashboard.TestHealthEndpoint" name="test_health_endpoint" time="0.042" /></testsuite></testsuites>