<?xml version="1.0" encoding="utf-8"?><testsuites name="pytest tests"><testsuite name="pytest" errors="0" failures="0" skipped="0" tests="15" time="1.059" timestamp="2026-01-26T09:50:14.168358+00:00" hostname="agent-env-c0ea2e88-e667-493b-b329-203c39c74005"><testcase classname="backend.tests.test_iteration31_two_speed_config.TestTwoSpeedArchitectureConfig" name="test_get_config_returns_all_two_speed_fields" time="0.071" /><testcase classname="backend.tests.test_iteration31_two_speed_config.TestTwoSpeedArchitectureConfig" name="test_strategy_risk_multipliers_structure" time="0.041" /><testcase classname="backend.tests.test_iteration31_two_speed_config.TestTwoSpeedArchitectureConfig" name="test_expiry_thresholds_structure" time="0.040" /><testcase classname="backend.tests.test_iteration31_two_speed_config.TestTwoSpeedArchitectureConfig" name="test_hft_execution_structure" time="0.039" /><testcase classname="backend.tests.test_iteration31_two_speed_config.TestTwoSpeedArchitectureConfig" name="test_spread_policy_structure" time="0.044" /><testcase classname="backend.tests.test_iteration31_two_speed_config.TestTwoSpeedArchitectureConfig" name="test_variance_sizing_structure" time="0.039" /><testcase classname="backend.tests.test_iteration31_two_speed_config.TestConfigUpdate" name="test_update_variance_sizing" time="0.082" /><testcase classname="backend.tests.test_iteration31_two_speed_config.TestConfigUpdate" name="test_update_spread_policy" time="0.073" /><testcase classname="backend.tests.test_iteration31_two_speed_config.TestConfigUpdate" name="test_update_hft_execution" time="0.073" /><testcase classname="backend.tests.test_iteration31_two_speed_config.TestConfigUpdate" name="test_update_strategy_risk_multipliers" time="0.110" /><testcase classname="backend.tests.test_iteration31_two_speed_config.TestConfigUpdate" name="test_update_expiry_thresholds" time="0.069" /><testcase classname="backend.tests.test_iteration31_two_speed_config.TestConfigPersistence" name="test_multiple_updates_persist" time="0.076" /><testcase classname="backend.tests.test_iteration31_two_speed_config.TestConfigPersistence" name="test_hft_alpha_allocation_sum" time="0.035" /><testcase classname="backend.tests.test_iteration31_two_speed_config.TestHealthAndAuth" name="test_health_endpoint" time="0.037" /><testcase classname="backend.tests.test_iteration31_two_speed_config.TestHealthAndAuth" name="test_config_requires_auth" time="0.113" /></testsuite></testsuites>