<?xml version="1.0" encoding="utf-8"?><testsuites name="pytest tests"><testsuite name="pytest" errors="0" failures="0" skipped="0" tests="14" time="9.697" timestamp="2026-01-15T01:50:37.380275+00:00" hostname="agent-env-c6695bc9-1a0e-473a-8ac1-be5f72254e81"><testcase classname="tests.test_jwt_auth_paper_trading.TestJWTAuthentication" name="test_jwt_login_json_endpoint_returns_token" time="0.334" /><testcase classname="tests.test_jwt_auth_paper_trading.TestJWTAuthentication" name="test_jwt_login_invalid_credentials" time="0.042" /><testcase classname="tests.test_jwt_auth_paper_trading.TestJWTAuthentication" name="test_jwt_token_can_access_protected_endpoint" time="0.304" /><testcase classname="tests.test_jwt_auth_paper_trading.TestPaperTradingWithJWT" name="test_paper_trading_start_with_jwt_token" time="3.458" /><testcase classname="tests.test_jwt_auth_paper_trading.TestPaperTradingWithJWT" name="test_paper_trading_start_without_auth_fails" time="0.037" /><testcase classname="tests.test_jwt_auth_paper_trading.TestPaperTradingStatus" name="test_paper_status_returns_complete_structure_no_session" time="0.040" /><testcase classname="tests.test_jwt_auth_paper_trading.TestPaperTradingStatus" name="test_paper_status_includes_unrealized_pnl" time="0.036" /><testcase classname="tests.test_jwt_auth_paper_trading.TestPaperTradingStatus" name="test_paper_status_includes_combined_pnl" time="0.039" /><testcase classname="tests.test_jwt_auth_paper_trading.TestPaperTradingStatus" name="test_paper_status_includes_deployed_capital" time="0.036" /><testcase classname="tests.test_jwt_auth_paper_trading.TestPaperTradingStatus" name="test_paper_status_includes_config_object" time="0.036" /><testcase classname="tests.test_jwt_auth_paper_trading.TestPaperTradingTrades" name="test_paper_trades_endpoint_returns_valid_json" time="0.036" /><testcase classname="tests.test_jwt_auth_paper_trading.TestConfigUpdate" name="test_config_update_saves_to_db" time="0.414" /><testcase classname="tests.test_jwt_auth_paper_trading.TestPaperTradingWithConfigParams" name="test_paper_trading_uses_config_params" time="3.584" /><testcase classname="tests.test_jwt_auth_paper_trading.TestDualAuthSupport" name="test_basic_auth_still_works" time="1.178" /></testsuite></testsuites>