<?xml version="1.0" encoding="utf-8"?><testsuites name="pytest tests"><testsuite name="pytest" errors="0" failures="0" skipped="0" tests="40" time="0.340" timestamp="2026-01-27T17:19:31.419273+00:00" hostname="agent-env-1845aae3-39d6-462e-899e-8859451c6bc8"><testcase classname="tests.test_task26_unified_ssot.TestRiskConfigGetThresholds" name="test_hft_thresholds_high_price" time="0.003" /><testcase classname="tests.test_task26_unified_ssot.TestRiskConfigGetThresholds" name="test_gamma_thresholds_low_price" time="0.000" /><testcase classname="tests.test_task26_unified_ssot.TestRiskConfigGetThresholds" name="test_alpha_core_thresholds" time="0.000" /><testcase classname="tests.test_task26_unified_ssot.TestRiskConfigGetThresholds" name="test_alpha_whale_thresholds" time="0.000" /><testcase classname="tests.test_task26_unified_ssot.TestRiskConfigGetThresholds" name="test_arbitrage_maps_to_hft" time="0.000" /><testcase classname="tests.test_task26_unified_ssot.TestRiskConfigGetThresholds" name="test_gamma_scalp_maps_to_gamma" time="0.000" /><testcase classname="tests.test_task26_unified_ssot.TestRiskConfigGetThresholds" name="test_delta_neutral_maps_to_hft" time="0.000" /><testcase classname="tests.test_task26_unified_ssot.TestRiskConfigGetThresholds" name="test_alpha_directional_maps_to_alpha" time="0.000" /><testcase classname="tests.test_task26_unified_ssot.TestRiskConfigGetStrategyPath" name="test_arbitrage_returns_hft" time="0.000" /><testcase classname="tests.test_task26_unified_ssot.TestRiskConfigGetStrategyPath" name="test_gamma_scalp_returns_gamma" time="0.000" /><testcase classname="tests.test_task26_unified_ssot.TestRiskConfigGetStrategyPath" name="test_alpha_directional_returns_alpha" time="0.000" /><testcase classname="tests.test_task26_unified_ssot.TestRiskConfigGetStrategyPath" name="test_delta_neutral_returns_hft" time="0.000" /><testcase classname="tests.test_task26_unified_ssot.TestRiskConfigGetStrategyPath" name="test_market_making_returns_hft" time="0.000" /><testcase classname="tests.test_task26_unified_ssot.TestRiskConfigGetStrategyPath" name="test_whale_returns_gamma" time="0.000" /><testcase classname="tests.test_task26_unified_ssot.TestRiskConfigGetStrategyPath" name="test_moonshot_returns_gamma" time="0.000" /><testcase classname="tests.test_task26_unified_ssot.TestRiskConfigGetStrategyPath" name="test_unknown_strategy_defaults_to_alpha" time="0.000" /><testcase classname="tests.test_task26_unified_ssot.TestRiskConfigGetStrategyPath" name="test_none_strategy_defaults_to_alpha" time="0.000" /><testcase classname="tests.test_task26_unified_ssot.TestAPIPortfolioRiskEndpoint" name="test_api_returns_hft_liquidity_params" time="0.105" /><testcase classname="tests.test_task26_unified_ssot.TestAPIPortfolioRiskEndpoint" name="test_api_returns_alpha_liquidity_params" time="0.041" /><testcase classname="tests.test_task26_unified_ssot.TestAPIPortfolioRiskEndpoint" name="test_api_returns_gamma_liquidity_params" time="0.054" /><testcase classname="tests.test_task26_unified_ssot.TestAPIPortfolioRiskEndpoint" name="test_api_returns_analysis_thresholds" time="0.038" /><testcase classname="tests.test_task26_unified_ssot.TestDefaultsValues" name="test_defaults_hft_values" time="0.000" /><testcase classname="tests.test_task26_unified_ssot.TestDefaultsValues" name="test_defaults_alpha_values" time="0.000" /><testcase classname="tests.test_task26_unified_ssot.TestDefaultsValues" name="test_defaults_gamma_values" time="0.000" /><testcase classname="tests.test_task26_unified_ssot.TestDefaultsValues" name="test_defaults_analysis_values" time="0.000" /><testcase classname="tests.test_task26_unified_ssot.TestMLModulesUseRISK" name="test_adaptive_position_sizer_imports_risk" time="0.000" /><testcase classname="tests.test_task26_unified_ssot.TestMLModulesUseRISK" name="test_adaptive_position_sizer_uses_get_thresholds" time="0.000" /><testcase classname="tests.test_task26_unified_ssot.TestMLModulesUseRISK" name="test_bayesian_outlier_uses_data_cleaning_thresholds" time="0.000" /><testcase classname="tests.test_task26_unified_ssot.TestMLModulesUseRISK" name="test_sharp_detector_uses_sharp_detection_threshold" time="0.000" /><testcase classname="tests.test_task26_unified_ssot.TestMLModulesUseRISK" name="test_rl_engine_uses_norm_anchors" time="0.000" /><testcase classname="tests.test_task26_unified_ssot.TestMLModulesUseRISK" name="test_signal_fusion_uses_norm_volume_anchor" time="0.000" /><testcase classname="tests.test_task26_unified_ssot.TestMLModulesUseRISK" name="test_sentiment_llm_uses_hot_market_threshold" time="0.000" /><testcase classname="tests.test_task26_unified_ssot.TestRiskConfigAttributes" name="test_risk_has_hft_attributes" time="0.000" /><testcase classname="tests.test_task26_unified_ssot.TestRiskConfigAttributes" name="test_risk_has_alpha_attributes" time="0.000" /><testcase classname="tests.test_task26_unified_ssot.TestRiskConfigAttributes" name="test_risk_has_gamma_attributes" time="0.000" /><testcase classname="tests.test_task26_unified_ssot.TestRiskConfigAttributes" name="test_risk_has_analysis_attributes" time="0.000" /><testcase classname="tests.test_task26_unified_ssot.TestToDictIncludesTask26Params" name="test_to_dict_has_hft_params" time="0.000" /><testcase classname="tests.test_task26_unified_ssot.TestToDictIncludesTask26Params" name="test_to_dict_has_alpha_params" time="0.000" /><testcase classname="tests.test_task26_unified_ssot.TestToDictIncludesTask26Params" name="test_to_dict_has_gamma_params" time="0.000" /><testcase classname="tests.test_task26_unified_ssot.TestToDictIncludesTask26Params" name="test_to_dict_has_analysis_params" time="0.000" /></testsuite></testsuites>