<?xml version="1.0" encoding="utf-8"?><testsuites name="pytest tests"><testsuite name="pytest" errors="0" failures="0" skipped="0" tests="18" time="0.046" timestamp="2026-02-27T22:49:30.762181+00:00" hostname="agent-env-9d907f97-3677-4786-82d5-4a83149d6a54"><testcase classname="tests.test_sports_classification_fix_pytest.TestSportsClassificationWithCategoryField" name="test_market_with_sports_category_capital_s" time="0.001" /><testcase classname="tests.test_sports_classification_fix_pytest.TestSportsClassificationWithCategoryField" name="test_market_with_sports_category_lowercase" time="0.001" /><testcase classname="tests.test_sports_classification_fix_pytest.TestSportsClassificationBugScenario" name="test_question_only_fails_to_detect_sports" time="0.001" /><testcase classname="tests.test_sports_classification_fix_pytest.TestSportsClassificationBugScenario" name="test_full_market_object_detects_sports" time="0.000" /><testcase classname="tests.test_sports_classification_fix_pytest.TestSportsClassificationWithTags" name="test_market_with_nba_tag" time="0.000" /><testcase classname="tests.test_sports_classification_fix_pytest.TestSportsClassificationWithTags" name="test_market_with_nfl_tag" time="0.000" /><testcase classname="tests.test_sports_classification_fix_pytest.TestSportsClassificationWithTags" name="test_market_with_premier_league_tag" time="0.000" /><testcase classname="tests.test_sports_classification_fix_pytest.TestHFTEngineSportsFilter" name="test_hft_identifies_sports_market" time="0.003" /><testcase classname="tests.test_sports_classification_fix_pytest.TestHFTEngineSportsFilter" name="test_hft_identifies_non_sports_market" time="0.000" /><testcase classname="tests.test_sports_classification_fix_pytest.TestHFTEngineSportsFilter" name="test_hft_identifies_politics_market" time="0.000" /><testcase classname="tests.test_sports_classification_fix_pytest.TestEsportsClassification" name="test_esports_classified_as_sports" time="0.000" /><testcase classname="tests.test_sports_classification_fix_pytest.TestEsportsClassification" name="test_esports_is_sports_market" time="0.000" /><testcase classname="tests.test_sports_classification_fix_pytest.TestNonSportsClassification" name="test_crypto_market_not_sports" time="0.000" /><testcase classname="tests.test_sports_classification_fix_pytest.TestNonSportsClassification" name="test_politics_market_not_sports" time="0.000" /><testcase classname="tests.test_sports_classification_fix_pytest.TestNonSportsClassification" name="test_economics_market_not_sports" time="0.000" /><testcase classname="tests.test_sports_classification_fix_pytest.TestEdgeCases" name="test_empty_market_object" time="0.000" /><testcase classname="tests.test_sports_classification_fix_pytest.TestEdgeCases" name="test_none_category" time="0.000" /><testcase classname="tests.test_sports_classification_fix_pytest.TestEdgeCases" name="test_mixed_case_sports_category" time="0.000" /></testsuite></testsuites>