<?xml version="1.0" encoding="utf-8"?><testsuites name="pytest tests"><testsuite name="pytest" errors="0" failures="0" skipped="0" tests="11" time="0.533" timestamp="2026-01-14T23:29:54.748972+00:00" hostname="agent-env-67ecb88e-b3e1-4b8c-8def-862655fe0304"><testcase classname="tests.test_paper_trading_features.TestPaperTradingAPI" name="test_paper_status_endpoint" time="0.056" /><testcase classname="tests.test_paper_trading_features.TestPaperTradingAPI" name="test_paper_analytics_endpoint" time="0.043" /><testcase classname="tests.test_paper_trading_features.TestPaperTradingAPI" name="test_paper_positions_endpoint" time="0.041" /><testcase classname="tests.test_paper_trading_features.TestPaperTradingAPI" name="test_paper_sessions_endpoint" time="0.040" /><testcase classname="tests.test_paper_trading_features.TestPaperTradingAPI" name="test_paper_trades_endpoint" time="0.038" /><testcase classname="tests.test_paper_trading_features.TestOptimizerAPI" name="test_optimizer_params_endpoint" time="0.038" /><testcase classname="tests.test_paper_trading_features.TestOptimizerAPI" name="test_optimizer_stats_endpoint" time="0.078" /><testcase classname="tests.test_paper_trading_features.TestRLIntegration" name="test_rl_detailed_stats_endpoint" time="0.038" /><testcase classname="tests.test_paper_trading_features.TestRLIntegration" name="test_rl_stats_endpoint" time="0.037" /><testcase classname="tests.test_paper_trading_features.TestHealthAndStatus" name="test_health_endpoint" time="0.036" /><testcase classname="tests.test_paper_trading_features.TestHealthAndStatus" name="test_status_endpoint" time="0.034" /></testsuite></testsuites>