<?xml version="1.0" encoding="utf-8"?><testsuites name="pytest tests"><testsuite name="pytest" errors="0" failures="0" skipped="0" tests="17" time="1.458" timestamp="2026-01-16T02:35:56.248827+00:00" hostname="agent-env-4a636450-5718-4250-a864-10118b92995d"><testcase classname="tests.test_new_config_features_iteration18.TestHealthAndBasics" name="test_health_endpoint" time="0.058" /><testcase classname="tests.test_new_config_features_iteration18.TestConfigNewFields" name="test_config_returns_kelly_bounds" time="0.042" /><testcase classname="tests.test_new_config_features_iteration18.TestConfigNewFields" name="test_config_returns_position_limits" time="0.036" /><testcase classname="tests.test_new_config_features_iteration18.TestConfigNewFields" name="test_config_returns_alerts_config" time="0.038" /><testcase classname="tests.test_new_config_features_iteration18.TestConfigNewFields" name="test_config_returns_asset_class_exit_multipliers" time="0.040" /><testcase classname="tests.test_new_config_features_iteration18.TestConfigUpdate" name="test_update_kelly_bounds" time="0.147" /><testcase classname="tests.test_new_config_features_iteration18.TestConfigUpdate" name="test_update_position_limits" time="0.142" /><testcase classname="tests.test_new_config_features_iteration18.TestConfigUpdate" name="test_update_alerts_config" time="0.182" /><testcase classname="tests.test_new_config_features_iteration18.TestConfigUpdate" name="test_update_asset_class_exit_multipliers" time="0.171" /><testcase classname="tests.test_new_config_features_iteration18.TestAlertsEndpoints" name="test_get_alerts_returns_correct_structure" time="0.033" /><testcase classname="tests.test_new_config_features_iteration18.TestAlertsEndpoints" name="test_toggle_alerts_enable" time="0.070" /><testcase classname="tests.test_new_config_features_iteration18.TestAlertsEndpoints" name="test_toggle_alerts_disable" time="0.066" /><testcase classname="tests.test_new_config_features_iteration18.TestAlertsEndpoints" name="test_clear_alerts" time="0.109" /><testcase classname="tests.test_new_config_features_iteration18.TestEnvFileCleanup" name="test_config_not_from_env_hardcoded" time="0.076" /><testcase classname="tests.test_new_config_features_iteration18.TestDefaultValues" name="test_default_kelly_bounds" time="0.033" /><testcase classname="tests.test_new_config_features_iteration18.TestDefaultValues" name="test_default_position_limits" time="0.037" /><testcase classname="tests.test_new_config_features_iteration18.TestDefaultValues" name="test_default_alerts_config" time="0.048" /></testsuite></testsuites>