<?xml version="1.0" encoding="utf-8"?><testsuites name="pytest tests"><testsuite name="pytest" errors="0" failures="0" skipped="0" tests="26" time="3.255" timestamp="2026-02-27T16:32:31.128191+00:00" hostname="agent-env-9ee492f0-40a3-479a-b1f9-7434cdea806d"><testcase classname="tests.test_tag_library_service.TestTagLibraryStats" name="test_stats_endpoint_returns_200" time="0.313" /><testcase classname="tests.test_tag_library_service.TestTagLibraryStats" name="test_stats_has_required_fields" time="0.140" /><testcase classname="tests.test_tag_library_service.TestTagLibraryStats" name="test_stats_contains_tag_counts" time="0.115" /><testcase classname="tests.test_tag_library_service.TestTagLibraryClassify" name="test_classify_sports_market_nfl" time="0.130" /><testcase classname="tests.test_tag_library_service.TestTagLibraryClassify" name="test_classify_sports_market_nba" time="0.113" /><testcase classname="tests.test_tag_library_service.TestTagLibraryClassify" name="test_classify_sports_market_soccer" time="0.133" /><testcase classname="tests.test_tag_library_service.TestTagLibraryClassify" name="test_classify_crypto_market_bitcoin" time="0.118" /><testcase classname="tests.test_tag_library_service.TestTagLibraryClassify" name="test_classify_crypto_market_ethereum" time="0.122" /><testcase classname="tests.test_tag_library_service.TestTagLibraryClassify" name="test_classify_politics_market_us" time="0.132" /><testcase classname="tests.test_tag_library_service.TestTagLibraryClassify" name="test_classify_market_with_confidence" time="0.142" /><testcase classname="tests.test_tag_library_service.TestTagLibraryClassify" name="test_classify_market_with_source" time="0.125" /><testcase classname="tests.test_tag_library_service.TestRiskConfigCategories" name="test_risk_config_has_categories_section" time="0.000" /><testcase classname="tests.test_tag_library_service.TestRiskConfigCategories" name="test_categories_has_metadata" time="0.000" /><testcase classname="tests.test_tag_library_service.TestRiskConfigCategories" name="test_categories_has_required_categories" time="0.000" /><testcase classname="tests.test_tag_library_service.TestRiskConfigCategories" name="test_categories_have_sub_categories" time="0.000" /><testcase classname="tests.test_tag_library_service.TestRiskConfigCategories" name="test_sports_category_has_expected_sub_categories" time="0.000" /><testcase classname="tests.test_tag_library_service.TestRiskConfigCategories" name="test_crypto_category_has_expected_sub_categories" time="0.000" /><testcase classname="tests.test_tag_library_service.TestRiskConfigCategories" name="test_sub_categories_have_allocation_and_multipliers" time="0.000" /><testcase classname="tests.test_tag_library_service.TestCumulativeStatsSubCategory" name="test_cumulative_stats_returns_200" time="0.133" /><testcase classname="tests.test_tag_library_service.TestCumulativeStatsSubCategory" name="test_cumulative_stats_has_by_sub_category" time="0.113" /><testcase classname="tests.test_tag_library_service.TestCumulativeStatsSubCategory" name="test_cumulative_stats_by_sub_category_structure" time="0.127" /><testcase classname="tests.test_tag_library_service.TestTagLibraryCategories" name="test_categories_endpoint_returns_200" time="0.140" /><testcase classname="tests.test_tag_library_service.TestTagLibraryCategories" name="test_categories_has_required_fields" time="0.101" /><testcase classname="tests.test_tag_library_service.TestTagLibraryCategories" name="test_categories_contains_sports" time="0.104" /><testcase classname="tests.test_tag_library_service.TestHFTEngineTagLibraryIntegration" name="test_classify_sports_market_for_hft_filtering" time="0.508" /><testcase classname="tests.test_tag_library_service.TestHFTEngineTagLibraryIntegration" name="test_classify_non_sports_market_for_hft" time="0.341" /></testsuite></testsuites>