<?xml version="1.0" encoding="utf-8"?><testsuites name="pytest tests"><testsuite name="pytest" errors="0" failures="4" skipped="0" tests="40" time="0.400" timestamp="2026-01-27T17:18:55.035393+00:00" hostname="agent-env-1845aae3-39d6-462e-899e-8859451c6bc8"><testcase classname="tests.test_task26_unified_ssot.TestRiskConfigGetThresholds" name="test_hft_thresholds_high_price" time="0.003" /><testcase classname="tests.test_task26_unified_ssot.TestRiskConfigGetThresholds" name="test_gamma_thresholds_low_price" time="0.000" /><testcase classname="tests.test_task26_unified_ssot.TestRiskConfigGetThresholds" name="test_alpha_core_thresholds" time="0.000" /><testcase classname="tests.test_task26_unified_ssot.TestRiskConfigGetThresholds" name="test_alpha_whale_thresholds" time="0.000" /><testcase classname="tests.test_task26_unified_ssot.TestRiskConfigGetThresholds" name="test_arbitrage_maps_to_hft" time="0.000" /><testcase classname="tests.test_task26_unified_ssot.TestRiskConfigGetThresholds" name="test_gamma_scalp_maps_to_gamma" time="0.000" /><testcase classname="tests.test_task26_unified_ssot.TestRiskConfigGetThresholds" name="test_delta_neutral_maps_to_hft" time="0.000" /><testcase classname="tests.test_task26_unified_ssot.TestRiskConfigGetThresholds" name="test_alpha_directional_maps_to_alpha" time="0.000" /><testcase classname="tests.test_task26_unified_ssot.TestRiskConfigGetStrategyPath" name="test_arbitrage_returns_hft" time="0.000" /><testcase classname="tests.test_task26_unified_ssot.TestRiskConfigGetStrategyPath" name="test_gamma_scalp_returns_gamma" time="0.000" /><testcase classname="tests.test_task26_unified_ssot.TestRiskConfigGetStrategyPath" name="test_alpha_directional_returns_alpha" time="0.000" /><testcase classname="tests.test_task26_unified_ssot.TestRiskConfigGetStrategyPath" name="test_delta_neutral_returns_hft" time="0.000" /><testcase classname="tests.test_task26_unified_ssot.TestRiskConfigGetStrategyPath" name="test_market_making_returns_hft" time="0.000" /><testcase classname="tests.test_task26_unified_ssot.TestRiskConfigGetStrategyPath" name="test_whale_returns_gamma" time="0.000" /><testcase classname="tests.test_task26_unified_ssot.TestRiskConfigGetStrategyPath" name="test_moonshot_returns_gamma" time="0.000" /><testcase classname="tests.test_task26_unified_ssot.TestRiskConfigGetStrategyPath" name="test_unknown_strategy_defaults_to_alpha" time="0.000" /><testcase classname="tests.test_task26_unified_ssot.TestRiskConfigGetStrategyPath" name="test_none_strategy_defaults_to_alpha" time="0.000" /><testcase classname="tests.test_task26_unified_ssot.TestAPIPortfolioRiskEndpoint" name="test_api_returns_hft_liquidity_params" time="0.079"><failure message="AssertionError: Missing hft_min_liquidity in API response&#10;assert 'hft_min_liquidity' in {'config': {'allocated_capital_pct': 80.0, 'alpha_allocation_pct': 55.0, 'alpha_core_liquidity': 1000.0, 'alpha_core_volume': 1000.0, ...}, 'defaults': {'allocated_capital_pct': 80.0, 'alpha_allocation_pct': 55.0, 'alpha_core_liquidity': 1000.0, 'alpha_core_volume': 1000.0, ...}, 'source': 'database'}">tests/test_task26_unified_ssot.py:181: in test_api_returns_hft_liquidity_params
    assert 'hft_min_liquidity' in data, "Missing hft_min_liquidity in API response"
E   AssertionError: Missing hft_min_liquidity in API response
E   assert 'hft_min_liquidity' in {'config': {'allocated_capital_pct': 80.0, 'alpha_allocation_pct': 55.0, 'alpha_core_liquidity': 1000.0, 'alpha_core_volume': 1000.0, ...}, 'defaults': {'allocated_capital_pct': 80.0, 'alpha_allocation_pct': 55.0, 'alpha_core_liquidity': 1000.0, 'alpha_core_volume': 1000.0, ...}, 'source': 'database'}</failure></testcase><testcase classname="tests.test_task26_unified_ssot.TestAPIPortfolioRiskEndpoint" name="test_api_returns_alpha_liquidity_params" time="0.046"><failure message="AssertionError: Missing alpha_core_liquidity&#10;assert 'alpha_core_liquidity' in {'config': {'allocated_capital_pct': 80.0, 'alpha_allocation_pct': 55.0, 'alpha_core_liquidity': 1000.0, 'alpha_core_volume': 1000.0, ...}, 'defaults': {'allocated_capital_pct': 80.0, 'alpha_allocation_pct': 55.0, 'alpha_core_liquidity': 1000.0, 'alpha_core_volume': 1000.0, ...}, 'source': 'database'}">tests/test_task26_unified_ssot.py:193: in test_api_returns_alpha_liquidity_params
    assert 'alpha_core_liquidity' in data, "Missing alpha_core_liquidity"
E   AssertionError: Missing alpha_core_liquidity
E   assert 'alpha_core_liquidity' in {'config': {'allocated_capital_pct': 80.0, 'alpha_allocation_pct': 55.0, 'alpha_core_liquidity': 1000.0, 'alpha_core_volume': 1000.0, ...}, 'defaults': {'allocated_capital_pct': 80.0, 'alpha_allocation_pct': 55.0, 'alpha_core_liquidity': 1000.0, 'alpha_core_volume': 1000.0, ...}, 'source': 'database'}</failure></testcase><testcase classname="tests.test_task26_unified_ssot.TestAPIPortfolioRiskEndpoint" name="test_api_returns_gamma_liquidity_params" time="0.049"><failure message="AssertionError: Missing gamma_min_liquidity&#10;assert 'gamma_min_liquidity' in {'config': {'allocated_capital_pct': 80.0, 'alpha_allocation_pct': 55.0, 'alpha_core_liquidity': 1000.0, 'alpha_core_volume': 1000.0, ...}, 'defaults': {'allocated_capital_pct': 80.0, 'alpha_allocation_pct': 55.0, 'alpha_core_liquidity': 1000.0, 'alpha_core_volume': 1000.0, ...}, 'source': 'database'}">tests/test_task26_unified_ssot.py:210: in test_api_returns_gamma_liquidity_params
    assert 'gamma_min_liquidity' in data, "Missing gamma_min_liquidity"
E   AssertionError: Missing gamma_min_liquidity
E   assert 'gamma_min_liquidity' in {'config': {'allocated_capital_pct': 80.0, 'alpha_allocation_pct': 55.0, 'alpha_core_liquidity': 1000.0, 'alpha_core_volume': 1000.0, ...}, 'defaults': {'allocated_capital_pct': 80.0, 'alpha_allocation_pct': 55.0, 'alpha_core_liquidity': 1000.0, 'alpha_core_volume': 1000.0, ...}, 'source': 'database'}</failure></testcase><testcase classname="tests.test_task26_unified_ssot.TestAPIPortfolioRiskEndpoint" name="test_api_returns_analysis_thresholds" time="0.039"><failure message="AssertionError: Missing data_cleaning_min_liquidity&#10;assert 'data_cleaning_min_liquidity' in {'config': {'allocated_capital_pct': 80.0, 'alpha_allocation_pct': 55.0, 'alpha_core_liquidity': 1000.0, 'alpha_core_volume': 1000.0, ...}, 'defaults': {'allocated_capital_pct': 80.0, 'alpha_allocation_pct': 55.0, 'alpha_core_liquidity': 1000.0, 'alpha_core_volume': 1000.0, ...}, 'source': 'database'}">tests/test_task26_unified_ssot.py:224: in test_api_returns_analysis_thresholds
    assert 'data_cleaning_min_liquidity' in data, "Missing data_cleaning_min_liquidity"
E   AssertionError: Missing data_cleaning_min_liquidity
E   assert 'data_cleaning_min_liquidity' in {'config': {'allocated_capital_pct': 80.0, 'alpha_allocation_pct': 55.0, 'alpha_core_liquidity': 1000.0, 'alpha_core_volume': 1000.0, ...}, 'defaults': {'allocated_capital_pct': 80.0, 'alpha_allocation_pct': 55.0, 'alpha_core_liquidity': 1000.0, 'alpha_core_volume': 1000.0, ...}, 'source': 'database'}</failure></testcase><testcase classname="tests.test_task26_unified_ssot.TestDefaultsValues" name="test_defaults_hft_values" time="0.000" /><testcase classname="tests.test_task26_unified_ssot.TestDefaultsValues" name="test_defaults_alpha_values" time="0.000" /><testcase classname="tests.test_task26_unified_ssot.TestDefaultsValues" name="test_defaults_gamma_values" time="0.000" /><testcase classname="tests.test_task26_unified_ssot.TestDefaultsValues" name="test_defaults_analysis_values" time="0.000" /><testcase classname="tests.test_task26_unified_ssot.TestMLModulesUseRISK" name="test_adaptive_position_sizer_imports_risk" time="0.000" /><testcase classname="tests.test_task26_unified_ssot.TestMLModulesUseRISK" name="test_adaptive_position_sizer_uses_get_thresholds" time="0.000" /><testcase classname="tests.test_task26_unified_ssot.TestMLModulesUseRISK" name="test_bayesian_outlier_uses_data_cleaning_thresholds" time="0.000" /><testcase classname="tests.test_task26_unified_ssot.TestMLModulesUseRISK" name="test_sharp_detector_uses_sharp_detection_threshold" time="0.000" /><testcase classname="tests.test_task26_unified_ssot.TestMLModulesUseRISK" name="test_rl_engine_uses_norm_anchors" time="0.000" /><testcase classname="tests.test_task26_unified_ssot.TestMLModulesUseRISK" name="test_signal_fusion_uses_norm_volume_anchor" time="0.000" /><testcase classname="tests.test_task26_unified_ssot.TestMLModulesUseRISK" name="test_sentiment_llm_uses_hot_market_threshold" time="0.000" /><testcase classname="tests.test_task26_unified_ssot.TestRiskConfigAttributes" name="test_risk_has_hft_attributes" time="0.000" /><testcase classname="tests.test_task26_unified_ssot.TestRiskConfigAttributes" name="test_risk_has_alpha_attributes" time="0.000" /><testcase classname="tests.test_task26_unified_ssot.TestRiskConfigAttributes" name="test_risk_has_gamma_attributes" time="0.000" /><testcase classname="tests.test_task26_unified_ssot.TestRiskConfigAttributes" name="test_risk_has_analysis_attributes" time="0.000" /><testcase classname="tests.test_task26_unified_ssot.TestToDictIncludesTask26Params" name="test_to_dict_has_hft_params" time="0.000" /><testcase classname="tests.test_task26_unified_ssot.TestToDictIncludesTask26Params" name="test_to_dict_has_alpha_params" time="0.000" /><testcase classname="tests.test_task26_unified_ssot.TestToDictIncludesTask26Params" name="test_to_dict_has_gamma_params" time="0.000" /><testcase classname="tests.test_task26_unified_ssot.TestToDictIncludesTask26Params" name="test_to_dict_has_analysis_params" time="0.000" /></testsuite></testsuites>