<?xml version="1.0" encoding="utf-8"?><testsuites name="pytest tests"><testsuite name="pytest" errors="0" failures="4" skipped="0" tests="17" time="24.629" timestamp="2026-02-06T20:46:43.781818+00:00" hostname="agent-env-6b5d7df5-1fc6-4151-8281-1b7a6ec5d53b"><testcase classname="tests.test_news_pipeline_endpoints.TestHealthAndMarkets" name="test_health_endpoint" time="0.083" /><testcase classname="tests.test_news_pipeline_endpoints.TestHealthAndMarkets" name="test_markets_endpoint_returns_live_data" time="0.419" /><testcase classname="tests.test_news_pipeline_endpoints.TestNewsAlertWebhook" name="test_news_alert_accepts_valid_payload" time="13.041" /><testcase classname="tests.test_news_pipeline_endpoints.TestNewsAlertWebhook" name="test_news_alert_with_minimal_payload" time="0.824" /><testcase classname="tests.test_news_pipeline_endpoints.TestNewsAlertWebhook" name="test_news_alert_with_metadata" time="3.353" /><testcase classname="tests.test_news_pipeline_endpoints.TestWebhookSourcesStatus" name="test_webhook_sources_status" time="0.080" /><testcase classname="tests.test_news_pipeline_endpoints.TestWebhookSourcesStatus" name="test_webhook_sources_start" time="0.049" /><testcase classname="tests.test_news_pipeline_endpoints.TestWebhookSourcesStatus" name="test_webhook_sources_stop" time="0.045" /><testcase classname="tests.test_news_pipeline_endpoints.TestNewsInjectorStatus" name="test_news_injector_status" time="0.044"><failure message="assert 404 == 200&#10; +  where 404 = &lt;Response [404]&gt;.status_code">tests/test_news_pipeline_endpoints.py:190: in test_news_injector_status
    assert response.status_code == 200
E   assert 404 == 200
E    +  where 404 = &lt;Response [404]&gt;.status_code</failure></testcase><testcase classname="tests.test_news_pipeline_endpoints.TestNewsInjectorStatus" name="test_news_injector_start" time="0.039"><failure message="assert 404 in [200, 400]&#10; +  where 404 = &lt;Response [404]&gt;.status_code">tests/test_news_pipeline_endpoints.py:205: in test_news_injector_start
    assert response.status_code in [200, 400]
E   assert 404 in [200, 400]
E    +  where 404 = &lt;Response [404]&gt;.status_code</failure></testcase><testcase classname="tests.test_news_pipeline_endpoints.TestExaIntegration" name="test_exa_status" time="0.044"><failure message="AssertionError: assert ('enabled' in {'default_queries': ['Federal Reserve interest rate decision impact markets', 'presidential election prediction polling results', 'cryptocurrency bitcoin ethereum regulation SEC', 'sports betting odds NFL NBA major upset', 'breaking news market moving events today', 'technology company earnings announcement surprise', ...], 'exa_enabled': True, 'exa_sdk_initialized': True, 'priority_sources': ['apnews.com', 'reuters.com', 'bloomberg.com', 'wsj.com', 'nytimes.com', 'bbc.com', ...], ...} or 'status' in {'default_queries': ['Federal Reserve interest rate decision impact markets', 'presidential election prediction polling results', 'cryptocurrency bitcoin ethereum regulation SEC', 'sports betting odds NFL NBA major upset', 'breaking news market moving events today', 'technology company earnings announcement surprise', ...], 'exa_enabled': True, 'exa_sdk_initialized': True, 'priority_sources': ['apnews.com', 'reuters.com', 'bloomberg.com', 'wsj.com', 'nytimes.com', 'bbc.com', ...], ...} or 'api_key_configured' in {'default_queries': ['Federal Reserve interest rate decision impact markets', 'presidential election prediction polling results', 'cryptocurrency bitcoin ethereum regulation SEC', 'sports betting odds NFL NBA major upset', 'breaking news market moving events today', 'technology company earnings announcement surprise', ...], 'exa_enabled': True, 'exa_sdk_initialized': True, 'priority_sources': ['apnews.com', 'reuters.com', 'bloomberg.com', 'wsj.com', 'nytimes.com', 'bbc.com', ...], ...})">tests/test_news_pipeline_endpoints.py:224: in test_exa_status
    assert 'enabled' in data or 'status' in data or 'api_key_configured' in data
E   AssertionError: assert ('enabled' in {'default_queries': ['Federal Reserve interest rate decision impact markets', 'presidential election prediction polling results', 'cryptocurrency bitcoin ethereum regulation SEC', 'sports betting odds NFL NBA major upset', 'breaking news market moving events today', 'technology company earnings announcement surprise', ...], 'exa_enabled': True, 'exa_sdk_initialized': True, 'priority_sources': ['apnews.com', 'reuters.com', 'bloomberg.com', 'wsj.com', 'nytimes.com', 'bbc.com', ...], ...} or 'status' in {'default_queries': ['Federal Reserve interest rate decision impact markets', 'presidential election prediction polling results', 'cryptocurrency bitcoin ethereum regulation SEC', 'sports betting odds NFL NBA major upset', 'breaking news market moving events today', 'technology company earnings announcement surprise', ...], 'exa_enabled': True, 'exa_sdk_initialized': True, 'priority_sources': ['apnews.com', 'reuters.com', 'bloomberg.com', 'wsj.com', 'nytimes.com', 'bbc.com', ...], ...} or 'api_key_configured' in {'default_queries': ['Federal Reserve interest rate decision impact markets', 'presidential election prediction polling results', 'cryptocurrency bitcoin ethereum regulation SEC', 'sports betting odds NFL NBA major upset', 'breaking news market moving events today', 'technology company earnings announcement surprise', ...], 'exa_enabled': True, 'exa_sdk_initialized': True, 'priority_sources': ['apnews.com', 'reuters.com', 'bloomberg.com', 'wsj.com', 'nytimes.com', 'bbc.com', ...], ...})</failure></testcase><testcase classname="tests.test_news_pipeline_endpoints.TestExaIntegration" name="test_manual_news_poll" time="0.219" /><testcase classname="tests.test_news_pipeline_endpoints.TestMarketFetcherIntegration" name="test_news_processing_gets_markets" time="3.449" /><testcase classname="tests.test_news_pipeline_endpoints.TestMarketFetcherIntegration" name="test_crypto_news_processing" time="1.601" /><testcase classname="tests.test_news_pipeline_endpoints.TestMarketFetcherIntegration" name="test_politics_news_processing" time="0.908" /><testcase classname="tests.test_news_pipeline_endpoints.TestSignalCacheIntegration" name="test_signal_cache_status" time="0.038" /><testcase classname="tests.test_news_pipeline_endpoints.TestEndToEndNewsPipeline" name="test_full_pipeline_flow" time="0.264"><failure message="assert 404 == 200&#10; +  where 404 = &lt;Response [404]&gt;.status_code">tests/test_news_pipeline_endpoints.py:346: in test_full_pipeline_flow
    assert injector_response.status_code == 200
E   assert 404 == 200
E    +  where 404 = &lt;Response [404]&gt;.status_code</failure></testcase></testsuite></testsuites>