<?xml version="1.0" encoding="utf-8"?><testsuites name="pytest tests"><testsuite name="pytest" errors="0" failures="3" skipped="1" tests="16" time="30.849" timestamp="2026-01-24T20:00:13.283731+00:00" hostname="agent-env-e7d84d23-15dd-4d0b-ad3d-577b2b752562"><testcase classname="backend.tests.test_iteration24_comprehensive.TestRLEndpointConsistency" name="test_rl_stats_returns_buffer_size" time="26.794" /><testcase classname="backend.tests.test_iteration24_comprehensive.TestRLEndpointConsistency" name="test_rl_detailed_stats_returns_buffer_size" time="0.060"><failure message="AssertionError: Missing buffer_size in response: {'rl_stats': {'type': 'DQN', 'architecture': '8 -&gt; 64 -&gt; 64 -&gt; 7', 'total_iterations': 0, 'epsilon': 0.15, 'buffer_size': 0, 'buffer_beta': 0.4, 'avg_reward_100': 0, 'max_reward_100': 0, 'min_reward_100': 0, 'std_reward_100': 0, 'positive_rate': 0, 'avg_positive_reward': 0, 'avg_negative_reward': 0, 'avg_loss_100': 0, 'learning_rate': 0.001, 'gamma': 0.95, 'target_update_freq': 100, 'model_type': 'DQN', 'prioritized_replay': True, 'device': 'cpu', 'action_distribution': {'WAIT': 0, 'BUY_SMALL': 0, 'BUY_MEDIUM': 0, 'BUY_LARGE': 0, 'SELL_SMALL': 0, 'SELL_MEDIUM': 0, 'SELL_LARGE': 0}, 'state_features': ['price', 'volatility', 'sentiment', 'sharp_alignment', 'liquidity', 'volume', 'time_to_expiry', 'portfolio_exposure']}, 'model_status': 'fresh'}&#10;assert 'buffer_size' in {'model_status': 'fresh', 'rl_stats': {'action_distribution': {'BUY_LARGE': 0, 'BUY_MEDIUM': 0, 'BUY_SMALL': 0, 'SELL_LARGE': 0, ...}, 'architecture': '8 -&gt; 64 -&gt; 64 -&gt; 7', 'avg_loss_100': 0, 'avg_negative_reward': 0, ...}}">backend/tests/test_iteration24_comprehensive.py:36: in test_rl_detailed_stats_returns_buffer_size
    assert "buffer_size" in data, f"Missing buffer_size in response: {data}"
E   AssertionError: Missing buffer_size in response: {'rl_stats': {'type': 'DQN', 'architecture': '8 -&gt; 64 -&gt; 64 -&gt; 7', 'total_iterations': 0, 'epsilon': 0.15, 'buffer_size': 0, 'buffer_beta': 0.4, 'avg_reward_100': 0, 'max_reward_100': 0, 'min_reward_100': 0, 'std_reward_100': 0, 'positive_rate': 0, 'avg_positive_reward': 0, 'avg_negative_reward': 0, 'avg_loss_100': 0, 'learning_rate': 0.001, 'gamma': 0.95, 'target_update_freq': 100, 'model_type': 'DQN', 'prioritized_replay': True, 'device': 'cpu', 'action_distribution': {'WAIT': 0, 'BUY_SMALL': 0, 'BUY_MEDIUM': 0, 'BUY_LARGE': 0, 'SELL_SMALL': 0, 'SELL_MEDIUM': 0, 'SELL_LARGE': 0}, 'state_features': ['price', 'volatility', 'sentiment', 'sharp_alignment', 'liquidity', 'volume', 'time_to_expiry', 'portfolio_exposure']}, 'model_status': 'fresh'}
E   assert 'buffer_size' in {'model_status': 'fresh', 'rl_stats': {'action_distribution': {'BUY_LARGE': 0, 'BUY_MEDIUM': 0, 'BUY_SMALL': 0, 'SELL_LARGE': 0, ...}, 'architecture': '8 -&gt; 64 -&gt; 64 -&gt; 7', 'avg_loss_100': 0, 'avg_negative_reward': 0, ...}}</failure></testcase><testcase classname="backend.tests.test_iteration24_comprehensive.TestRLEndpointConsistency" name="test_rl_stats_and_detailed_stats_match" time="0.073"><failure message="AssertionError: Buffer size mismatch: /api/rl/stats=0, /api/rl/detailed-stats=-2&#10;assert 0 == -2">backend/tests/test_iteration24_comprehensive.py:51: in test_rl_stats_and_detailed_stats_match
    assert stats_buffer == detailed_buffer, \
E   AssertionError: Buffer size mismatch: /api/rl/stats=0, /api/rl/detailed-stats=-2
E   assert 0 == -2</failure></testcase><testcase classname="backend.tests.test_iteration24_comprehensive.TestRLEndpointConsistency" name="test_rl_load_historical_populates_buffer" time="0.187"><failure message="AssertionError: Missing buffer_size: {'message': 'Loaded 1000 historical experiences', 'loaded_count': 1000, 'stats': {'type': 'DQN', 'architecture': '8 -&gt; 64 -&gt; 64 -&gt; 7', 'total_iterations': 10, 'epsilon': 0.14266651956986576, 'buffer_size': 1000, 'buffer_beta': 0.41000000000000003, 'avg_reward_100': -0.06579616170792643, 'max_reward_100': 1.928571428571427, 'min_reward_100': -2.0, 'std_reward_100': 0.3635522550021631, 'positive_rate': 0.04, 'avg_positive_reward': 1.390231092436974, 'avg_negative_reward': -0.12646396396396398, 'avg_loss_100': 0.04740535095334053, 'learning_rate': 0.001, 'gamma': 0.95, 'target_update_freq': 100, 'model_type': 'DQN', 'prioritized_replay': True, 'device': 'cpu', 'action_distribution': {'WAIT': 0, 'BUY_SMALL': 0, 'BUY_MEDIUM': 0, 'BUY_LARGE': 0, 'SELL_SMALL': 0, 'SELL_MEDIUM': 0, 'SELL_LARGE': 0}, 'state_features': ['price', 'volatility', 'sentiment', 'sharp_alignment', 'liquidity', 'volume', 'time_to_expiry', 'portfolio_exposure']}}&#10;assert 'buffer_size' in {'loaded_count': 1000, 'message': 'Loaded 1000 historical experiences', 'stats': {'action_distribution': {'BUY_LARGE': 0, 'BUY_MEDIUM': 0, 'BUY_SMALL': 0, 'SELL_LARGE': 0, ...}, 'architecture': '8 -&gt; 64 -&gt; 64 -&gt; 7', 'avg_loss_100': 0.04740535095334053, 'avg_negative_reward': -0.12646396396396398, ...}}">backend/tests/test_iteration24_comprehensive.py:62: in test_rl_load_historical_populates_buffer
    assert "buffer_size" in data, f"Missing buffer_size: {data}"
E   AssertionError: Missing buffer_size: {'message': 'Loaded 1000 historical experiences', 'loaded_count': 1000, 'stats': {'type': 'DQN', 'architecture': '8 -&gt; 64 -&gt; 64 -&gt; 7', 'total_iterations': 10, 'epsilon': 0.14266651956986576, 'buffer_size': 1000, 'buffer_beta': 0.41000000000000003, 'avg_reward_100': -0.06579616170792643, 'max_reward_100': 1.928571428571427, 'min_reward_100': -2.0, 'std_reward_100': 0.3635522550021631, 'positive_rate': 0.04, 'avg_positive_reward': 1.390231092436974, 'avg_negative_reward': -0.12646396396396398, 'avg_loss_100': 0.04740535095334053, 'learning_rate': 0.001, 'gamma': 0.95, 'target_update_freq': 100, 'model_type': 'DQN', 'prioritized_replay': True, 'device': 'cpu', 'action_distribution': {'WAIT': 0, 'BUY_SMALL': 0, 'BUY_MEDIUM': 0, 'BUY_LARGE': 0, 'SELL_SMALL': 0, 'SELL_MEDIUM': 0, 'SELL_LARGE': 0}, 'state_features': ['price', 'volatility', 'sentiment', 'sharp_alignment', 'liquidity', 'volume', 'time_to_expiry', 'portfolio_exposure']}}
E   assert 'buffer_size' in {'loaded_count': 1000, 'message': 'Loaded 1000 historical experiences', 'stats': {'action_distribution': {'BUY_LARGE': 0, 'BUY_MEDIUM': 0, 'BUY_SMALL': 0, 'SELL_LARGE': 0, ...}, 'architecture': '8 -&gt; 64 -&gt; 64 -&gt; 7', 'avg_loss_100': 0.04740535095334053, 'avg_negative_reward': -0.12646396396396398, ...}}</failure></testcase><testcase classname="backend.tests.test_iteration24_comprehensive.TestRLEndpointConsistency" name="test_rl_train_works_with_populated_buffer" time="0.203"><skipped type="pytest.skip" message="Buffer size 0 &lt; 32, skipping train test">/app/backend/tests/test_iteration24_comprehensive.py:79: Buffer size 0 &lt; 32, skipping train test</skipped></testcase><testcase classname="backend.tests.test_iteration24_comprehensive.TestRLEndpointConsistency" name="test_rl_save_and_load_preserve_state" time="0.163" /><testcase classname="backend.tests.test_iteration24_comprehensive.TestPaperTradingSessions" name="test_sessions_endpoint_returns_recovered_sessions" time="0.042" /><testcase classname="backend.tests.test_iteration24_comprehensive.TestPaperTradingSessions" name="test_session_trades_returns_all_fields" time="0.040" /><testcase classname="backend.tests.test_iteration24_comprehensive.TestPaperTradingSessions" name="test_pnl_and_pnl_pct_signs_match" time="0.043" /><testcase classname="backend.tests.test_iteration24_comprehensive.TestPaperTradingSessions" name="test_all_session_61302050_trades_positive_return" time="0.041" /><testcase classname="backend.tests.test_iteration24_comprehensive.TestPositionsAPI" name="test_positions_endpoint_structure" time="0.038" /><testcase classname="backend.tests.test_iteration24_comprehensive.TestPositionsAPI" name="test_status_endpoint_returns_positions" time="0.077" /><testcase classname="backend.tests.test_iteration24_comprehensive.TestPaperTradingLifecycle" name="test_paper_trading_status" time="0.034" /><testcase classname="backend.tests.test_iteration24_comprehensive.TestPaperTradingLifecycle" name="test_paper_trading_start_stop_cycle" time="2.577" /><testcase classname="backend.tests.test_iteration24_comprehensive.TestShutdownHandler" name="test_health_endpoint" time="0.035" /><testcase classname="backend.tests.test_iteration24_comprehensive.TestRLLearningPanel" name="test_experience_buffer_count_matches_api" time="0.255" /></testsuite></testsuites>