<?xml version="1.0" encoding="utf-8"?><testsuites name="pytest tests"><testsuite name="pytest" errors="0" failures="9" skipped="0" tests="37" time="0.331" timestamp="2026-02-14T17:59:26.791276+00:00" hostname="agent-env-159bd969-f39d-42b0-983d-f1e382dc8b59"><testcase classname="tests.test_hft_v2_engine.TestHFTConfig" name="test_hft_config_file_exists" time="0.001" /><testcase classname="tests.test_hft_v2_engine.TestHFTConfig" name="test_hft_config_imports" time="0.001" /><testcase classname="tests.test_hft_v2_engine.TestHFTConfig" name="test_sub_strategy_allocations_sum_to_one" time="0.000" /><testcase classname="tests.test_hft_v2_engine.TestHFTConfig" name="test_sub_strategy_allocation_values" time="0.000" /><testcase classname="tests.test_hft_v2_engine.TestHFTConfig" name="test_news_strength_enum_values" time="0.000" /><testcase classname="tests.test_hft_v2_engine.TestHFTConfig" name="test_bayes_factor_thresholds" time="0.000" /><testcase classname="tests.test_hft_v2_engine.TestHFTConfig" name="test_get_news_strength_pause" time="0.000" /><testcase classname="tests.test_hft_v2_engine.TestHFTConfig" name="test_get_news_strength_extreme" time="0.000" /><testcase classname="tests.test_hft_v2_engine.TestHFTConfig" name="test_get_news_strength_caution" time="0.000" /><testcase classname="tests.test_hft_v2_engine.TestHFTConfig" name="test_get_news_strength_normal" time="0.000" /><testcase classname="tests.test_hft_v2_engine.TestHFTConfig" name="test_kelly_and_position_constraints" time="0.000" /><testcase classname="tests.test_hft_v2_engine.TestHFTEngineV2" name="test_hft_engine_file_exists" time="0.000" /><testcase classname="tests.test_hft_v2_engine.TestHFTEngineV2" name="test_hft_engine_imports" time="0.001" /><testcase classname="tests.test_hft_v2_engine.TestHFTEngineV2" name="test_hft_engine_initialization" time="0.000" /><testcase classname="tests.test_hft_v2_engine.TestHFTEngineV2" name="test_hft_engine_stats_structure" time="0.000" /><testcase classname="tests.test_hft_v2_engine.TestHFTEngineV2" name="test_hft_engine_metrics_structure" time="0.000" /><testcase classname="tests.test_hft_v2_engine.TestHFTV2StatusEndpoint" name="test_hft_v2_status_endpoint_exists" time="0.001"><failure message="requests.exceptions.MissingSchema: Invalid URL '/api/hft-v2/status': No scheme supplied. Perhaps you meant https:///api/hft-v2/status?">tests/test_hft_v2_engine.py:244: in test_hft_v2_status_endpoint_exists
    response = requests.get(f"{BASE_URL}/api/hft-v2/status", timeout=10)
               ^^^^^^^^^^^^^^^^^^^^^^^^^^^^^^^^^^^^^^^^^^^^^^^^^^^^^^^^^
/root/.venv/lib/python3.11/site-packages/requests/api.py:73: in get
    return request("get", url, params=params, **kwargs)
           ^^^^^^^^^^^^^^^^^^^^^^^^^^^^^^^^^^^^^^^^^^^^
/root/.venv/lib/python3.11/site-packages/requests/api.py:59: in request
    return session.request(method=method, url=url, **kwargs)
           ^^^^^^^^^^^^^^^^^^^^^^^^^^^^^^^^^^^^^^^^^^^^^^^^^
/root/.venv/lib/python3.11/site-packages/requests/sessions.py:575: in request
    prep = self.prepare_request(req)
           ^^^^^^^^^^^^^^^^^^^^^^^^^
/root/.venv/lib/python3.11/site-packages/requests/sessions.py:484: in prepare_request
    p.prepare(
/root/.venv/lib/python3.11/site-packages/requests/models.py:367: in prepare
    self.prepare_url(url, params)
/root/.venv/lib/python3.11/site-packages/requests/models.py:438: in prepare_url
    raise MissingSchema(
E   requests.exceptions.MissingSchema: Invalid URL '/api/hft-v2/status': No scheme supplied. Perhaps you meant https:///api/hft-v2/status?</failure></testcase><testcase classname="tests.test_hft_v2_engine.TestHFTV2StatusEndpoint" name="test_hft_v2_status_not_initialized" time="0.000"><failure message="requests.exceptions.MissingSchema: Invalid URL '/api/hft-v2/status': No scheme supplied. Perhaps you meant https:///api/hft-v2/status?">tests/test_hft_v2_engine.py:250: in test_hft_v2_status_not_initialized
    response = requests.get(f"{BASE_URL}/api/hft-v2/status", timeout=10)
               ^^^^^^^^^^^^^^^^^^^^^^^^^^^^^^^^^^^^^^^^^^^^^^^^^^^^^^^^^
/root/.venv/lib/python3.11/site-packages/requests/api.py:73: in get
    return request("get", url, params=params, **kwargs)
           ^^^^^^^^^^^^^^^^^^^^^^^^^^^^^^^^^^^^^^^^^^^^
/root/.venv/lib/python3.11/site-packages/requests/api.py:59: in request
    return session.request(method=method, url=url, **kwargs)
           ^^^^^^^^^^^^^^^^^^^^^^^^^^^^^^^^^^^^^^^^^^^^^^^^^
/root/.venv/lib/python3.11/site-packages/requests/sessions.py:575: in request
    prep = self.prepare_request(req)
           ^^^^^^^^^^^^^^^^^^^^^^^^^
/root/.venv/lib/python3.11/site-packages/requests/sessions.py:484: in prepare_request
    p.prepare(
/root/.venv/lib/python3.11/site-packages/requests/models.py:367: in prepare
    self.prepare_url(url, params)
/root/.venv/lib/python3.11/site-packages/requests/models.py:438: in prepare_url
    raise MissingSchema(
E   requests.exceptions.MissingSchema: Invalid URL '/api/hft-v2/status': No scheme supplied. Perhaps you meant https:///api/hft-v2/status?</failure></testcase><testcase classname="tests.test_hft_v2_engine.TestHFTV2StatusEndpoint" name="test_hft_v2_status_response_structure" time="0.000"><failure message="requests.exceptions.MissingSchema: Invalid URL '/api/hft-v2/status': No scheme supplied. Perhaps you meant https:///api/hft-v2/status?">tests/test_hft_v2_engine.py:264: in test_hft_v2_status_response_structure
    response = requests.get(f"{BASE_URL}/api/hft-v2/status", timeout=10)
               ^^^^^^^^^^^^^^^^^^^^^^^^^^^^^^^^^^^^^^^^^^^^^^^^^^^^^^^^^
/root/.venv/lib/python3.11/site-packages/requests/api.py:73: in get
    return request("get", url, params=params, **kwargs)
           ^^^^^^^^^^^^^^^^^^^^^^^^^^^^^^^^^^^^^^^^^^^^
/root/.venv/lib/python3.11/site-packages/requests/api.py:59: in request
    return session.request(method=method, url=url, **kwargs)
           ^^^^^^^^^^^^^^^^^^^^^^^^^^^^^^^^^^^^^^^^^^^^^^^^^
/root/.venv/lib/python3.11/site-packages/requests/sessions.py:575: in request
    prep = self.prepare_request(req)
           ^^^^^^^^^^^^^^^^^^^^^^^^^
/root/.venv/lib/python3.11/site-packages/requests/sessions.py:484: in prepare_request
    p.prepare(
/root/.venv/lib/python3.11/site-packages/requests/models.py:367: in prepare
    self.prepare_url(url, params)
/root/.venv/lib/python3.11/site-packages/requests/models.py:438: in prepare_url
    raise MissingSchema(
E   requests.exceptions.MissingSchema: Invalid URL '/api/hft-v2/status': No scheme supplied. Perhaps you meant https:///api/hft-v2/status?</failure></testcase><testcase classname="tests.test_hft_v2_engine.TestHFTV2StatusEndpoint" name="test_hft_v2_config_values_in_response" time="0.000"><failure message="requests.exceptions.MissingSchema: Invalid URL '/api/hft-v2/status': No scheme supplied. Perhaps you meant https:///api/hft-v2/status?">tests/test_hft_v2_engine.py:281: in test_hft_v2_config_values_in_response
    response = requests.get(f"{BASE_URL}/api/hft-v2/status", timeout=10)
               ^^^^^^^^^^^^^^^^^^^^^^^^^^^^^^^^^^^^^^^^^^^^^^^^^^^^^^^^^
/root/.venv/lib/python3.11/site-packages/requests/api.py:73: in get
    return request("get", url, params=params, **kwargs)
           ^^^^^^^^^^^^^^^^^^^^^^^^^^^^^^^^^^^^^^^^^^^^
/root/.venv/lib/python3.11/site-packages/requests/api.py:59: in request
    return session.request(method=method, url=url, **kwargs)
           ^^^^^^^^^^^^^^^^^^^^^^^^^^^^^^^^^^^^^^^^^^^^^^^^^
/root/.venv/lib/python3.11/site-packages/requests/sessions.py:575: in request
    prep = self.prepare_request(req)
           ^^^^^^^^^^^^^^^^^^^^^^^^^
/root/.venv/lib/python3.11/site-packages/requests/sessions.py:484: in prepare_request
    p.prepare(
/root/.venv/lib/python3.11/site-packages/requests/models.py:367: in prepare
    self.prepare_url(url, params)
/root/.venv/lib/python3.11/site-packages/requests/models.py:438: in prepare_url
    raise MissingSchema(
E   requests.exceptions.MissingSchema: Invalid URL '/api/hft-v2/status': No scheme supplied. Perhaps you meant https:///api/hft-v2/status?</failure></testcase><testcase classname="tests.test_hft_v2_engine.TestExistingSystemIntegrity" name="test_health_endpoint" time="0.000"><failure message="requests.exceptions.MissingSchema: Invalid URL '/api/health': No scheme supplied. Perhaps you meant https:///api/health?">tests/test_hft_v2_engine.py:314: in test_health_endpoint
    response = requests.get(f"{BASE_URL}/api/health", timeout=10)
               ^^^^^^^^^^^^^^^^^^^^^^^^^^^^^^^^^^^^^^^^^^^^^^^^^^
/root/.venv/lib/python3.11/site-packages/requests/api.py:73: in get
    return request("get", url, params=params, **kwargs)
           ^^^^^^^^^^^^^^^^^^^^^^^^^^^^^^^^^^^^^^^^^^^^
/root/.venv/lib/python3.11/site-packages/requests/api.py:59: in request
    return session.request(method=method, url=url, **kwargs)
           ^^^^^^^^^^^^^^^^^^^^^^^^^^^^^^^^^^^^^^^^^^^^^^^^^
/root/.venv/lib/python3.11/site-packages/requests/sessions.py:575: in request
    prep = self.prepare_request(req)
           ^^^^^^^^^^^^^^^^^^^^^^^^^
/root/.venv/lib/python3.11/site-packages/requests/sessions.py:484: in prepare_request
    p.prepare(
/root/.venv/lib/python3.11/site-packages/requests/models.py:367: in prepare
    self.prepare_url(url, params)
/root/.venv/lib/python3.11/site-packages/requests/models.py:438: in prepare_url
    raise MissingSchema(
E   requests.exceptions.MissingSchema: Invalid URL '/api/health': No scheme supplied. Perhaps you meant https:///api/health?</failure></testcase><testcase classname="tests.test_hft_v2_engine.TestExistingSystemIntegrity" name="test_scanner_health_endpoint" time="0.000"><failure message="requests.exceptions.MissingSchema: Invalid URL '/api/health/scanner': No scheme supplied. Perhaps you meant https:///api/health/scanner?">tests/test_hft_v2_engine.py:322: in test_scanner_health_endpoint
    response = requests.get(f"{BASE_URL}/api/health/scanner", timeout=10)
               ^^^^^^^^^^^^^^^^^^^^^^^^^^^^^^^^^^^^^^^^^^^^^^^^^^^^^^^^^^
/root/.venv/lib/python3.11/site-packages/requests/api.py:73: in get
    return request("get", url, params=params, **kwargs)
           ^^^^^^^^^^^^^^^^^^^^^^^^^^^^^^^^^^^^^^^^^^^^
/root/.venv/lib/python3.11/site-packages/requests/api.py:59: in request
    return session.request(method=method, url=url, **kwargs)
           ^^^^^^^^^^^^^^^^^^^^^^^^^^^^^^^^^^^^^^^^^^^^^^^^^
/root/.venv/lib/python3.11/site-packages/requests/sessions.py:575: in request
    prep = self.prepare_request(req)
           ^^^^^^^^^^^^^^^^^^^^^^^^^
/root/.venv/lib/python3.11/site-packages/requests/sessions.py:484: in prepare_request
    p.prepare(
/root/.venv/lib/python3.11/site-packages/requests/models.py:367: in prepare
    self.prepare_url(url, params)
/root/.venv/lib/python3.11/site-packages/requests/models.py:438: in prepare_url
    raise MissingSchema(
E   requests.exceptions.MissingSchema: Invalid URL '/api/health/scanner': No scheme supplied. Perhaps you meant https:///api/health/scanner?</failure></testcase><testcase classname="tests.test_hft_v2_engine.TestExistingSystemIntegrity" name="test_paper_trading_status_endpoint" time="0.000"><failure message="requests.exceptions.MissingSchema: Invalid URL '/api/paper-trading/status': No scheme supplied. Perhaps you meant https:///api/paper-trading/status?">tests/test_hft_v2_engine.py:330: in test_paper_trading_status_endpoint
    response = requests.get(f"{BASE_URL}/api/paper-trading/status", timeout=10)
               ^^^^^^^^^^^^^^^^^^^^^^^^^^^^^^^^^^^^^^^^^^^^^^^^^^^^^^^^^^^^^^^^
/root/.venv/lib/python3.11/site-packages/requests/api.py:73: in get
    return request("get", url, params=params, **kwargs)
           ^^^^^^^^^^^^^^^^^^^^^^^^^^^^^^^^^^^^^^^^^^^^
/root/.venv/lib/python3.11/site-packages/requests/api.py:59: in request
    return session.request(method=method, url=url, **kwargs)
           ^^^^^^^^^^^^^^^^^^^^^^^^^^^^^^^^^^^^^^^^^^^^^^^^^
/root/.venv/lib/python3.11/site-packages/requests/sessions.py:575: in request
    prep = self.prepare_request(req)
           ^^^^^^^^^^^^^^^^^^^^^^^^^
/root/.venv/lib/python3.11/site-packages/requests/sessions.py:484: in prepare_request
    p.prepare(
/root/.venv/lib/python3.11/site-packages/requests/models.py:367: in prepare
    self.prepare_url(url, params)
/root/.venv/lib/python3.11/site-packages/requests/models.py:438: in prepare_url
    raise MissingSchema(
E   requests.exceptions.MissingSchema: Invalid URL '/api/paper-trading/status': No scheme supplied. Perhaps you meant https:///api/paper-trading/status?</failure></testcase><testcase classname="tests.test_hft_v2_engine.TestExistingSystemIntegrity" name="test_news_webhook_endpoint" time="0.000"><failure message="requests.exceptions.MissingSchema: Invalid URL '/api/webhooks/news': No scheme supplied. Perhaps you meant https:///api/webhooks/news?">tests/test_hft_v2_engine.py:344: in test_news_webhook_endpoint
    response = requests.post(
/root/.venv/lib/python3.11/site-packages/requests/api.py:115: in post
    return request("post", url, data=data, json=json, **kwargs)
           ^^^^^^^^^^^^^^^^^^^^^^^^^^^^^^^^^^^^^^^^^^^^^^^^^^^^
/root/.venv/lib/python3.11/site-packages/requests/api.py:59: in request
    return session.request(method=method, url=url, **kwargs)
           ^^^^^^^^^^^^^^^^^^^^^^^^^^^^^^^^^^^^^^^^^^^^^^^^^
/root/.venv/lib/python3.11/site-packages/requests/sessions.py:575: in request
    prep = self.prepare_request(req)
           ^^^^^^^^^^^^^^^^^^^^^^^^^
/root/.venv/lib/python3.11/site-packages/requests/sessions.py:484: in prepare_request
    p.prepare(
/root/.venv/lib/python3.11/site-packages/requests/models.py:367: in prepare
    self.prepare_url(url, params)
/root/.venv/lib/python3.11/site-packages/requests/models.py:438: in prepare_url
    raise MissingSchema(
E   requests.exceptions.MissingSchema: Invalid URL '/api/webhooks/news': No scheme supplied. Perhaps you meant https:///api/webhooks/news?</failure></testcase><testcase classname="tests.test_hft_v2_engine.TestExistingSystemIntegrity" name="test_analytics_endpoint" time="0.000"><failure message="requests.exceptions.MissingSchema: Invalid URL '/api/analytics': No scheme supplied. Perhaps you meant https:///api/analytics?">tests/test_hft_v2_engine.py:356: in test_analytics_endpoint
    response = requests.get(f"{BASE_URL}/api/analytics", timeout=10)
               ^^^^^^^^^^^^^^^^^^^^^^^^^^^^^^^^^^^^^^^^^^^^^^^^^^^^^
/root/.venv/lib/python3.11/site-packages/requests/api.py:73: in get
    return request("get", url, params=params, **kwargs)
           ^^^^^^^^^^^^^^^^^^^^^^^^^^^^^^^^^^^^^^^^^^^^
/root/.venv/lib/python3.11/site-packages/requests/api.py:59: in request
    return session.request(method=method, url=url, **kwargs)
           ^^^^^^^^^^^^^^^^^^^^^^^^^^^^^^^^^^^^^^^^^^^^^^^^^
/root/.venv/lib/python3.11/site-packages/requests/sessions.py:575: in request
    prep = self.prepare_request(req)
           ^^^^^^^^^^^^^^^^^^^^^^^^^
/root/.venv/lib/python3.11/site-packages/requests/sessions.py:484: in prepare_request
    p.prepare(
/root/.venv/lib/python3.11/site-packages/requests/models.py:367: in prepare
    self.prepare_url(url, params)
/root/.venv/lib/python3.11/site-packages/requests/models.py:438: in prepare_url
    raise MissingSchema(
E   requests.exceptions.MissingSchema: Invalid URL '/api/analytics': No scheme supplied. Perhaps you meant https:///api/analytics?</failure></testcase><testcase classname="tests.test_hft_v2_engine.TestPaperTraderIntegration" name="test_paper_trader_has_hft_v2_attribute" time="0.002" /><testcase classname="tests.test_hft_v2_engine.TestPaperTraderIntegration" name="test_paper_trader_has_hft_v2_loop" time="0.001" /><testcase classname="tests.test_hft_v2_engine.TestPaperTraderIntegration" name="test_paper_trader_starts_hft_v2_in_gather" time="0.002" /><testcase classname="tests.test_hft_v2_engine.TestPaperTraderIntegration" name="test_paper_trader_stops_hft_v2" time="0.002" /><testcase classname="tests.test_hft_v2_engine.TestPaperTraderIntegration" name="test_paper_trader_imports_hft_v2" time="0.002" /><testcase classname="tests.test_hft_v2_engine.TestHFTModeEnum" name="test_hft_mode_has_all_strategies" time="0.000" /><testcase classname="tests.test_hft_v2_engine.TestSpreadAndPositionMultipliers" name="test_spread_multipliers" time="0.000" /><testcase classname="tests.test_hft_v2_engine.TestSpreadAndPositionMultipliers" name="test_position_multipliers" time="0.000" /><testcase classname="tests.test_hft_v2_engine.TestSpreadAndPositionMultipliers" name="test_get_multipliers_function" time="0.000" /><testcase classname="tests.test_hft_v2_engine.TestPriceZones" name="test_get_price_zone_extreme_low" time="0.000" /><testcase classname="tests.test_hft_v2_engine.TestPriceZones" name="test_get_price_zone_standard" time="0.000" /><testcase classname="tests.test_hft_v2_engine.TestPriceZones" name="test_get_price_zone_extreme_high" time="0.000" /></testsuite></testsuites>