<?xml version="1.0" encoding="utf-8"?><testsuites name="pytest tests"><testsuite name="pytest" errors="0" failures="5" skipped="0" tests="84" time="0.727" timestamp="2026-02-15T10:06:06.104851+00:00" hostname="agent-env-5dc3a098-2d42-4a21-8cee-2ddb94248dff"><testcase classname="tests.test_hft_v2_deep_audit.TestExecuteHFTScalpFlowAudit" name="test_step1_position_check" time="0.001" /><testcase classname="tests.test_hft_v2_deep_audit.TestExecuteHFTScalpFlowAudit" name="test_step2_alpha_target_check" time="0.000" /><testcase classname="tests.test_hft_v2_deep_audit.TestExecuteHFTScalpFlowAudit" name="test_step3_path_b_check" time="0.000" /><testcase classname="tests.test_hft_v2_deep_audit.TestExecuteHFTScalpFlowAudit" name="test_step4_path_a_signal" time="0.000" /><testcase classname="tests.test_hft_v2_deep_audit.TestExecuteHFTScalpFlowAudit" name="test_step5_news_strength_classification" time="0.000" /><testcase classname="tests.test_hft_v2_deep_audit.TestExecuteHFTScalpFlowAudit" name="test_step6_pause_mode_skip" time="0.000" /><testcase classname="tests.test_hft_v2_deep_audit.TestExecuteHFTScalpFlowAudit" name="test_step7_hft_math_engine" time="0.000" /><testcase classname="tests.test_hft_v2_deep_audit.TestExecuteHFTScalpFlowAudit" name="test_step8_order_pruning" time="0.000" /><testcase classname="tests.test_hft_v2_deep_audit.TestExecuteHFTScalpFlowAudit" name="test_step9_mode_selection" time="0.000" /><testcase classname="tests.test_hft_v2_deep_audit.TestExecuteHFTScalpFlowAudit" name="test_step10_direction_determination" time="0.000" /><testcase classname="tests.test_hft_v2_deep_audit.TestExecuteHFTScalpFlowAudit" name="test_step11_build_trade_params" time="0.000" /><testcase classname="tests.test_hft_v2_deep_audit.TestExecuteHFTScalpFlowAudit" name="test_step12_execute_strategy" time="0.000" /><testcase classname="tests.test_hft_v2_deep_audit.TestExecuteHFTScalpFlowAudit" name="test_step13_log_analytics" time="0.000" /><testcase classname="tests.test_hft_v2_deep_audit.TestDirectionDeterminationAudit" name="test_delta_neutral_direction_yes_edge" time="0.003" /><testcase classname="tests.test_hft_v2_deep_audit.TestDirectionDeterminationAudit" name="test_delta_neutral_direction_no_edge" time="0.000" /><testcase classname="tests.test_hft_v2_deep_audit.TestDirectionDeterminationAudit" name="test_delta_neutral_direction_no_edge_skip" time="0.000" /><testcase classname="tests.test_hft_v2_deep_audit.TestDirectionDeterminationAudit" name="test_volatility_exploit_mean_reversion_low" time="0.000" /><testcase classname="tests.test_hft_v2_deep_audit.TestDirectionDeterminationAudit" name="test_volatility_exploit_mean_reversion_high" time="0.000" /><testcase classname="tests.test_hft_v2_deep_audit.TestDirectionDeterminationAudit" name="test_volatility_exploit_skip_middle" time="0.000" /><testcase classname="tests.test_hft_v2_deep_audit.TestDirectionDeterminationAudit" name="test_liquidity_provision_buy_pressure" time="0.000" /><testcase classname="tests.test_hft_v2_deep_audit.TestDirectionDeterminationAudit" name="test_liquidity_provision_sell_pressure" time="0.000" /><testcase classname="tests.test_hft_v2_deep_audit.TestDirectionDeterminationAudit" name="test_extreme_spread_direction" time="0.000" /><testcase classname="tests.test_hft_v2_deep_audit.TestEdgeCalculationAudit" name="test_edge_threshold_value" time="0.000" /><testcase classname="tests.test_hft_v2_deep_audit.TestEdgeCalculationAudit" name="test_edge_calculation_yes" time="0.001"><failure message="AssertionError: Edge YES should be 0.05, got 0.050000000000000044&#10;assert 0.050000000000000044 == 0.05">tests/test_hft_v2_deep_audit.py:342: in test_edge_calculation_yes
    assert edge_yes == 0.05, f"Edge YES should be 0.05, got {edge_yes}"
E   AssertionError: Edge YES should be 0.05, got 0.050000000000000044
E   assert 0.050000000000000044 == 0.05</failure></testcase><testcase classname="tests.test_hft_v2_deep_audit.TestEdgeCalculationAudit" name="test_edge_calculation_no" time="0.001"><failure message="AssertionError: Edge NO should be 0.05, got 0.04999999999999999&#10;assert 0.04999999999999999 == 0.05">tests/test_hft_v2_deep_audit.py:354: in test_edge_calculation_no
    assert edge_no == 0.05, f"Edge NO should be 0.05, got {edge_no}"
E   AssertionError: Edge NO should be 0.05, got 0.04999999999999999
E   assert 0.04999999999999999 == 0.05</failure></testcase><testcase classname="tests.test_hft_v2_deep_audit.TestEdgeCalculationAudit" name="test_edge_below_threshold_skips" time="0.000"><failure message="AssertionError: Edge should be 0.01, got 0.010000000000000009&#10;assert 0.010000000000000009 == 0.01">tests/test_hft_v2_deep_audit.py:366: in test_edge_below_threshold_skips
    assert edge == 0.01, f"Edge should be 0.01, got {edge}"
E   AssertionError: Edge should be 0.01, got 0.010000000000000009
E   assert 0.010000000000000009 == 0.01</failure></testcase><testcase classname="tests.test_hft_v2_deep_audit.TestPathABSignalAudit" name="test_path_a_reads_from_signals_collection" time="0.000" /><testcase classname="tests.test_hft_v2_deep_audit.TestPathABSignalAudit" name="test_path_a_uses_bayes_factor" time="0.000" /><testcase classname="tests.test_hft_v2_deep_audit.TestPathABSignalAudit" name="test_path_b_reads_from_hft_opportunities" time="0.000" /><testcase classname="tests.test_hft_v2_deep_audit.TestPathABSignalAudit" name="test_path_b_checks_expiry" time="0.000" /><testcase classname="tests.test_hft_v2_deep_audit.TestPathABSignalAudit" name="test_path_a_override_threshold" time="0.000" /><testcase classname="tests.test_hft_v2_deep_audit.TestPathABSignalAudit" name="test_path_a_override_logic" time="0.000" /><testcase classname="tests.test_hft_v2_deep_audit.TestNewsStrengthAudit" name="test_news_strength_thresholds" time="0.000" /><testcase classname="tests.test_hft_v2_deep_audit.TestNewsStrengthAudit" name="test_get_news_strength_pause" time="0.000" /><testcase classname="tests.test_hft_v2_deep_audit.TestNewsStrengthAudit" name="test_get_news_strength_extreme" time="0.000" /><testcase classname="tests.test_hft_v2_deep_audit.TestNewsStrengthAudit" name="test_get_news_strength_caution" time="0.000" /><testcase classname="tests.test_hft_v2_deep_audit.TestNewsStrengthAudit" name="test_get_news_strength_normal" time="0.000" /><testcase classname="tests.test_hft_v2_deep_audit.TestNewsStrengthAudit" name="test_spread_multipliers" time="0.000" /><testcase classname="tests.test_hft_v2_deep_audit.TestNewsStrengthAudit" name="test_position_multipliers" time="0.000" /><testcase classname="tests.test_hft_v2_deep_audit.TestNewsStrengthAudit" name="test_get_multipliers_function" time="0.000" /><testcase classname="tests.test_hft_v2_deep_audit.TestHFTMathEngineAudit" name="test_cubic_skew_calculation" time="0.000" /><testcase classname="tests.test_hft_v2_deep_audit.TestHFTMathEngineAudit" name="test_cubic_skew_hockey_stick" time="0.000" /><testcase classname="tests.test_hft_v2_deep_audit.TestHFTMathEngineAudit" name="test_cliff_protection_zones" time="0.000" /><testcase classname="tests.test_hft_v2_deep_audit.TestHFTMathEngineAudit" name="test_jump_detection" time="0.000" /><testcase classname="tests.test_hft_v2_deep_audit.TestOrderHysteresisAudit" name="test_hysteresis_threshold_value" time="0.000" /><testcase classname="tests.test_hft_v2_deep_audit.TestOrderHysteresisAudit" name="test_order_stale_seconds" time="0.000" /><testcase classname="tests.test_hft_v2_deep_audit.TestOrderHysteresisAudit" name="test_hysteresis_keeps_order_within_tolerance" time="0.000" /><testcase classname="tests.test_hft_v2_deep_audit.TestOrderHysteresisAudit" name="test_hysteresis_cancels_order_beyond_tolerance" time="0.000" /><testcase classname="tests.test_hft_v2_deep_audit.TestModeSelectionAudit" name="test_price_zone_extreme_low" time="0.000" /><testcase classname="tests.test_hft_v2_deep_audit.TestModeSelectionAudit" name="test_price_zone_standard" time="0.000"><failure message="AssertionError: assert 'extreme_low' == 'standard'&#10;  &#10;  - standard&#10;  + extreme_low">tests/test_hft_v2_deep_audit.py:717: in test_price_zone_standard
    assert get_price_zone(0.10) == 'standard'
E   AssertionError: assert 'extreme_low' == 'standard'
E     
E     - standard
E     + extreme_low</failure></testcase><testcase classname="tests.test_hft_v2_deep_audit.TestModeSelectionAudit" name="test_price_zone_extreme_high" time="0.000" /><testcase classname="tests.test_hft_v2_deep_audit.TestModeSelectionAudit" name="test_zone_config_values" time="0.000" /><testcase classname="tests.test_hft_v2_deep_audit.TestCapitalAllocationAudit" name="test_sub_strategy_allocation_sum" time="0.000" /><testcase classname="tests.test_hft_v2_deep_audit.TestCapitalAllocationAudit" name="test_sub_strategy_allocation_values" time="0.000" /><testcase classname="tests.test_hft_v2_deep_audit.TestCapitalAllocationAudit" name="test_hft_lane_allocation" time="0.000" /><testcase classname="tests.test_hft_v2_deep_audit.TestKellyCriterionAudit" name="test_kelly_fraction_value" time="0.000" /><testcase classname="tests.test_hft_v2_deep_audit.TestKellyCriterionAudit" name="test_kelly_applied_in_build_params" time="0.000" /><testcase classname="tests.test_hft_v2_deep_audit.TestMaxPositionCapAudit" name="test_max_position_pct_value" time="0.000" /><testcase classname="tests.test_hft_v2_deep_audit.TestMaxPositionCapAudit" name="test_max_position_enforced_in_build_params" time="0.000" /><testcase classname="tests.test_hft_v2_deep_audit.TestTickGridAudit" name="test_tick_size_value" time="0.000" /><testcase classname="tests.test_hft_v2_deep_audit.TestTickGridAudit" name="test_round_to_tick_method" time="0.000" /><testcase classname="tests.test_hft_v2_deep_audit.TestTickGridAudit" name="test_min_spread_ticks" time="0.000" /><testcase classname="tests.test_hft_v2_deep_audit.TestKillZoneBoundsAudit" name="test_min_price_value" time="0.000" /><testcase classname="tests.test_hft_v2_deep_audit.TestKillZoneBoundsAudit" name="test_max_price_value" time="0.000" /><testcase classname="tests.test_hft_v2_deep_audit.TestKillZoneBoundsAudit" name="test_clamp_to_bounds_method" time="0.000" /><testcase classname="tests.test_hft_v2_deep_audit.TestMeanReversionThresholdsAudit" name="test_mean_reversion_low_threshold" time="0.000" /><testcase classname="tests.test_hft_v2_deep_audit.TestMeanReversionThresholdsAudit" name="test_mean_reversion_high_threshold" time="0.000" /><testcase classname="tests.test_hft_v2_deep_audit.TestMeanReversionThresholdsAudit" name="test_mean_reversion_boundary_conditions" time="0.000" /><testcase classname="tests.test_hft_v2_deep_audit.TestOrderFlowImbalanceAudit" name="test_imbalance_ratio_value" time="0.000" /><testcase classname="tests.test_hft_v2_deep_audit.TestOrderFlowImbalanceAudit" name="test_order_flow_direction_calculation" time="0.000"><failure message="AssertionError: Expected YES on buy pressure, got NO&#10;assert 'NO' == 'YES'&#10;  &#10;  - YES&#10;  + NO">tests/test_hft_v2_deep_audit.py:986: in test_order_flow_direction_calculation
    assert result == 'YES', f"Expected YES on buy pressure, got {result}"
E   AssertionError: Expected YES on buy pressure, got NO
E   assert 'NO' == 'YES'
E     
E     - YES
E     + NO</failure></testcase><testcase classname="tests.test_hft_v2_deep_audit.TestStatisticsTrackingAudit" name="test_stats_initialization" time="0.000" /><testcase classname="tests.test_hft_v2_deep_audit.TestStatisticsTrackingAudit" name="test_get_stats_method" time="0.000" /><testcase classname="tests.test_hft_v2_deep_audit.TestStatisticsTrackingAudit" name="test_get_hft_metrics_method" time="0.000" /><testcase classname="tests.test_hft_v2_deep_audit.TestHFTV2IntegrationAudit" name="test_hft_v2_status_endpoint" time="0.280" /><testcase classname="tests.test_hft_v2_deep_audit.TestHFTV2IntegrationAudit" name="test_paper_trading_status" time="0.142" /><testcase classname="tests.test_hft_v2_deep_audit.TestHFTV2IntegrationAudit" name="test_health_endpoint" time="0.119" /><testcase classname="tests.test_hft_v2_deep_audit.TestPaperTraderIntegrationAudit" name="test_paper_trader_execute_methods" time="0.000" /><testcase classname="tests.test_hft_v2_deep_audit.TestPaperTraderIntegrationAudit" name="test_strategy_name_format" time="0.000" /><testcase classname="tests.test_hft_v2_deep_audit.TestPaperTraderIntegrationAudit" name="test_trade_params_passed_correctly" time="0.000" /><testcase classname="tests.test_hft_v2_deep_audit.TestCodeQualityAudit" name="test_async_await_usage" time="0.000" /><testcase classname="tests.test_hft_v2_deep_audit.TestCodeQualityAudit" name="test_error_handling" time="0.000" /><testcase classname="tests.test_hft_v2_deep_audit.TestCodeQualityAudit" name="test_logging_present" time="0.000" /><testcase classname="tests.test_hft_v2_deep_audit.TestCodeQualityAudit" name="test_type_hints_present" time="0.000" /><testcase classname="tests.test_hft_v2_deep_audit.TestCodeQualityAudit" name="test_docstrings_present" time="0.001" /></testsuite></testsuites>