<?xml version="1.0" encoding="utf-8"?><testsuites name="pytest tests"><testsuite name="pytest" errors="0" failures="0" skipped="0" tests="15" time="0.404" timestamp="2026-01-24T10:34:58.669485+00:00" hostname="agent-env-639e7e60-41e7-4c3a-b073-7165bbdf1e63"><testcase classname="tests.test_deployed_capital.TestConfigDeployedCapital" name="test_config_deployed_capital_property" time="0.004" /><testcase classname="tests.test_deployed_capital.TestConfigDeployedCapital" name="test_config_max_position_size_uses_deployed" time="0.000" /><testcase classname="tests.test_deployed_capital.TestPolymarketPositionSizer" name="test_sizer_uses_max_deployable_as_sizing_base" time="0.082" /><testcase classname="tests.test_deployed_capital.TestPolymarketPositionSizer" name="test_max_single_position_based_on_deployed" time="0.000" /><testcase classname="tests.test_deployed_capital.TestPolymarketPositionSizer" name="test_utilization_calculation_uses_deployed" time="0.000" /><testcase classname="tests.test_deployed_capital.TestPolymarketPositionSizer" name="test_sector_cap_based_on_deployed" time="0.000" /><testcase classname="tests.test_deployed_capital.TestBacktestEngineDeployedCapital" name="test_backtest_engine_code_uses_deployed_capital" time="0.000" /><testcase classname="tests.test_deployed_capital.TestBacktestEngineDeployedCapital" name="test_backtest_return_calculation_formula" time="0.000" /><testcase classname="tests.test_deployed_capital.TestStrategyTunerDeployedCapital" name="test_strategy_tuner_uses_deployed_capital" time="0.042" /><testcase classname="tests.test_deployed_capital.TestRiskControllerDeployedCapital" name="test_risk_controller_code_uses_deployed_capital" time="0.001" /><testcase classname="tests.test_deployed_capital.TestRiskControllerDeployedCapital" name="test_sharpe_calculation_uses_deployed" time="0.000" /><testcase classname="tests.test_deployed_capital.TestAPIEndpointsDeployedCapital" name="test_paper_trades_endpoint_sizing_base" time="0.118" /><testcase classname="tests.test_deployed_capital.TestAPIEndpointsDeployedCapital" name="test_paper_status_endpoint_returns_deployed_metrics" time="0.043" /><testcase classname="tests.test_deployed_capital.TestAPIEndpointsDeployedCapital" name="test_config_endpoint_returns_deployed_values" time="0.047" /><testcase classname="tests.test_deployed_capital.TestIntegrationDeployedCapital" name="test_full_position_sizing_flow" time="0.000" /></testsuite></testsuites>