<?xml version="1.0" encoding="utf-8"?><testsuites name="pytest tests"><testsuite name="pytest" errors="0" failures="6" skipped="0" tests="14" time="16.502" timestamp="2026-01-14T19:22:28.268652+00:00" hostname="agent-env-3019564d-2cfc-47cd-adc1-11d7ee7530cb"><testcase classname="tests.test_backtest_data_source_fix.TestBacktestDataSourceFix" name="test_api_status" time="0.059" /><testcase classname="tests.test_backtest_data_source_fix.TestBacktestDataSourceFix" name="test_historical_stats" time="0.282" /><testcase classname="tests.test_backtest_data_source_fix.TestBacktestDataSourceFix" name="test_historical_price_stats" time="0.283" /><testcase classname="tests.test_backtest_data_source_fix.TestBacktestDataSourceFix" name="test_backtest_start_with_real_data_source" time="0.041" /><testcase classname="tests.test_backtest_data_source_fix.TestBacktestDataSourceFix" name="test_backtest_real_data_percentage_above_90" time="0.067" /><testcase classname="tests.test_backtest_data_source_fix.TestBacktestDataSourceFix" name="test_backtest_live_data_source" time="0.082"><failure message="assert 400 == 200&#10; +  where 400 = &lt;Response [400]&gt;.status_code">tests/test_backtest_data_source_fix.py:131: in test_backtest_live_data_source
    assert start_response.status_code == 200
E   assert 400 == 200
E    +  where 400 = &lt;Response [400]&gt;.status_code</failure></testcase><testcase classname="tests.test_backtest_data_source_fix.TestBacktestDataSourceFix" name="test_backtest_results_data_quality_structure" time="0.070" /><testcase classname="tests.test_backtest_data_source_fix.TestBacktestDataSourceFix" name="test_backtest_results_data_summary_structure" time="0.048" /><testcase classname="tests.test_backtest_data_source_fix.TestBacktestDataSourceFix" name="test_backtest_auto_data_source" time="0.061"><failure message="assert 400 == 200&#10; +  where 400 = &lt;Response [400]&gt;.status_code">tests/test_backtest_data_source_fix.py:215: in test_backtest_auto_data_source
    assert start_response.status_code == 200
E   assert 400 == 200
E    +  where 400 = &lt;Response [400]&gt;.status_code</failure></testcase><testcase classname="tests.test_backtest_data_source_fix.TestBacktestDataSourceFix" name="test_backtest_snapshots_data_source" time="0.037"><failure message="assert 400 == 200&#10; +  where 400 = &lt;Response [400]&gt;.status_code">tests/test_backtest_data_source_fix.py:241: in test_backtest_snapshots_data_source
    assert start_response.status_code == 200
E   assert 400 == 200
E    +  where 400 = &lt;Response [400]&gt;.status_code</failure></testcase><testcase classname="tests.test_backtest_data_source_fix.TestBacktestDataSourceFix" name="test_backtest_hybrid_data_source" time="0.060"><failure message="assert 400 == 200&#10; +  where 400 = &lt;Response [400]&gt;.status_code">tests/test_backtest_data_source_fix.py:265: in test_backtest_hybrid_data_source
    assert start_response.status_code == 200
E   assert 400 == 200
E    +  where 400 = &lt;Response [400]&gt;.status_code</failure></testcase><testcase classname="tests.test_backtest_data_source_fix.TestBacktestHistory" name="test_backtest_history_endpoint" time="0.117"><failure message="AssertionError: assert False&#10; +  where False = isinstance({'count': 10, 'history': [{'ai_signals_stats': {'avg_sentiment': 0.49685233620978847, 'avg_whale_activity': 0.5075287713971827, 'bearish_whale_markets': 12, 'bullish_whale_markets': 20, ...}, 'asset_class_results': {'crypto': {'avg_loss': 2.653265946963517, 'avg_win': 1.871578149324669, 'losses': 105, 'pnl': 11.501688714154323, ...}, 'finance': {'avg_loss': 2.5749856818806376, 'avg_win': 2.0539332914842414, 'losses': 193, 'pnl': 240.38981503988006, ...}, 'politics': {'avg_loss': 2.672787392372696, 'avg_win': 1.8214215340246727, 'losses': 60, 'pnl': 34.524860598278224, ...}}, 'avg_loss': -2.720733734233995, 'avg_win': 1.968355505521428, ...}, {'ai_signals_stats': {'avg_sentiment': 0.5, 'avg_whale_activity': 0.0, 'bearish_whale_markets': 0, 'bullish_whale_markets': 0, ...}, 'asset_class_results': {}, 'avg_loss': 0.0, 'avg_win': 0.0, ...}, {'ai_signals_stats': {'avg_sentiment': 0.49220520046104677, 'avg_whale_activity': 0.50630767707788, 'bearish_whale_markets': 22, 'bullish_whale_markets': 16, ...}, 'asset_class_results': {'crypto': {'avg_loss': 2.4014967818822175, 'avg_win': 1.6737054585561413, 'losses': 104, 'pnl': 19.710913511788117, ...}, 'finance': {'avg_loss': 2.3570635186059...0140943, 'losses': 100, 'pnl': -10.374633262351715, ...}, 'finance': {'avg_loss': 2.2315592043435566, 'avg_win': 1.7341930326132902, 'losses': 197, 'pnl': 184.69232848510393, ...}, 'politics': {'avg_loss': 2.6267176245343586, 'avg_win': 1.53231760610228, 'losses': 59, 'pnl': 12.046279217621276, ...}}, 'avg_loss': -2.468947284390263, 'avg_win': 1.6749986994735067, ...}, {'ai_signals_stats': {'avg_sentiment': 0.49966434837253537, 'avg_whale_activity': 0.49458088088219976, 'bearish_whale_markets': 14, 'bullish_whale_markets': 17, ...}, 'asset_class_results': {'crypto': {'avg_loss': 2.11811485584246, 'avg_win': 1.4953499069929452, 'losses': 95, 'pnl': 12.614125394957458, ...}, 'finance': {'avg_loss': 2.22741142517123, 'avg_win': 1.6498929363577266, 'losses': 230, 'pnl': 56.90843525403329, ...}, 'politics': {'avg_loss': 2.142381837909114, 'avg_win': 1.6661035732812122, 'losses': 64, 'pnl': 29.497919701937953, ...}}, 'avg_loss': -2.3305150047139715, 'avg_win': 1.6150654031828713, ...}, {'ai_signals_stats': {'avg_sentiment': 0.5, 'avg_whale_activity': 0.0, 'bearish_whale_markets': 0, 'bullish_whale_markets': 0, ...}, 'asset_class_results': {}, 'avg_loss': 0.0, 'avg_win': 0.0, ...}, ...]}, list)">tests/test_backtest_data_source_fix.py:288: in test_backtest_history_endpoint
    assert isinstance(data, list)
E   AssertionError: assert False
E    +  where False = isinstance({'count': 10, 'history': [{'ai_signals_stats': {'avg_sentiment': 0.49685233620978847, 'avg_whale_activity': 0.5075287713971827, 'bearish_whale_markets': 12, 'bullish_whale_markets': 20, ...}, 'asset_class_results': {'crypto': {'avg_loss': 2.653265946963517, 'avg_win': 1.871578149324669, 'losses': 105, 'pnl': 11.501688714154323, ...}, 'finance': {'avg_loss': 2.5749856818806376, 'avg_win': 2.0539332914842414, 'losses': 193, 'pnl': 240.38981503988006, ...}, 'politics': {'avg_loss': 2.672787392372696, 'avg_win': 1.8214215340246727, 'losses': 60, 'pnl': 34.524860598278224, ...}}, 'avg_loss': -2.720733734233995, 'avg_win': 1.968355505521428, ...}, {'ai_signals_stats': {'avg_sentiment': 0.5, 'avg_whale_activity': 0.0, 'bearish_whale_markets': 0, 'bullish_whale_markets': 0, ...}, 'asset_class_results': {}, 'avg_loss': 0.0, 'avg_win': 0.0, ...}, {'ai_signals_stats': {'avg_sentiment': 0.49220520046104677, 'avg_whale_activity': 0.50630767707788, 'bearish_whale_markets': 22, 'bullish_whale_markets': 16, ...}, 'asset_class_results': {'crypto': {'avg_loss': 2.4014967818822175, 'avg_win': 1.6737054585561413, 'losses': 104, 'pnl': 19.710913511788117, ...}, 'finance': {'avg_loss': 2.3570635186059...0140943, 'losses': 100, 'pnl': -10.374633262351715, ...}, 'finance': {'avg_loss': 2.2315592043435566, 'avg_win': 1.7341930326132902, 'losses': 197, 'pnl': 184.69232848510393, ...}, 'politics': {'avg_loss': 2.6267176245343586, 'avg_win': 1.53231760610228, 'losses': 59, 'pnl': 12.046279217621276, ...}}, 'avg_loss': -2.468947284390263, 'avg_win': 1.6749986994735067, ...}, {'ai_signals_stats': {'avg_sentiment': 0.49966434837253537, 'avg_whale_activity': 0.49458088088219976, 'bearish_whale_markets': 14, 'bullish_whale_markets': 17, ...}, 'asset_class_results': {'crypto': {'avg_loss': 2.11811485584246, 'avg_win': 1.4953499069929452, 'losses': 95, 'pnl': 12.614125394957458, ...}, 'finance': {'avg_loss': 2.22741142517123, 'avg_win': 1.6498929363577266, 'losses': 230, 'pnl': 56.90843525403329, ...}, 'politics': {'avg_loss': 2.142381837909114, 'avg_win': 1.6661035732812122, 'losses': 64, 'pnl': 29.497919701937953, ...}}, 'avg_loss': -2.3305150047139715, 'avg_win': 1.6150654031828713, ...}, {'ai_signals_stats': {'avg_sentiment': 0.5, 'avg_whale_activity': 0.0, 'bearish_whale_markets': 0, 'bullish_whale_markets': 0, ...}, 'asset_class_results': {}, 'avg_loss': 0.0, 'avg_win': 0.0, ...}, ...]}, list)</failure></testcase><testcase classname="tests.test_backtest_data_source_fix.TestBacktestHistory" name="test_backtest_history_contains_data_source_mode" time="0.088"><failure message="KeyError: 0">tests/test_backtest_data_source_fix.py:299: in test_backtest_history_contains_data_source_mode
    first_item = data[0]
                 ^^^^^^^
E   KeyError: 0</failure></testcase><testcase classname="tests.test_backtest_data_source_fix.TestLiveMarketsCard" name="test_live_markets_only_shown_when_live_data" time="15.115" /></testsuite></testsuites>