<?xml version="1.0" encoding="utf-8"?><testsuites name="pytest tests"><testsuite name="pytest" errors="0" failures="2" skipped="0" tests="35" time="899.687" timestamp="2026-02-15T07:32:25.864877+00:00" hostname="agent-env-3cbd2b3f-7cc5-4569-88b2-18cbe70ef8d1"><testcase classname="tests.test_iteration45_deep_testing.TestAPIKeyPersistenceDeep" name="test_encryption_decryption_roundtrip" time="0.531"><failure message="AssertionError: assert False == True&#10; +  where False = &lt;built-in method get of dict object at 0xfcc888c27ac0&gt;('is_set')&#10; +    where &lt;built-in method get of dict object at 0xfcc888c27ac0&gt; = {'in_database': False, 'is_placeholder': True, 'is_set': False, 'key_name': 'EXA_API_KEY', ...}.get">tests/test_iteration45_deep_testing.py:64: in test_encryption_decryption_roundtrip
    assert exa_key.get('is_set') == True
E   AssertionError: assert False == True
E    +  where False = &lt;built-in method get of dict object at 0xfcc888c27ac0&gt;('is_set')
E    +    where &lt;built-in method get of dict object at 0xfcc888c27ac0&gt; = {'in_database': False, 'is_placeholder': True, 'is_set': False, 'key_name': 'EXA_API_KEY', ...}.get</failure></testcase><testcase classname="tests.test_iteration45_deep_testing.TestAPIKeyPersistenceDeep" name="test_invalid_key_names" time="0.821" /><testcase classname="tests.test_iteration45_deep_testing.TestAPIKeyPersistenceDeep" name="test_placeholder_detection" time="1.681" /><testcase classname="tests.test_iteration45_deep_testing.TestAPIKeyPersistenceDeep" name="test_key_survives_reload" time="0.856" /><testcase classname="tests.test_iteration45_deep_testing.TestAPIKeyPersistenceDeep" name="test_all_supported_keys" time="0.837" /><testcase classname="tests.test_iteration45_deep_testing.TestWebhookNewsInjectionEdgeCases" name="test_empty_headline" time="0.112" /><testcase classname="tests.test_iteration45_deep_testing.TestWebhookNewsInjectionEdgeCases" name="test_very_long_headline" time="8.605" /><testcase classname="tests.test_iteration45_deep_testing.TestWebhookNewsInjectionEdgeCases" name="test_special_characters_in_headline" time="71.512" /><testcase classname="tests.test_iteration45_deep_testing.TestWebhookNewsInjectionEdgeCases" name="test_missing_source" time="18.436" /><testcase classname="tests.test_iteration45_deep_testing.TestWebhookNewsInjectionEdgeCases" name="test_invalid_json" time="0.364" /><testcase classname="tests.test_iteration45_deep_testing.TestWebhookNewsInjectionEdgeCases" name="test_rate_limiting" time="169.044" /><testcase classname="tests.test_iteration45_deep_testing.TestWebhookNewsInjectionEdgeCases" name="test_different_urgency_levels" time="110.766" /><testcase classname="tests.test_iteration45_deep_testing.TestPATHASignalCreationFlow" name="test_signal_required_fields" time="25.623" /><testcase classname="tests.test_iteration45_deep_testing.TestPATHASignalCreationFlow" name="test_signal_ttl_expiration" time="0.238" /><testcase classname="tests.test_iteration45_deep_testing.TestPaperTradingLifecycle" name="test_start_paper_trading" time="5.655" /><testcase classname="tests.test_iteration45_deep_testing.TestPaperTradingLifecycle" name="test_verify_all_lanes_initialized" time="5.032" /><testcase classname="tests.test_iteration45_deep_testing.TestPaperTradingLifecycle" name="test_inject_news_and_verify_processing" time="22.776" /><testcase classname="tests.test_iteration45_deep_testing.TestPaperTradingLifecycle" name="test_paper_status_during_session" time="0.334" /><testcase classname="tests.test_iteration45_deep_testing.TestPaperTradingLifecycle" name="test_stop_paper_trading" time="33.361" /><testcase classname="tests.test_iteration45_deep_testing.TestPaperTradingLifecycle" name="test_restart_paper_trading" time="44.230" /><testcase classname="tests.test_iteration45_deep_testing.TestHFTV2Integration" name="test_hft_v2_initialization" time="0.118" /><testcase classname="tests.test_iteration45_deep_testing.TestHFTV2Integration" name="test_hft_v2_reads_mongodb" time="24.734" /><testcase classname="tests.test_iteration45_deep_testing.TestNewsSniperIntegration" name="test_news_sniper_reads_signals" time="2.180" /><testcase classname="tests.test_iteration45_deep_testing.TestNewsSniperIntegration" name="test_conviction_calculation" time="33.847" /><testcase classname="tests.test_iteration45_deep_testing.TestScannerResilience" name="test_scanner_continues_after_rest_fallback" time="0.183" /><testcase classname="tests.test_iteration45_deep_testing.TestScannerResilience" name="test_market_cache_updates" time="58.070" /><testcase classname="tests.test_iteration45_deep_testing.TestMongoDBSignalQueries" name="test_signals_with_filters" time="25.448" /><testcase classname="tests.test_iteration45_deep_testing.TestMongoDBSignalQueries" name="test_path_a_vs_legacy_separation" time="0.202" /><testcase classname="tests.test_iteration45_deep_testing.TestMongoDBSignalQueries" name="test_opportunities_endpoint" time="30.041" /><testcase classname="tests.test_iteration45_deep_testing.TestErrorHandling" name="test_malformed_api_key_request" time="23.159" /><testcase classname="tests.test_iteration45_deep_testing.TestErrorHandling" name="test_authentication_failures" time="27.675" /><testcase classname="tests.test_iteration45_deep_testing.TestErrorHandling" name="test_concurrent_api_key_updates" time="36.373" /><testcase classname="tests.test_iteration45_deep_testing.TestCrossLaneIntegration" name="test_lanes_dont_conflict" time="26.429" /><testcase classname="tests.test_iteration45_deep_testing.TestCrossLaneIntegration" name="test_both_read_same_mongodb" time="60.151"><failure message="assert 520 == 200&#10; +  where 520 = &lt;Response [520]&gt;.status_code">tests/test_iteration45_deep_testing.py:751: in test_both_read_same_mongodb
    assert response.status_code == 200
E   assert 520 == 200
E    +  where 520 = &lt;Response [520]&gt;.status_code</failure></testcase><testcase classname="tests.test_iteration45_deep_testing.TestCleanup" name="test_final_paper_stop" time="30.077" /></testsuite></testsuites>