<?xml version="1.0" encoding="utf-8"?><testsuites name="pytest tests"><testsuite name="pytest" errors="0" failures="1" skipped="0" tests="23" time="2.941" timestamp="2026-01-17T11:05:09.474855+00:00" hostname="agent-env-350ee570-cd3b-4b52-836f-43bf15ed60cc"><testcase classname="tests.test_dqn_features_iteration20.TestDQNModule" name="test_dqn_module_exists" time="0.000" /><testcase classname="tests.test_dqn_features_iteration20.TestDQNModule" name="test_dqn_imports" time="0.892" /><testcase classname="tests.test_dqn_features_iteration20.TestDQNModule" name="test_dqn_network_architecture" time="0.001" /><testcase classname="tests.test_dqn_features_iteration20.TestDQNAgent" name="test_dqn_agent_initialization" time="1.221" /><testcase classname="tests.test_dqn_features_iteration20.TestDQNAgent" name="test_dqn_agent_select_action" time="0.001" /><testcase classname="tests.test_dqn_features_iteration20.TestDQNAgent" name="test_dqn_agent_get_stats" time="0.001" /><testcase classname="tests.test_dqn_features_iteration20.TestPrioritizedReplayBuffer" name="test_sum_tree_operations" time="0.000" /><testcase classname="tests.test_dqn_features_iteration20.TestPrioritizedReplayBuffer" name="test_prioritized_buffer_initialization" time="0.000" /><testcase classname="tests.test_dqn_features_iteration20.TestRLStatsAPI" name="test_rl_stats_returns_dqn_fields" time="0.081" /><testcase classname="tests.test_dqn_features_iteration20.TestRLStatsAPI" name="test_rl_stats_target_update_freq" time="0.038" /><testcase classname="tests.test_dqn_features_iteration20.TestRLStatsAPI" name="test_rl_detailed_stats" time="0.061" /><testcase classname="tests.test_dqn_features_iteration20.TestSwitchModeAPI" name="test_switch_to_qtable_mode" time="0.040" /><testcase classname="tests.test_dqn_features_iteration20.TestSwitchModeAPI" name="test_switch_to_dqn_mode" time="0.044" /><testcase classname="tests.test_dqn_features_iteration20.TestSwitchModeAPI" name="test_switch_mode_requires_auth" time="0.042"><failure message="AssertionError: Should require authentication&#10;assert 200 == 401&#10; +  where 200 = &lt;Response [200]&gt;.status_code">tests/test_dqn_features_iteration20.py:257: in test_switch_mode_requires_auth
    assert response.status_code == 401, "Should require authentication"
E   AssertionError: Should require authentication
E   assert 200 == 401
E    +  where 200 = &lt;Response [200]&gt;.status_code</failure></testcase><testcase classname="tests.test_dqn_features_iteration20.TestRLEngineDefaultMode" name="test_rl_engine_default_dqn" time="0.000" /><testcase classname="tests.test_dqn_features_iteration20.TestRLEngineDefaultMode" name="test_api_returns_dqn_by_default" time="0.085" /><testcase classname="tests.test_dqn_features_iteration20.TestDQNArchitectureDetails" name="test_architecture_string_format" time="0.047" /><testcase classname="tests.test_dqn_features_iteration20.TestDQNArchitectureDetails" name="test_state_features_count" time="0.036" /><testcase classname="tests.test_dqn_features_iteration20.TestDQNArchitectureDetails" name="test_action_space_size" time="0.048" /><testcase classname="tests.test_dqn_features_iteration20.TestPrioritizedReplayParameters" name="test_buffer_beta_initial_value" time="0.039" /><testcase classname="tests.test_dqn_features_iteration20.TestPrioritizedReplayParameters" name="test_prioritized_replay_enabled" time="0.043" /><testcase classname="tests.test_dqn_features_iteration20.TestHealthAndIntegration" name="test_health_endpoint" time="0.042" /><testcase classname="tests.test_dqn_features_iteration20.TestHealthAndIntegration" name="test_rl_train_endpoint_exists" time="0.038" /></testsuite></testsuites>