<?xml version="1.0" encoding="utf-8"?><testsuites name="pytest tests"><testsuite name="pytest" errors="0" failures="0" skipped="0" tests="11" time="1.145" timestamp="2026-01-15T01:06:19.684659+00:00" hostname="agent-env-c6695bc9-1a0e-473a-8ac1-be5f72254e81"><testcase classname="tests.test_paper_trading_data_sync_fix.TestPaperStatusEndpoint" name="test_status_returns_complete_structure_no_session" time="0.076" /><testcase classname="tests.test_paper_trading_data_sync_fix.TestPaperTradesEndpoint" name="test_trades_returns_valid_json" time="0.042" /><testcase classname="tests.test_paper_trading_data_sync_fix.TestPaperTradesEndpoint" name="test_trades_with_different_limits" time="0.154" /><testcase classname="tests.test_paper_trading_data_sync_fix.TestPaperPositionsEndpoint" name="test_positions_returns_array" time="0.037" /><testcase classname="tests.test_paper_trading_data_sync_fix.TestPaperAnalyticsEndpoint" name="test_analytics_returns_valid_structure" time="0.039" /><testcase classname="tests.test_paper_trading_data_sync_fix.TestAllPaperEndpointsIndependently" name="test_all_endpoints_return_200" time="0.161" /><testcase classname="tests.test_paper_trading_data_sync_fix.TestPaperTradingStartStop" name="test_start_paper_trading" time="0.153" /><testcase classname="tests.test_paper_trading_data_sync_fix.TestPaperTradingStartStop" name="test_stop_paper_trading" time="0.111" /><testcase classname="tests.test_paper_trading_data_sync_fix.TestStatusFieldsWhenRunning" name="test_status_fields_during_session" time="0.185" /><testcase classname="tests.test_paper_trading_data_sync_fix.TestCumulativeStatsEndpoint" name="test_cumulative_stats_structure" time="0.038" /><testcase classname="tests.test_paper_trading_data_sync_fix.TestAIStatsEndpoint" name="test_ai_stats_structure" time="0.037" /></testsuite></testsuites>