<?xml version="1.0" encoding="utf-8"?><testsuites name="pytest tests"><testsuite name="pytest" errors="0" failures="0" skipped="0" tests="9" time="8.931" timestamp="2026-01-16T02:22:06.089886+00:00" hostname="agent-env-4a636450-5718-4250-a864-10118b92995d"><testcase classname="tests.test_exit_params_feature.TestExitParamsAPI" name="test_get_config_returns_exit_params" time="0.292" /><testcase classname="tests.test_exit_params_feature.TestExitParamsAPI" name="test_exit_params_default_values" time="0.050" /><testcase classname="tests.test_exit_params_feature.TestExitParamsAPI" name="test_update_exit_params_single_strategy" time="0.111" /><testcase classname="tests.test_exit_params_feature.TestExitParamsAPI" name="test_update_exit_params_all_strategies" time="0.061" /><testcase classname="tests.test_exit_params_feature.TestPaperTradingExitParams" name="test_paper_trading_status_endpoint" time="0.006" /><testcase classname="tests.test_exit_params_feature.TestPaperTradingExitParams" name="test_paper_trading_start_stop" time="8.214" /><testcase classname="tests.test_exit_params_feature.TestExitParamsPresets" name="test_conservative_preset_values" time="0.017" /><testcase classname="tests.test_exit_params_feature.TestExitParamsPresets" name="test_moderate_preset_values" time="0.061" /><testcase classname="tests.test_exit_params_feature.TestExitParamsPresets" name="test_aggressive_preset_values" time="0.064" /></testsuite></testsuites>