<?xml version="1.0" encoding="utf-8"?><testsuites name="pytest tests"><testsuite name="pytest" errors="0" failures="1" skipped="0" tests="35" time="2.075" timestamp="2026-01-26T19:02:29.394406+00:00" hostname="agent-env-5561d59f-83e2-455d-b917-9610b1d9473b"><testcase classname="tests.test_iteration32_dual_zone_risk.TestRiskConfigConstants" name="test_import_risk_config" time="0.002" /><testcase classname="tests.test_iteration32_dual_zone_risk.TestRiskConfigConstants" name="test_global_safety_parameters" time="0.000" /><testcase classname="tests.test_iteration32_dual_zone_risk.TestRiskConfigConstants" name="test_whale_zone_parameters" time="0.000" /><testcase classname="tests.test_iteration32_dual_zone_risk.TestRiskConfigConstants" name="test_core_zone_parameters" time="0.000" /><testcase classname="tests.test_iteration32_dual_zone_risk.TestRiskConfigConstants" name="test_fee_structure" time="0.000" /><testcase classname="tests.test_iteration32_dual_zone_risk.TestMarketRegimeClassification" name="test_kill_switch_extreme_low" time="0.000" /><testcase classname="tests.test_iteration32_dual_zone_risk.TestMarketRegimeClassification" name="test_kill_switch_extreme_high" time="0.000" /><testcase classname="tests.test_iteration32_dual_zone_risk.TestMarketRegimeClassification" name="test_whale_zone_convexity_opportunity" time="0.000" /><testcase classname="tests.test_iteration32_dual_zone_risk.TestMarketRegimeClassification" name="test_whale_zone_wide_tick_spread_zombie" time="0.000" /><testcase classname="tests.test_iteration32_dual_zone_risk.TestMarketRegimeClassification" name="test_whale_zone_low_volume_zombie" time="0.000" /><testcase classname="tests.test_iteration32_dual_zone_risk.TestMarketRegimeClassification" name="test_core_zone_taker_tight" time="0.000" /><testcase classname="tests.test_iteration32_dual_zone_risk.TestMarketRegimeClassification" name="test_core_zone_maker_wide" time="0.000" /><testcase classname="tests.test_iteration32_dual_zone_risk.TestMarketRegimeClassification" name="test_core_zone_zombie" time="0.000" /><testcase classname="tests.test_iteration32_dual_zone_risk.TestMarketRegimeClassification" name="test_core_zone_low_volume_zombie" time="0.000" /><testcase classname="tests.test_iteration32_dual_zone_risk.TestMarketRegimeEnum" name="test_regime_values" time="0.000" /><testcase classname="tests.test_iteration32_dual_zone_risk.TestZoneParameters" name="test_whale_zone_parameters" time="0.000" /><testcase classname="tests.test_iteration32_dual_zone_risk.TestZoneParameters" name="test_core_zone_parameters" time="0.000" /><testcase classname="tests.test_iteration32_dual_zone_risk.TestSpreadAcceptability" name="test_whale_zone_tight_spread_acceptable" time="0.000" /><testcase classname="tests.test_iteration32_dual_zone_risk.TestSpreadAcceptability" name="test_whale_zone_wide_spread_rejected" time="0.000" /><testcase classname="tests.test_iteration32_dual_zone_risk.TestSpreadAcceptability" name="test_core_zone_tight_spread_acceptable" time="0.000" /><testcase classname="tests.test_iteration32_dual_zone_risk.TestSpreadAcceptability" name="test_core_zone_wide_spread_hft_acceptable" time="0.000" /><testcase classname="tests.test_iteration32_dual_zone_risk.TestPaperTradingAPIEndpoints" name="test_paper_status_endpoint" time="0.095" /><testcase classname="tests.test_iteration32_dual_zone_risk.TestPaperTradingAPIEndpoints" name="test_paper_start_requires_auth" time="0.039" /><testcase classname="tests.test_iteration32_dual_zone_risk.TestPaperTradingAPIEndpoints" name="test_paper_stop_requires_auth" time="0.040" /><testcase classname="tests.test_iteration32_dual_zone_risk.TestPaperTradingAPIEndpoints" name="test_paper_start_with_auth" time="1.450"><failure message="assert 520 in [200, 400]&#10; +  where 520 = &lt;Response [520]&gt;.status_code">tests/test_iteration32_dual_zone_risk.py:298: in test_paper_start_with_auth
    assert response.status_code in [200, 400]
E   assert 520 in [200, 400]
E    +  where 520 = &lt;Response [520]&gt;.status_code</failure></testcase><testcase classname="tests.test_iteration32_dual_zone_risk.TestPaperTradingAPIEndpoints" name="test_paper_stop_with_auth" time="0.034" /><testcase classname="tests.test_iteration32_dual_zone_risk.TestAlphaWeightsAPI" name="test_get_alpha_weights" time="0.073" /><testcase classname="tests.test_iteration32_dual_zone_risk.TestAlphaWeightsAPI" name="test_post_alpha_weights_requires_session" time="0.034" /><testcase classname="tests.test_iteration32_dual_zone_risk.TestHealthAndConfig" name="test_health_endpoint" time="0.039" /><testcase classname="tests.test_iteration32_dual_zone_risk.TestHealthAndConfig" name="test_config_endpoint" time="0.037" /><testcase classname="tests.test_iteration32_dual_zone_risk.TestHealthAndConfig" name="test_config_has_spread_policy" time="0.036" /><testcase classname="tests.test_iteration32_dual_zone_risk.TestHealthAndConfig" name="test_config_has_variance_sizing" time="0.040" /><testcase classname="tests.test_iteration32_dual_zone_risk.TestConfigSpreadRules" name="test_spread_rules_exist" time="0.003" /><testcase classname="tests.test_iteration32_dual_zone_risk.TestConfigSpreadRules" name="test_spread_rules_values" time="0.000" /><testcase classname="tests.test_iteration32_dual_zone_risk.TestConfigSpreadRules" name="test_classify_spread_regime_function" time="0.000" /></testsuite></testsuites>