<?xml version="1.0" encoding="utf-8"?><testsuites name="pytest tests"><testsuite name="pytest" errors="0" failures="0" skipped="0" tests="12" time="26.104" timestamp="2026-01-15T05:49:36.722126+00:00" hostname="agent-env-0af26f37-d8ca-4f09-9619-3d82cc628246"><testcase classname="tests.test_config_paper_trading_fix.TestConfigAPI" name="test_config_returns_initial_capital" time="0.100" /><testcase classname="tests.test_config_paper_trading_fix.TestConfigAPI" name="test_config_returns_kelly_enabled" time="0.039" /><testcase classname="tests.test_config_paper_trading_fix.TestConfigAPI" name="test_config_returns_liquidity_range" time="0.041" /><testcase classname="tests.test_config_paper_trading_fix.TestConfigAPI" name="test_config_returns_all_new_fields" time="0.040" /><testcase classname="tests.test_config_paper_trading_fix.TestConfigUpdate" name="test_update_kelly_enabled_toggle" time="0.146" /><testcase classname="tests.test_config_paper_trading_fix.TestConfigUpdate" name="test_update_liquidity_range" time="0.142" /><testcase classname="tests.test_config_paper_trading_fix.TestConfigUpdate" name="test_update_initial_capital" time="0.153" /><testcase classname="tests.test_config_paper_trading_fix.TestPaperTradingConfig" name="test_paper_trading_starts_with_correct_capital" time="8.559" /><testcase classname="tests.test_config_paper_trading_fix.TestPaperTradingConfig" name="test_paper_trading_uses_kelly_enabled_setting" time="8.129" /><testcase classname="tests.test_config_paper_trading_fix.TestPaperTradingConfig" name="test_paper_trading_uses_liquidity_filters" time="8.416" /><testcase classname="tests.test_config_paper_trading_fix.TestTradingConfigModel" name="test_config_update_accepts_all_new_fields" time="0.191" /><testcase classname="tests.test_config_paper_trading_fix.TestAdaptivePositionSizer" name="test_position_sizer_respects_kelly_toggle" time="0.038" /></testsuite></testsuites>