<?xml version="1.0" encoding="utf-8"?><testsuites name="pytest tests"><testsuite name="pytest" errors="0" failures="0" skipped="0" tests="30" time="4.615" timestamp="2026-01-25T19:10:23.978424+00:00" hostname="agent-env-c4e9a611-24e3-4e2e-bdce-729bc182bf2b"><testcase classname="tests.test_price_rejection.TestPriceRejection" name="test_trading_bot_rejects_missing_price" time="3.223" /><testcase classname="tests.test_price_rejection.TestPriceRejection" name="test_delta_neutral_rejects_missing_price" time="0.000" /><testcase classname="tests.test_price_rejection.TestPriceRejection" name="test_volatility_strategy_rejects_missing_price" time="0.001" /><testcase classname="tests.test_price_rejection.TestPriceRejection" name="test_arbitrage_rejects_missing_price" time="0.000" /><testcase classname="tests.test_price_rejection.TestPriceRejection" name="test_alpha_directional_rejects_missing_price" time="0.001" /><testcase classname="tests.test_price_rejection.TestPriceRejection" name="test_kelly_optimizer_rejects_missing_price" time="0.000" /><testcase classname="tests.test_price_rejection.TestPriceRejection" name="test_signal_fusion_rejects_missing_price" time="0.000" /><testcase classname="tests.test_price_rejection.TestPriceRejection" name="test_rl_engine_handles_missing_price" time="0.000" /><testcase classname="tests.test_price_rejection.TestPriceRejection" name="test_market_data_service_no_default_price" time="0.001" /><testcase classname="tests.test_price_rejection.TestPriceRejection" name="test_polymarket_api_skips_invalid_markets" time="0.000" /><testcase classname="tests.test_price_rejection.TestAsyncPriceRejection" name="test_delta_neutral_async_rejection" time="0.001" /><testcase classname="tests.test_price_rejection.TestAsyncPriceRejection" name="test_volatility_async_rejection" time="0.002" /><testcase classname="tests.test_price_rejection.TestAsyncPriceRejection" name="test_alpha_directional_async_rejection" time="0.001" /><testcase classname="tests.test_price_rejection.TestAsyncPriceRejection" name="test_kelly_optimizer_async_rejection" time="0.000" /><testcase classname="tests.test_iteration30_price_rejection_integration.TestHealthAndStatus" name="test_health_endpoint" time="0.067" /><testcase classname="tests.test_iteration30_price_rejection_integration.TestHealthAndStatus" name="test_status_endpoint" time="0.037" /><testcase classname="tests.test_iteration30_price_rejection_integration.TestMarketsAPIValidPrices" name="test_markets_have_valid_prices" time="0.171" /><testcase classname="tests.test_iteration30_price_rejection_integration.TestMarketsAPIValidPrices" name="test_markets_prices_in_valid_range" time="0.125" /><testcase classname="tests.test_iteration30_price_rejection_integration.TestMarketsAPIValidPrices" name="test_no_default_05_prices" time="0.129" /><testcase classname="tests.test_iteration30_price_rejection_integration.TestPaperTradingPriceValidation" name="test_paper_trading_mode_enable" time="0.338" /><testcase classname="tests.test_iteration30_price_rejection_integration.TestPaperTradingPriceValidation" name="test_paper_trading_mode_stop" time="0.034" /><testcase classname="tests.test_iteration30_price_rejection_integration.TestConfigEndpoints" name="test_get_config" time="0.044" /><testcase classname="tests.test_iteration30_price_rejection_integration.TestConfigEndpoints" name="test_config_has_valid_kelly_bounds" time="0.038" /><testcase classname="tests.test_iteration30_price_rejection_integration.TestTradesAndPositions" name="test_get_trades" time="0.035" /><testcase classname="tests.test_iteration30_price_rejection_integration.TestTradesAndPositions" name="test_get_positions" time="0.078" /><testcase classname="tests.test_iteration30_price_rejection_integration.TestTradesAndPositions" name="test_positions_have_valid_prices" time="0.041" /><testcase classname="tests.test_iteration30_price_rejection_integration.TestPerformanceEndpoints" name="test_get_performance" time="0.041" /><testcase classname="tests.test_iteration30_price_rejection_integration.TestPerformanceEndpoints" name="test_get_trade_stats" time="0.040" /><testcase classname="tests.test_iteration30_price_rejection_integration.TestBacktestEndpoints" name="test_get_backtest_history" time="0.069" /><testcase classname="tests.test_iteration30_price_rejection_integration.TestRealtimeEndpoints" name="test_realtime_status" time="0.041" /></testsuite></testsuites>