<?xml version="1.0" encoding="utf-8"?><testsuites name="pytest tests"><testsuite name="pytest" errors="0" failures="2" skipped="0" tests="27" time="154.735" timestamp="2026-02-15T07:04:33.684373+00:00" hostname="agent-env-3cbd2b3f-7cc5-4569-88b2-18cbe70ef8d1"><testcase classname="backend.tests.test_iteration44_hft_trading_bot.TestHealthEndpoints" name="test_api_health" time="2.913" /><testcase classname="backend.tests.test_iteration44_hft_trading_bot.TestHealthEndpoints" name="test_api_status" time="0.127"><failure message="AssertionError: assert 'mode' in {'bot_running': False, 'configuration': {'deployed_capital': 8000.0, 'enabled_asset_classes': ['finance', 'politics', 'sports', 'crypto', 'entertainment', 'science'], 'enabled_strategies': ['delta_neutral', 'volatility_exploitation', 'alpha_directional', 'arbitrage'], 'initial_capital': 10000.0, ...}, 'status': 'stopped', 'timestamp': '2026-02-15T07:04:36.765416+00:00', ...}">backend/tests/test_iteration44_hft_trading_bot.py:47: in test_api_status
    assert 'mode' in data
E   AssertionError: assert 'mode' in {'bot_running': False, 'configuration': {'deployed_capital': 8000.0, 'enabled_asset_classes': ['finance', 'politics', 'sports', 'crypto', 'entertainment', 'science'], 'enabled_strategies': ['delta_neutral', 'volatility_exploitation', 'alpha_directional', 'arbitrage'], 'initial_capital': 10000.0, ...}, 'status': 'stopped', 'timestamp': '2026-02-15T07:04:36.765416+00:00', ...}</failure></testcase><testcase classname="backend.tests.test_iteration44_hft_trading_bot.TestScannerHealth" name="test_scanner_health_endpoint" time="0.107" /><testcase classname="backend.tests.test_iteration44_hft_trading_bot.TestAPIKeyPersistence" name="test_api_keys_status" time="0.168" /><testcase classname="backend.tests.test_iteration44_hft_trading_bot.TestAPIKeyPersistence" name="test_api_keys_update" time="1.019" /><testcase classname="backend.tests.test_iteration44_hft_trading_bot.TestAPIKeyPersistence" name="test_api_keys_update_invalid_key" time="0.529" /><testcase classname="backend.tests.test_iteration44_hft_trading_bot.TestAPIKeyPersistence" name="test_api_keys_reload" time="0.111" /><testcase classname="backend.tests.test_iteration44_hft_trading_bot.TestMarketsFirstStatus" name="test_markets_first_status" time="0.176" /><testcase classname="backend.tests.test_iteration44_hft_trading_bot.TestMarketsFirstStatus" name="test_markets_first_signals" time="0.098" /><testcase classname="backend.tests.test_iteration44_hft_trading_bot.TestWebhookNewsInjection" name="test_webhook_news_reuters" time="43.841" /><testcase classname="backend.tests.test_iteration44_hft_trading_bot.TestWebhookNewsInjection" name="test_webhook_news_bloomberg" time="15.961" /><testcase classname="backend.tests.test_iteration44_hft_trading_bot.TestWebhookNewsInjection" name="test_webhook_news_coindesk" time="23.287" /><testcase classname="backend.tests.test_iteration44_hft_trading_bot.TestWebhookNewsInjection" name="test_webhook_news_whale_alert" time="0.546" /><testcase classname="backend.tests.test_iteration44_hft_trading_bot.TestWebhookNewsInjection" name="test_webhook_news_unknown_source" time="36.710" /><testcase classname="backend.tests.test_iteration44_hft_trading_bot.TestNewsSniperStatus" name="test_news_sniper_status" time="0.444" /><testcase classname="backend.tests.test_iteration44_hft_trading_bot.TestHFTV2Status" name="test_hft_v2_status" time="0.331" /><testcase classname="backend.tests.test_iteration44_hft_trading_bot.TestPaperTradingFlow" name="test_paper_status_before_start" time="0.284" /><testcase classname="backend.tests.test_iteration44_hft_trading_bot.TestPaperTradingFlow" name="test_paper_start" time="0.910" /><testcase classname="backend.tests.test_iteration44_hft_trading_bot.TestPaperTradingFlow" name="test_paper_status_after_start" time="2.364" /><testcase classname="backend.tests.test_iteration44_hft_trading_bot.TestPaperTradingFlow" name="test_news_sniper_after_paper_start" time="3.623" /><testcase classname="backend.tests.test_iteration44_hft_trading_bot.TestPaperTradingFlow" name="test_hft_v2_after_paper_start" time="0.497" /><testcase classname="backend.tests.test_iteration44_hft_trading_bot.TestPaperTradingFlow" name="test_scanner_after_paper_start" time="0.297" /><testcase classname="backend.tests.test_iteration44_hft_trading_bot.TestPaperTradingFlow" name="test_webhook_news_after_paper_start" time="16.593" /><testcase classname="backend.tests.test_iteration44_hft_trading_bot.TestMongoDBSignalStorage" name="test_signals_endpoint" time="0.218" /><testcase classname="backend.tests.test_iteration44_hft_trading_bot.TestMongoDBSignalStorage" name="test_opportunities_endpoint" time="0.298" /><testcase classname="backend.tests.test_iteration44_hft_trading_bot.TestLaneInitialization" name="test_five_lane_dashboard" time="0.289"><failure message="assert 404 == 200&#10; +  where 404 = &lt;Response [404]&gt;.status_code">backend/tests/test_iteration44_hft_trading_bot.py:500: in test_five_lane_dashboard
    assert response.status_code == 200
E   assert 404 == 200
E    +  where 404 = &lt;Response [404]&gt;.status_code</failure></testcase><testcase classname="backend.tests.test_iteration44_hft_trading_bot.TestCleanup" name="test_paper_stop" time="2.729" /></testsuite></testsuites>