<?xml version="1.0" encoding="utf-8"?><testsuites name="pytest tests"><testsuite name="pytest" errors="0" failures="0" skipped="0" tests="14" time="86.781" timestamp="2026-01-14T19:24:00.094065+00:00" hostname="agent-env-3019564d-2cfc-47cd-adc1-11d7ee7530cb"><testcase classname="tests.test_backtest_data_source_fix.TestBacktestDataSourceFix" name="test_api_status" time="0.081" /><testcase classname="tests.test_backtest_data_source_fix.TestBacktestDataSourceFix" name="test_historical_stats" time="0.268" /><testcase classname="tests.test_backtest_data_source_fix.TestBacktestDataSourceFix" name="test_historical_price_stats" time="0.284" /><testcase classname="tests.test_backtest_data_source_fix.TestBacktestDataSourceFix" name="test_backtest_start_with_real_data_source" time="0.039" /><testcase classname="tests.test_backtest_data_source_fix.TestBacktestDataSourceFix" name="test_backtest_real_data_percentage_above_90" time="0.052" /><testcase classname="tests.test_backtest_data_source_fix.TestBacktestDataSourceFix" name="test_backtest_live_data_source" time="25.245" /><testcase classname="tests.test_backtest_data_source_fix.TestBacktestDataSourceFix" name="test_backtest_results_data_quality_structure" time="0.037" /><testcase classname="tests.test_backtest_data_source_fix.TestBacktestDataSourceFix" name="test_backtest_results_data_summary_structure" time="0.040" /><testcase classname="tests.test_backtest_data_source_fix.TestBacktestDataSourceFix" name="test_backtest_auto_data_source" time="15.120" /><testcase classname="tests.test_backtest_data_source_fix.TestBacktestDataSourceFix" name="test_backtest_snapshots_data_source" time="15.107" /><testcase classname="tests.test_backtest_data_source_fix.TestBacktestDataSourceFix" name="test_backtest_hybrid_data_source" time="15.140" /><testcase classname="tests.test_backtest_data_source_fix.TestBacktestHistory" name="test_backtest_history_endpoint" time="0.110" /><testcase classname="tests.test_backtest_data_source_fix.TestBacktestHistory" name="test_backtest_history_contains_data_source_mode" time="0.087" /><testcase classname="tests.test_backtest_data_source_fix.TestLiveMarketsCard" name="test_live_markets_only_shown_when_live_data" time="15.100" /></testsuite></testsuites>