<?xml version="1.0" encoding="utf-8"?><testsuites name="pytest tests"><testsuite name="pytest" errors="0" failures="0" skipped="0" tests="17" time="2.654" timestamp="2026-01-24T19:49:07.730524+00:00" hostname="agent-env-e7d84d23-15dd-4d0b-ad3d-577b2b752562"><testcase classname="backend.tests.test_pnl_fixes.TestSessionTradesAPI" name="test_session_trades_endpoint_exists" time="0.083" /><testcase classname="backend.tests.test_pnl_fixes.TestSessionTradesAPI" name="test_session_trades_returns_trades" time="0.039" /><testcase classname="backend.tests.test_pnl_fixes.TestSessionTradesAPI" name="test_session_trades_has_exit_price_field" time="0.035" /><testcase classname="backend.tests.test_pnl_fixes.TestSessionTradesAPI" name="test_session_trades_has_pnl_pct_field" time="0.044" /><testcase classname="backend.tests.test_pnl_fixes.TestSessionTradesAPI" name="test_pnl_pct_positive_for_winning_no_trades" time="0.038" /><testcase classname="backend.tests.test_pnl_fixes.TestSessionTradesAPI" name="test_pnl_pct_range_is_reasonable" time="0.042" /><testcase classname="backend.tests.test_pnl_fixes.TestRLBufferLoading" name="test_rl_stats_endpoint_exists" time="1.321" /><testcase classname="backend.tests.test_pnl_fixes.TestRLBufferLoading" name="test_rl_load_historical_endpoint_exists" time="0.193" /><testcase classname="backend.tests.test_pnl_fixes.TestRLBufferLoading" name="test_rl_load_historical_loads_experiences" time="0.221" /><testcase classname="backend.tests.test_pnl_fixes.TestRLBufferLoading" name="test_rl_buffer_size_after_loading" time="0.217" /><testcase classname="backend.tests.test_pnl_fixes.TestSessionHistory" name="test_session_history_endpoint_exists" time="0.044" /><testcase classname="backend.tests.test_pnl_fixes.TestSessionHistory" name="test_session_history_returns_sessions" time="0.043" /><testcase classname="backend.tests.test_pnl_fixes.TestSessionHistory" name="test_session_61302050_has_correct_trade_count" time="0.037" /><testcase classname="backend.tests.test_pnl_fixes.TestPositionsAPI" name="test_positions_endpoint_exists" time="0.074" /><testcase classname="backend.tests.test_pnl_fixes.TestPositionsAPI" name="test_status_endpoint_returns_positions_data" time="0.036" /><testcase classname="backend.tests.test_pnl_fixes.TestTradeHistoryAPI" name="test_trades_endpoint_exists" time="0.043" /><testcase classname="backend.tests.test_pnl_fixes.TestTradeHistoryAPI" name="test_trades_have_required_fields" time="0.040" /></testsuite></testsuites>