<?xml version="1.0" encoding="utf-8"?><testsuites name="pytest tests"><testsuite name="pytest" errors="0" failures="0" skipped="0" tests="13" time="26.616" timestamp="2026-01-15T03:18:03.635168+00:00" hostname="agent-env-d2bb49ce-4578-4d0e-b648-e36ff9b0c99e"><testcase classname="tests.test_gamma_api_paper_trading_fix.TestGammaAPILiveData" name="test_markets_endpoint_returns_live_data" time="0.485" /><testcase classname="tests.test_gamma_api_paper_trading_fix.TestGammaAPILiveData" name="test_markets_have_real_prices" time="0.255" /><testcase classname="tests.test_gamma_api_paper_trading_fix.TestGammaAPILiveData" name="test_markets_have_high_liquidity" time="0.227" /><testcase classname="tests.test_gamma_api_paper_trading_fix.TestGammaAPILiveData" name="test_markets_have_recent_end_dates" time="0.294" /><testcase classname="tests.test_gamma_api_paper_trading_fix.TestGammaAPILiveData" name="test_markets_structure_complete" time="0.540" /><testcase classname="tests.test_gamma_api_paper_trading_fix.TestPaperTradingGrossLossFix" name="test_paper_trading_start" time="1.417" /><testcase classname="tests.test_gamma_api_paper_trading_fix.TestPaperTradingGrossLossFix" name="test_paper_trading_status_running" time="2.395" /><testcase classname="tests.test_gamma_api_paper_trading_fix.TestPaperTradingGrossLossFix" name="test_paper_trading_status_has_strategy_results" time="2.380" /><testcase classname="tests.test_gamma_api_paper_trading_fix.TestPaperTradingGrossLossFix" name="test_paper_trading_status_has_asset_class_results" time="2.340" /><testcase classname="tests.test_gamma_api_paper_trading_fix.TestPaperTradingGrossLossFix" name="test_paper_trading_stop" time="3.486" /><testcase classname="tests.test_gamma_api_paper_trading_fix.TestPaperTradingGrossLossFix" name="test_paper_trading_full_cycle_no_errors" time="12.561" /><testcase classname="tests.test_gamma_api_paper_trading_fix.TestHealthAndBasicEndpoints" name="test_health_endpoint" time="0.038" /><testcase classname="tests.test_gamma_api_paper_trading_fix.TestHealthAndBasicEndpoints" name="test_status_endpoint" time="0.078" /></testsuite></testsuites>