<?xml version="1.0" encoding="utf-8"?><testsuites name="pytest tests"><testsuite name="pytest" errors="0" failures="0" skipped="0" tests="11" time="1.110" timestamp="2026-01-27T15:43:36.446573+00:00" hostname="agent-env-1845aae3-39d6-462e-899e-8859451c6bc8"><testcase classname="backend.tests.test_three_speed_allocation.TestThreeSpeedAllocationAPI" name="test_get_portfolio_risk_returns_three_allocations" time="0.114" /><testcase classname="backend.tests.test_three_speed_allocation.TestThreeSpeedAllocationAPI" name="test_get_portfolio_risk_defaults_are_35_55_10" time="0.036" /><testcase classname="backend.tests.test_three_speed_allocation.TestThreeSpeedAllocationAPI" name="test_post_portfolio_risk_saves_allocations" time="0.073" /><testcase classname="backend.tests.test_three_speed_allocation.TestThreeSpeedAllocationAPI" name="test_reset_portfolio_risk_restores_defaults" time="0.146" /><testcase classname="backend.tests.test_three_speed_allocation.TestThreeSpeedAllocationAPI" name="test_allocations_sum_validation" time="0.138" /><testcase classname="backend.tests.test_three_speed_allocation.TestRiskConfigDefaults" name="test_defaults_contain_three_speed_allocations" time="0.070" /><testcase classname="backend.tests.test_three_speed_allocation.TestRiskConfigDefaults" name="test_to_dict_includes_allocations" time="0.059" /><testcase classname="backend.tests.test_three_speed_allocation.TestRiskConfigDefaults" name="test_load_from_dict_loads_allocations" time="0.136" /><testcase classname="backend.tests.test_three_speed_allocation.TestRiskConfigDefaults" name="test_reset_to_defaults_resets_allocations" time="0.129" /><testcase classname="backend.tests.test_three_speed_allocation.TestDeployedCapitalLinkage" name="test_allocations_relative_to_deployed_capital" time="0.040" /><testcase classname="backend.tests.test_three_speed_allocation.TestDeployedCapitalLinkage" name="test_dollar_amounts_calculation" time="0.084" /></testsuite></testsuites>