<?xml version="1.0" encoding="utf-8"?><testsuites name="pytest tests"><testsuite name="pytest" errors="0" failures="0" skipped="0" tests="12" time="0.701" timestamp="2026-01-13T09:53:54.861482+00:00" hostname="agent-env-d3d0e161-3efe-4e64-abde-c6e71c7da0c2"><testcase classname="tests.test_apex_trader_api.TestHealthAndStatus" name="test_root_endpoint" time="0.072" /><testcase classname="tests.test_apex_trader_api.TestHealthAndStatus" name="test_status_endpoint" time="0.036" /><testcase classname="tests.test_apex_trader_api.TestTradeStats" name="test_trade_stats_endpoint" time="0.044" /><testcase classname="tests.test_apex_trader_api.TestTradeStats" name="test_trade_stats_values_non_negative" time="0.049" /><testcase classname="tests.test_apex_trader_api.TestPerformance" name="test_performance_endpoint" time="0.036" /><testcase classname="tests.test_apex_trader_api.TestPositionsAndTrades" name="test_positions_endpoint" time="0.040" /><testcase classname="tests.test_apex_trader_api.TestPositionsAndTrades" name="test_trades_endpoint" time="0.035" /><testcase classname="tests.test_apex_trader_api.TestPositionsAndTrades" name="test_trades_limit_parameter" time="0.039" /><testcase classname="tests.test_apex_trader_api.TestBotControl" name="test_bot_stop_when_not_running" time="0.037" /><testcase classname="tests.test_apex_trader_api.TestBotControl" name="test_backtest_stop_when_not_running" time="0.038" /><testcase classname="tests.test_apex_trader_api.TestMarkets" name="test_markets_endpoint" time="0.038" /><testcase classname="tests.test_apex_trader_api.TestAnalytics" name="test_analytics_endpoint" time="0.050" /></testsuite></testsuites>