<?xml version="1.0" encoding="utf-8"?><testsuites name="pytest tests"><testsuite name="pytest" errors="0" failures="1" skipped="0" tests="27" time="15.238" timestamp="2026-01-24T23:31:23.807303+00:00" hostname="agent-env-a8444360-0114-41d7-8ae5-fdaf1a26d858"><testcase classname="tests.test_iteration27_websocket_verification.TestBackendHealth" name="test_health_endpoint" time="0.090" /><testcase classname="tests.test_iteration27_websocket_verification.TestBackendHealth" name="test_status_endpoint" time="0.039" /><testcase classname="tests.test_iteration27_websocket_verification.TestWebSocketModuleStructure" name="test_polymarket_websocket_module_exists" time="0.004" /><testcase classname="tests.test_iteration27_websocket_verification.TestWebSocketModuleStructure" name="test_websocket_url_is_correct" time="0.000" /><testcase classname="tests.test_iteration27_websocket_verification.TestWebSocketModuleStructure" name="test_websocket_has_required_methods" time="0.000" /><testcase classname="tests.test_iteration27_websocket_verification.TestWebSocketModuleStructure" name="test_websocket_manager_has_required_methods" time="0.000" /><testcase classname="tests.test_iteration27_websocket_verification.TestWebSocketMessageParsing" name="test_handle_message_array_format" time="0.001" /><testcase classname="tests.test_iteration27_websocket_verification.TestWebSocketMessageParsing" name="test_handle_message_object_format" time="0.001" /><testcase classname="tests.test_iteration27_websocket_verification.TestWebSocketMessageParsing" name="test_handle_price_change_event" time="0.001" /><testcase classname="tests.test_iteration27_websocket_verification.TestWebSocketMessageParsing" name="test_handle_book_message" time="0.000" /><testcase classname="tests.test_iteration27_websocket_verification.TestRealTimeMarketService" name="test_realtime_market_service_module_exists" time="0.087" /><testcase classname="tests.test_iteration27_websocket_verification.TestRealTimeMarketService" name="test_realtime_service_has_required_methods" time="0.000" /><testcase classname="tests.test_iteration27_websocket_verification.TestRealTimeMarketService" name="test_get_markets_returns_price_source" time="0.000" /><testcase classname="tests.test_iteration27_websocket_verification.TestRealTimeMarketService" name="test_get_stats_returns_websocket_info" time="0.000" /><testcase classname="tests.test_iteration27_websocket_verification.TestPaperTraderWebSocketIntegration" name="test_paper_trader_has_websocket_attributes" time="3.459"><failure message="TypeError: 'NoneType' object is not subscriptable">tests/test_iteration27_websocket_verification.py:380: in test_paper_trader_has_websocket_attributes
    trader = PaperTrader()
             ^^^^^^^^^^^^^
paper_trading/paper_trader.py:83: in __init__
    self.db = get_db()
              ^^^^^^^^
database.py:30: in get_db
    return db_instance.client[config.DB_NAME]
           ^^^^^^^^^^^^^^^^^^^^^^^^^^^^^^^^^^
E   TypeError: 'NoneType' object is not subscriptable</failure></testcase><testcase classname="tests.test_iteration27_websocket_verification.TestPaperTraderWebSocketIntegration" name="test_paper_trader_start_method_has_websocket_init" time="0.001" /><testcase classname="tests.test_iteration27_websocket_verification.TestPaperTraderWebSocketIntegration" name="test_paper_trader_get_active_markets_uses_websocket" time="0.001" /><testcase classname="tests.test_iteration27_websocket_verification.TestPaperTraderWebSocketIntegration" name="test_paper_trader_stop_method_stops_websocket" time="0.001" /><testcase classname="tests.test_iteration27_websocket_verification.TestWebSocketSubscriptionFormat" name="test_subscription_format_is_correct" time="0.001" /><testcase classname="tests.test_iteration27_websocket_verification.TestWebSocketSubscriptionFormat" name="test_batch_subscription_format" time="0.001" /><testcase classname="tests.test_iteration27_websocket_verification.TestWebSocketConnectionAPI" name="test_paper_status_shows_websocket_info" time="0.076" /><testcase classname="tests.test_iteration27_websocket_verification.TestWebSocketConnectionAPI" name="test_status_endpoint_shows_websocket_stats" time="0.033" /><testcase classname="tests.test_iteration27_websocket_verification.TestWebSocketLiveConnection" name="test_websocket_can_connect" time="0.397" /><testcase classname="tests.test_iteration27_websocket_verification.TestWebSocketLiveConnection" name="test_websocket_subscription_and_receive" time="10.744" /><testcase classname="tests.test_iteration27_websocket_verification.TestWebSocketFallbackBehavior" name="test_paper_trader_fallback_logic_exists" time="0.001" /><testcase classname="tests.test_iteration27_websocket_verification.TestWebSocketFallbackBehavior" name="test_paper_trader_handles_websocket_failure" time="0.001" /><testcase classname="tests.test_iteration27_websocket_verification.TestWebSocketStatsAPI" name="test_realtime_stats_endpoint" time="0.168" /></testsuite></testsuites>