<?xml version="1.0" encoding="utf-8"?><testsuites name="pytest tests"><testsuite name="pytest" errors="0" failures="0" skipped="0" tests="15" time="1.047" timestamp="2026-01-13T10:16:44.041057+00:00" hostname="agent-env-d3d0e161-3efe-4e64-abde-c6e71c7da0c2"><testcase classname="tests.test_rl_engine_api.TestRLEngineStats" name="test_rl_stats_endpoint" time="0.096" /><testcase classname="tests.test_rl_engine_api.TestRLEngineStats" name="test_rl_stats_epsilon_in_valid_range" time="0.041" /><testcase classname="tests.test_rl_engine_api.TestRLEngineStats" name="test_rl_stats_q_table_dimensions" time="0.035" /><testcase classname="tests.test_rl_engine_api.TestRLEngineTrain" name="test_rl_train_endpoint" time="0.036" /><testcase classname="tests.test_rl_engine_api.TestRLEngineTrain" name="test_rl_train_returns_updated_stats" time="0.037" /><testcase classname="tests.test_rl_engine_api.TestRLEngineSaveLoad" name="test_rl_save_endpoint" time="0.037" /><testcase classname="tests.test_rl_engine_api.TestRLEngineSaveLoad" name="test_rl_load_endpoint" time="0.040" /><testcase classname="tests.test_rl_engine_api.TestRLEngineSaveLoad" name="test_rl_save_load_preserves_state" time="0.114" /><testcase classname="tests.test_rl_engine_api.TestRLEngineIntegration" name="test_rl_stats_after_train" time="0.110" /><testcase classname="tests.test_rl_engine_api.TestRLEngineIntegration" name="test_rl_full_workflow" time="0.183" /><testcase classname="tests.test_rl_engine_api.TestExistingEndpointsStillWork" name="test_status_endpoint" time="0.077" /><testcase classname="tests.test_rl_engine_api.TestExistingEndpointsStillWork" name="test_trades_stats_endpoint" time="0.036" /><testcase classname="tests.test_rl_engine_api.TestExistingEndpointsStillWork" name="test_analytics_endpoint" time="0.038" /><testcase classname="tests.test_rl_engine_api.TestExistingEndpointsStillWork" name="test_historical_stats_endpoint" time="0.054" /><testcase classname="tests.test_rl_engine_api.TestExistingEndpointsStillWork" name="test_performance_endpoint" time="0.036" /></testsuite></testsuites>