<?xml version="1.0" encoding="utf-8"?><testsuites name="pytest tests"><testsuite name="pytest" errors="0" failures="0" skipped="0" tests="27" time="1.505" timestamp="2026-01-14T15:28:41.856162+00:00" hostname="agent-env-e48f8157-08e4-4d3b-a265-941fa9bb3d1d"><testcase classname="tests.test_new_features_iteration6.TestRLDetailedStats" name="test_detailed_stats_endpoint_returns_200" time="0.087" /><testcase classname="tests.test_new_features_iteration6.TestRLDetailedStats" name="test_detailed_stats_has_rl_stats" time="0.044" /><testcase classname="tests.test_new_features_iteration6.TestRLDetailedStats" name="test_detailed_stats_has_model_status" time="0.041" /><testcase classname="tests.test_new_features_iteration6.TestRLDetailedStats" name="test_detailed_stats_has_action_distribution" time="0.039" /><testcase classname="tests.test_new_features_iteration6.TestRLDetailedStats" name="test_detailed_stats_has_q_table_analysis" time="0.038" /><testcase classname="tests.test_new_features_iteration6.TestRLDetailedStats" name="test_detailed_stats_has_learning_params" time="0.036" /><testcase classname="tests.test_new_features_iteration6.TestRLDetailedStats" name="test_detailed_stats_has_reward_metrics" time="0.047" /><testcase classname="tests.test_new_features_iteration6.TestRLLearnFromBacktest" name="test_learn_from_backtest_with_valid_id" time="0.083" /><testcase classname="tests.test_new_features_iteration6.TestRLLearnFromBacktest" name="test_learn_from_backtest_returns_stats" time="0.079" /><testcase classname="tests.test_new_features_iteration6.TestRLLearnFromBacktest" name="test_learn_from_backtest_invalid_id" time="0.037" /><testcase classname="tests.test_new_features_iteration6.TestAlertsConfig" name="test_alerts_config_returns_200" time="0.035" /><testcase classname="tests.test_new_features_iteration6.TestAlertsConfig" name="test_alerts_config_has_enabled_field" time="0.039" /><testcase classname="tests.test_new_features_iteration6.TestAlertsConfig" name="test_alerts_config_has_thresholds" time="0.038" /><testcase classname="tests.test_new_features_iteration6.TestAlertsConfig" name="test_alerts_config_has_cooldowns" time="0.080" /><testcase classname="tests.test_new_features_iteration6.TestAlertsConfig" name="test_alerts_config_sender_email" time="0.036" /><testcase classname="tests.test_new_features_iteration6.TestAlertsHistory" name="test_alerts_history_returns_200" time="0.036" /><testcase classname="tests.test_new_features_iteration6.TestAlertsHistory" name="test_alerts_history_returns_list" time="0.041" /><testcase classname="tests.test_new_features_iteration6.TestAlertsHistory" name="test_alerts_history_with_limit" time="0.085" /><testcase classname="tests.test_new_features_iteration6.TestBacktestDataSource" name="test_backtest_start_with_auto_data_source" time="0.080" /><testcase classname="tests.test_new_features_iteration6.TestBacktestDataSource" name="test_backtest_results_include_data_source_mode" time="0.038" /><testcase classname="tests.test_new_features_iteration6.TestBacktestDataSource" name="test_backtest_history_includes_data_source_mode" time="0.066" /><testcase classname="tests.test_new_features_iteration6.TestBacktestDataSourceOptions" name="test_data_source_options_in_results" time="0.038" /><testcase classname="tests.test_new_features_iteration6.TestExistingEndpointsStillWork" name="test_health_endpoint" time="0.067" /><testcase classname="tests.test_new_features_iteration6.TestExistingEndpointsStillWork" name="test_status_endpoint" time="0.037" /><testcase classname="tests.test_new_features_iteration6.TestExistingEndpointsStillWork" name="test_rl_stats_endpoint" time="0.061" /><testcase classname="tests.test_new_features_iteration6.TestExistingEndpointsStillWork" name="test_backtest_history_endpoint" time="0.048" /><testcase classname="tests.test_new_features_iteration6.TestExistingEndpointsStillWork" name="test_backtest_results_endpoint" time="0.061" /></testsuite></testsuites>